[2019-01-23 18:59:02] log_channel.WARNING: E_WARNING: extract() expects parameter 1 to be array, null given {"code":2,"message":"extract() expects parameter 1 to be array, null given","file":"/home/NIX/phpstudent/www/headbang.com/Framework/Controller.php","line":14} []
[2019-01-23 19:08:23] log_channel.ERROR: Uncaught Exception Error: "Call to a member function createOrder() on null" at /home/NIX/phpstudent/www/headbang.com/App/DataMappers/CartMapper.php line 47 {"exception":"[object] (Error(code: 0): Call to a member function createOrder() on null at /home/NIX/phpstudent/www/headbang.com/App/DataMappers/CartMapper.php:47)"} []
[2019-01-23 19:08:23] log_channel.ERROR: Uncaught Exception Error: "Call to a member function createOrder() on null" at /home/NIX/phpstudent/www/headbang.com/App/DataMappers/CartMapper.php line 47 {"exception":"[object] (Error(code: 0): Call to a member function createOrder() on null at /home/NIX/phpstudent/www/headbang.com/App/DataMappers/CartMapper.php:47)"} []
[2019-01-23 19:08:23] log_channel.ERROR: Uncaught Exception Error: "Call to a member function createOrder() on null" at /home/NIX/phpstudent/www/headbang.com/App/DataMappers/CartMapper.php line 47 {"exception":"[object] (Error(code: 0): Call to a member function createOrder() on null at /home/NIX/phpstudent/www/headbang.com/App/DataMappers/CartMapper.php:47)"} []
[2019-01-23 19:08:23] log_channel.ERROR: Uncaught Exception Error: "Call to a member function createOrder() on null" at /home/NIX/phpstudent/www/headbang.com/App/DataMappers/CartMapper.php line 47 {"exception":"[object] (Error(code: 0): Call to a member function createOrder() on null at /home/NIX/phpstudent/www/headbang.com/App/DataMappers/CartMapper.php:47)"} []
[2019-01-23 19:08:23] log_channel.ERROR: Uncaught Exception Error: "Call to a member function createOrder() on null" at /home/NIX/phpstudent/www/headbang.com/App/DataMappers/CartMapper.php line 47 {"exception":"[object] (Error(code: 0): Call to a member function createOrder() on null at /home/NIX/phpstudent/www/headbang.com/App/DataMappers/CartMapper.php:47)"} []
[2019-01-23 19:08:23] log_channel.ERROR: Uncaught Exception Error: "Call to a member function createOrder() on null" at /home/NIX/phpstudent/www/headbang.com/App/DataMappers/CartMapper.php line 47 {"exception":"[object] (Error(code: 0): Call to a member function createOrder() on null at /home/NIX/phpstudent/www/headbang.com/App/DataMappers/CartMapper.php:47)"} []
[2019-01-23 19:08:24] log_channel.ERROR: Uncaught Exception Error: "Call to a member function createOrder() on null" at /home/NIX/phpstudent/www/headbang.com/App/DataMappers/CartMapper.php line 47 {"exception":"[object] (Error(code: 0): Call to a member function createOrder() on null at /home/NIX/phpstudent/www/headbang.com/App/DataMappers/CartMapper.php:47)"} []
[2019-01-23 19:08:24] log_channel.ERROR: Uncaught Exception Error: "Call to a member function createOrder() on null" at /home/NIX/phpstudent/www/headbang.com/App/DataMappers/CartMapper.php line 47 {"exception":"[object] (Error(code: 0): Call to a member function createOrder() on null at /home/NIX/phpstudent/www/headbang.com/App/DataMappers/CartMapper.php:47)"} []
[2019-01-23 19:08:24] log_channel.ERROR: Uncaught Exception Error: "Call to a member function createOrder() on null" at /home/NIX/phpstudent/www/headbang.com/App/DataMappers/CartMapper.php line 47 {"exception":"[object] (Error(code: 0): Call to a member function createOrder() on null at /home/NIX/phpstudent/www/headbang.com/App/DataMappers/CartMapper.php:47)"} []
[2019-01-23 19:08:24] log_channel.ERROR: Uncaught Exception Error: "Call to a member function createOrder() on null" at /home/NIX/phpstudent/www/headbang.com/App/DataMappers/CartMapper.php line 47 {"exception":"[object] (Error(code: 0): Call to a member function createOrder() on null at /home/NIX/phpstudent/www/headbang.com/App/DataMappers/CartMapper.php:47)"} []
[2019-01-23 19:08:24] log_channel.ERROR: Uncaught Exception Error: "Call to a member function createOrder() on null" at /home/NIX/phpstudent/www/headbang.com/App/DataMappers/CartMapper.php line 47 {"exception":"[object] (Error(code: 0): Call to a member function createOrder() on null at /home/NIX/phpstudent/www/headbang.com/App/DataMappers/CartMapper.php:47)"} []
[2019-01-23 19:08:24] log_channel.ERROR: Uncaught Exception Error: "Call to a member function createOrder() on null" at /home/NIX/phpstudent/www/headbang.com/App/DataMappers/CartMapper.php line 47 {"exception":"[object] (Error(code: 0): Call to a member function createOrder() on null at /home/NIX/phpstudent/www/headbang.com/App/DataMappers/CartMapper.php:47)"} []
[2019-01-23 19:10:27] log_channel.ERROR: Uncaught Exception TypeError: "Argument 1 passed to Mappers\OrderMapper::createOrder() must be an instance of Models\Order, null given, called in /home/NIX/phpstudent/www/headbang.com/App/models/Order.php on line 72" at /home/NIX/phpstudent/www/headbang.com/App/DataMappers/OrderMapper.php line 28 {"exception":"[object] (TypeError(code: 0): Argument 1 passed to Mappers\\OrderMapper::createOrder() must be an instance of Models\\Order, null given, called in /home/NIX/phpstudent/www/headbang.com/App/models/Order.php on line 72 at /home/NIX/phpstudent/www/headbang.com/App/DataMappers/OrderMapper.php:28)"} []
[2019-01-23 19:10:27] log_channel.ERROR: Uncaught Exception TypeError: "Argument 1 passed to Mappers\OrderMapper::createOrder() must be an instance of Models\Order, null given, called in /home/NIX/phpstudent/www/headbang.com/App/models/Order.php on line 72" at /home/NIX/phpstudent/www/headbang.com/App/DataMappers/OrderMapper.php line 28 {"exception":"[object] (TypeError(code: 0): Argument 1 passed to Mappers\\OrderMapper::createOrder() must be an instance of Models\\Order, null given, called in /home/NIX/phpstudent/www/headbang.com/App/models/Order.php on line 72 at /home/NIX/phpstudent/www/headbang.com/App/DataMappers/OrderMapper.php:28)"} []
[2019-01-23 19:10:27] log_channel.ERROR: Uncaught Exception TypeError: "Argument 1 passed to Mappers\OrderMapper::createOrder() must be an instance of Models\Order, null given, called in /home/NIX/phpstudent/www/headbang.com/App/models/Order.php on line 72" at /home/NIX/phpstudent/www/headbang.com/App/DataMappers/OrderMapper.php line 28 {"exception":"[object] (TypeError(code: 0): Argument 1 passed to Mappers\\OrderMapper::createOrder() must be an instance of Models\\Order, null given, called in /home/NIX/phpstudent/www/headbang.com/App/models/Order.php on line 72 at /home/NIX/phpstudent/www/headbang.com/App/DataMappers/OrderMapper.php:28)"} []
[2019-01-23 19:10:27] log_channel.ERROR: Uncaught Exception TypeError: "Argument 1 passed to Mappers\OrderMapper::createOrder() must be an instance of Models\Order, null given, called in /home/NIX/phpstudent/www/headbang.com/App/models/Order.php on line 72" at /home/NIX/phpstudent/www/headbang.com/App/DataMappers/OrderMapper.php line 28 {"exception":"[object] (TypeError(code: 0): Argument 1 passed to Mappers\\OrderMapper::createOrder() must be an instance of Models\\Order, null given, called in /home/NIX/phpstudent/www/headbang.com/App/models/Order.php on line 72 at /home/NIX/phpstudent/www/headbang.com/App/DataMappers/OrderMapper.php:28)"} []
[2019-01-23 19:10:27] log_channel.ERROR: Uncaught Exception TypeError: "Argument 1 passed to Mappers\OrderMapper::createOrder() must be an instance of Models\Order, null given, called in /home/NIX/phpstudent/www/headbang.com/App/models/Order.php on line 72" at /home/NIX/phpstudent/www/headbang.com/App/DataMappers/OrderMapper.php line 28 {"exception":"[object] (TypeError(code: 0): Argument 1 passed to Mappers\\OrderMapper::createOrder() must be an instance of Models\\Order, null given, called in /home/NIX/phpstudent/www/headbang.com/App/models/Order.php on line 72 at /home/NIX/phpstudent/www/headbang.com/App/DataMappers/OrderMapper.php:28)"} []
[2019-01-23 19:10:27] log_channel.ERROR: Uncaught Exception TypeError: "Argument 1 passed to Mappers\OrderMapper::createOrder() must be an instance of Models\Order, null given, called in /home/NIX/phpstudent/www/headbang.com/App/models/Order.php on line 72" at /home/NIX/phpstudent/www/headbang.com/App/DataMappers/OrderMapper.php line 28 {"exception":"[object] (TypeError(code: 0): Argument 1 passed to Mappers\\OrderMapper::createOrder() must be an instance of Models\\Order, null given, called in /home/NIX/phpstudent/www/headbang.com/App/models/Order.php on line 72 at /home/NIX/phpstudent/www/headbang.com/App/DataMappers/OrderMapper.php:28)"} []
[2019-01-23 19:10:27] log_channel.ERROR: Uncaught Exception TypeError: "Argument 1 passed to Mappers\OrderMapper::createOrder() must be an instance of Models\Order, null given, called in /home/NIX/phpstudent/www/headbang.com/App/models/Order.php on line 72" at /home/NIX/phpstudent/www/headbang.com/App/DataMappers/OrderMapper.php line 28 {"exception":"[object] (TypeError(code: 0): Argument 1 passed to Mappers\\OrderMapper::createOrder() must be an instance of Models\\Order, null given, called in /home/NIX/phpstudent/www/headbang.com/App/models/Order.php on line 72 at /home/NIX/phpstudent/www/headbang.com/App/DataMappers/OrderMapper.php:28)"} []
[2019-01-23 19:10:27] log_channel.ERROR: Uncaught Exception TypeError: "Argument 1 passed to Mappers\OrderMapper::createOrder() must be an instance of Models\Order, null given, called in /home/NIX/phpstudent/www/headbang.com/App/models/Order.php on line 72" at /home/NIX/phpstudent/www/headbang.com/App/DataMappers/OrderMapper.php line 28 {"exception":"[object] (TypeError(code: 0): Argument 1 passed to Mappers\\OrderMapper::createOrder() must be an instance of Models\\Order, null given, called in /home/NIX/phpstudent/www/headbang.com/App/models/Order.php on line 72 at /home/NIX/phpstudent/www/headbang.com/App/DataMappers/OrderMapper.php:28)"} []
[2019-01-23 19:10:28] log_channel.ERROR: Uncaught Exception TypeError: "Argument 1 passed to Mappers\OrderMapper::createOrder() must be an instance of Models\Order, null given, called in /home/NIX/phpstudent/www/headbang.com/App/models/Order.php on line 72" at /home/NIX/phpstudent/www/headbang.com/App/DataMappers/OrderMapper.php line 28 {"exception":"[object] (TypeError(code: 0): Argument 1 passed to Mappers\\OrderMapper::createOrder() must be an instance of Models\\Order, null given, called in /home/NIX/phpstudent/www/headbang.com/App/models/Order.php on line 72 at /home/NIX/phpstudent/www/headbang.com/App/DataMappers/OrderMapper.php:28)"} []
[2019-01-23 19:10:28] log_channel.ERROR: Uncaught Exception TypeError: "Argument 1 passed to Mappers\OrderMapper::createOrder() must be an instance of Models\Order, null given, called in /home/NIX/phpstudent/www/headbang.com/App/models/Order.php on line 72" at /home/NIX/phpstudent/www/headbang.com/App/DataMappers/OrderMapper.php line 28 {"exception":"[object] (TypeError(code: 0): Argument 1 passed to Mappers\\OrderMapper::createOrder() must be an instance of Models\\Order, null given, called in /home/NIX/phpstudent/www/headbang.com/App/models/Order.php on line 72 at /home/NIX/phpstudent/www/headbang.com/App/DataMappers/OrderMapper.php:28)"} []
[2019-01-23 19:10:28] log_channel.ERROR: Uncaught Exception TypeError: "Argument 1 passed to Mappers\OrderMapper::createOrder() must be an instance of Models\Order, null given, called in /home/NIX/phpstudent/www/headbang.com/App/models/Order.php on line 72" at /home/NIX/phpstudent/www/headbang.com/App/DataMappers/OrderMapper.php line 28 {"exception":"[object] (TypeError(code: 0): Argument 1 passed to Mappers\\OrderMapper::createOrder() must be an instance of Models\\Order, null given, called in /home/NIX/phpstudent/www/headbang.com/App/models/Order.php on line 72 at /home/NIX/phpstudent/www/headbang.com/App/DataMappers/OrderMapper.php:28)"} []
[2019-01-23 19:10:28] log_channel.ERROR: Uncaught Exception TypeError: "Argument 1 passed to Mappers\OrderMapper::createOrder() must be an instance of Models\Order, null given, called in /home/NIX/phpstudent/www/headbang.com/App/models/Order.php on line 72" at /home/NIX/phpstudent/www/headbang.com/App/DataMappers/OrderMapper.php line 28 {"exception":"[object] (TypeError(code: 0): Argument 1 passed to Mappers\\OrderMapper::createOrder() must be an instance of Models\\Order, null given, called in /home/NIX/phpstudent/www/headbang.com/App/models/Order.php on line 72 at /home/NIX/phpstudent/www/headbang.com/App/DataMappers/OrderMapper.php:28)"} []
[2019-01-24 14:31:33] log_channel.ERROR: Uncaught Exception PDOException: "SQLSTATE[HY000] [1045] Access denied for user 'bohdanov'@'localhost' (using password: YES)" at C:\OSPanel\domains\nixapp\Framework\Database.php line 31 {"exception":"[object] (PDOException(code: 1045): SQLSTATE[HY000] [1045] Access denied for user 'bohdanov'@'localhost' (using password: YES) at C:\\OSPanel\\domains\\nixapp\\Framework\\Database.php:31)"} []
[2019-01-24 14:31:33] log_channel.ERROR: Uncaught Exception PDOException: "SQLSTATE[HY000] [1045] Access denied for user 'bohdanov'@'localhost' (using password: YES)" at C:\OSPanel\domains\nixapp\Framework\Database.php line 31 {"exception":"[object] (PDOException(code: 1045): SQLSTATE[HY000] [1045] Access denied for user 'bohdanov'@'localhost' (using password: YES) at C:\\OSPanel\\domains\\nixapp\\Framework\\Database.php:31)"} []
[2019-01-24 14:31:34] log_channel.ERROR: Uncaught Exception PDOException: "SQLSTATE[HY000] [1045] Access denied for user 'bohdanov'@'localhost' (using password: YES)" at C:\OSPanel\domains\nixapp\Framework\Database.php line 31 {"exception":"[object] (PDOException(code: 1045): SQLSTATE[HY000] [1045] Access denied for user 'bohdanov'@'localhost' (using password: YES) at C:\\OSPanel\\domains\\nixapp\\Framework\\Database.php:31)"} []
[2019-01-24 14:31:34] log_channel.ERROR: Uncaught Exception PDOException: "SQLSTATE[HY000] [1045] Access denied for user 'bohdanov'@'localhost' (using password: YES)" at C:\OSPanel\domains\nixapp\Framework\Database.php line 31 {"exception":"[object] (PDOException(code: 1045): SQLSTATE[HY000] [1045] Access denied for user 'bohdanov'@'localhost' (using password: YES) at C:\\OSPanel\\domains\\nixapp\\Framework\\Database.php:31)"} []
[2019-01-24 14:31:53] log_channel.WARNING: E_WARNING: extract() expects parameter 1 to be array, null given {"code":2,"message":"extract() expects parameter 1 to be array, null given","file":"C:\\OSPanel\\domains\\nixapp\\Framework\\Controller.php","line":14} []
[2019-01-24 14:32:10] log_channel.WARNING: E_WARNING: extract() expects parameter 1 to be array, null given {"code":2,"message":"extract() expects parameter 1 to be array, null given","file":"C:\\OSPanel\\domains\\nixapp\\Framework\\Controller.php","line":14} []
[2019-01-24 14:32:19] log_channel.WARNING: E_WARNING: extract() expects parameter 1 to be array, null given {"code":2,"message":"extract() expects parameter 1 to be array, null given","file":"C:\\OSPanel\\domains\\nixapp\\Framework\\Controller.php","line":14} []
[2019-01-24 14:33:14] log_channel.WARNING: E_WARNING: extract() expects parameter 1 to be array, null given {"code":2,"message":"extract() expects parameter 1 to be array, null given","file":"C:\\OSPanel\\domains\\nixapp\\Framework\\Controller.php","line":14} []
[2019-01-24 14:38:56] log_channel.WARNING: E_WARNING: extract() expects parameter 1 to be array, null given {"code":2,"message":"extract() expects parameter 1 to be array, null given","file":"C:\\OSPanel\\domains\\nixapp\\Framework\\Controller.php","line":14} []
[2019-01-24 16:39:13] log_channel.ERROR: E_RECOVERABLE_ERROR: Object of class Models\Cart could not be converted to string {"code":4096,"message":"Object of class Models\\Cart could not be converted to string","file":"C:\\OSPanel\\domains\\nixapp\\App\\DataMappers\\CartMapper.php","line":52} []
[2019-01-24 16:39:13] log_channel.ERROR: E_RECOVERABLE_ERROR: Object of class Models\Cart could not be converted to string {"code":4096,"message":"Object of class Models\\Cart could not be converted to string","file":"C:\\OSPanel\\domains\\nixapp\\App\\DataMappers\\CartMapper.php","line":59} []
[2019-01-24 16:39:13] log_channel.ERROR: E_RECOVERABLE_ERROR: Object of class Models\Cart could not be converted to string {"code":4096,"message":"Object of class Models\\Cart could not be converted to string","file":"C:\\OSPanel\\domains\\nixapp\\App\\DataMappers\\CartMapper.php","line":52} []
[2019-01-24 16:39:13] log_channel.ERROR: E_RECOVERABLE_ERROR: Object of class Models\Cart could not be converted to string {"code":4096,"message":"Object of class Models\\Cart could not be converted to string","file":"C:\\OSPanel\\domains\\nixapp\\App\\DataMappers\\CartMapper.php","line":59} []
[2019-01-24 16:39:34] log_channel.ERROR: E_RECOVERABLE_ERROR: Object of class Models\Cart could not be converted to string {"code":4096,"message":"Object of class Models\\Cart could not be converted to string","file":"C:\\OSPanel\\domains\\nixapp\\App\\DataMappers\\CartMapper.php","line":52} []
[2019-01-24 16:39:34] log_channel.ERROR: E_RECOVERABLE_ERROR: Object of class Models\Cart could not be converted to string {"code":4096,"message":"Object of class Models\\Cart could not be converted to string","file":"C:\\OSPanel\\domains\\nixapp\\App\\DataMappers\\CartMapper.php","line":59} []
[2019-01-24 16:39:35] log_channel.ERROR: E_RECOVERABLE_ERROR: Object of class Models\Cart could not be converted to string {"code":4096,"message":"Object of class Models\\Cart could not be converted to string","file":"C:\\OSPanel\\domains\\nixapp\\App\\DataMappers\\CartMapper.php","line":52} []
[2019-01-24 16:39:35] log_channel.ERROR: E_RECOVERABLE_ERROR: Object of class Models\Cart could not be converted to string {"code":4096,"message":"Object of class Models\\Cart could not be converted to string","file":"C:\\OSPanel\\domains\\nixapp\\App\\DataMappers\\CartMapper.php","line":59} []
[2019-01-24 16:39:35] log_channel.ERROR: E_RECOVERABLE_ERROR: Object of class Models\Cart could not be converted to string {"code":4096,"message":"Object of class Models\\Cart could not be converted to string","file":"C:\\OSPanel\\domains\\nixapp\\App\\DataMappers\\CartMapper.php","line":52} []
[2019-01-24 16:39:35] log_channel.ERROR: E_RECOVERABLE_ERROR: Object of class Models\Cart could not be converted to string {"code":4096,"message":"Object of class Models\\Cart could not be converted to string","file":"C:\\OSPanel\\domains\\nixapp\\App\\DataMappers\\CartMapper.php","line":59} []
[2019-01-24 16:39:35] log_channel.ERROR: E_RECOVERABLE_ERROR: Object of class Models\Cart could not be converted to string {"code":4096,"message":"Object of class Models\\Cart could not be converted to string","file":"C:\\OSPanel\\domains\\nixapp\\App\\DataMappers\\CartMapper.php","line":52} []
[2019-01-24 16:39:35] log_channel.ERROR: E_RECOVERABLE_ERROR: Object of class Models\Cart could not be converted to string {"code":4096,"message":"Object of class Models\\Cart could not be converted to string","file":"C:\\OSPanel\\domains\\nixapp\\App\\DataMappers\\CartMapper.php","line":59} []
[2019-01-24 16:43:43] log_channel.ERROR: E_RECOVERABLE_ERROR: Object of class Models\Cart could not be converted to string {"code":4096,"message":"Object of class Models\\Cart could not be converted to string","file":"C:\\OSPanel\\domains\\nixapp\\App\\DataMappers\\CartMapper.php","line":85} []
[2019-01-24 18:08:16] log_channel.ERROR: E_RECOVERABLE_ERROR: Object of class Models\Product could not be converted to string {"code":4096,"message":"Object of class Models\\Product could not be converted to string","file":"C:\\OSPanel\\domains\\nixapp\\App\\DataMappers\\CartMapper.php","line":85} []
[2019-01-24 18:08:16] log_channel.ERROR: Uncaught Exception Error: "Call to a member function getId() on null" at C:\OSPanel\domains\nixapp\App\DataMappers\CartMapper.php line 85 {"exception":"[object] (Error(code: 0): Call to a member function getId() on null at C:\\OSPanel\\domains\\nixapp\\App\\DataMappers\\CartMapper.php:85)"} []
[2019-01-24 18:08:16] log_channel.ERROR: Uncaught Exception Error: "Call to a member function getId() on null" at C:\OSPanel\domains\nixapp\App\DataMappers\CartMapper.php line 85 {"exception":"[object] (Error(code: 0): Call to a member function getId() on null at C:\\OSPanel\\domains\\nixapp\\App\\DataMappers\\CartMapper.php:85)"} []
[2019-01-24 18:08:17] log_channel.ERROR: E_RECOVERABLE_ERROR: Object of class Models\Product could not be converted to string {"code":4096,"message":"Object of class Models\\Product could not be converted to string","file":"C:\\OSPanel\\domains\\nixapp\\App\\DataMappers\\CartMapper.php","line":85} []
[2019-01-24 18:08:17] log_channel.ERROR: Uncaught Exception Error: "Call to a member function getId() on null" at C:\OSPanel\domains\nixapp\App\DataMappers\CartMapper.php line 85 {"exception":"[object] (Error(code: 0): Call to a member function getId() on null at C:\\OSPanel\\domains\\nixapp\\App\\DataMappers\\CartMapper.php:85)"} []
[2019-01-24 18:08:17] log_channel.ERROR: Uncaught Exception Error: "Call to a member function getId() on null" at C:\OSPanel\domains\nixapp\App\DataMappers\CartMapper.php line 85 {"exception":"[object] (Error(code: 0): Call to a member function getId() on null at C:\\OSPanel\\domains\\nixapp\\App\\DataMappers\\CartMapper.php:85)"} []
[2019-01-24 18:08:17] log_channel.ERROR: E_RECOVERABLE_ERROR: Object of class Models\Product could not be converted to string {"code":4096,"message":"Object of class Models\\Product could not be converted to string","file":"C:\\OSPanel\\domains\\nixapp\\App\\DataMappers\\CartMapper.php","line":85} []
[2019-01-24 18:08:17] log_channel.ERROR: Uncaught Exception Error: "Call to a member function getId() on null" at C:\OSPanel\domains\nixapp\App\DataMappers\CartMapper.php line 85 {"exception":"[object] (Error(code: 0): Call to a member function getId() on null at C:\\OSPanel\\domains\\nixapp\\App\\DataMappers\\CartMapper.php:85)"} []
[2019-01-24 18:08:17] log_channel.ERROR: Uncaught Exception Error: "Call to a member function getId() on null" at C:\OSPanel\domains\nixapp\App\DataMappers\CartMapper.php line 85 {"exception":"[object] (Error(code: 0): Call to a member function getId() on null at C:\\OSPanel\\domains\\nixapp\\App\\DataMappers\\CartMapper.php:85)"} []
[2019-01-24 18:14:49] log_channel.ERROR: E_RECOVERABLE_ERROR: Object of class Models\Product could not be converted to string {"code":4096,"message":"Object of class Models\\Product could not be converted to string","file":"C:\\OSPanel\\domains\\nixapp\\App\\DataMappers\\CartMapper.php","line":93} []
[2019-01-24 18:14:49] log_channel.ERROR: Uncaught Exception Error: "Call to a member function getId() on null" at C:\OSPanel\domains\nixapp\App\DataMappers\CartMapper.php line 93 {"exception":"[object] (Error(code: 0): Call to a member function getId() on null at C:\\OSPanel\\domains\\nixapp\\App\\DataMappers\\CartMapper.php:93)"} []
[2019-01-24 18:14:49] log_channel.ERROR: Uncaught Exception Error: "Call to a member function getId() on null" at C:\OSPanel\domains\nixapp\App\DataMappers\CartMapper.php line 93 {"exception":"[object] (Error(code: 0): Call to a member function getId() on null at C:\\OSPanel\\domains\\nixapp\\App\\DataMappers\\CartMapper.php:93)"} []
[2019-01-24 18:14:50] log_channel.ERROR: E_RECOVERABLE_ERROR: Object of class Models\Product could not be converted to string {"code":4096,"message":"Object of class Models\\Product could not be converted to string","file":"C:\\OSPanel\\domains\\nixapp\\App\\DataMappers\\CartMapper.php","line":93} []
[2019-01-24 18:14:50] log_channel.ERROR: Uncaught Exception Error: "Call to a member function getId() on null" at C:\OSPanel\domains\nixapp\App\DataMappers\CartMapper.php line 93 {"exception":"[object] (Error(code: 0): Call to a member function getId() on null at C:\\OSPanel\\domains\\nixapp\\App\\DataMappers\\CartMapper.php:93)"} []
[2019-01-24 18:14:50] log_channel.ERROR: Uncaught Exception Error: "Call to a member function getId() on null" at C:\OSPanel\domains\nixapp\App\DataMappers\CartMapper.php line 93 {"exception":"[object] (Error(code: 0): Call to a member function getId() on null at C:\\OSPanel\\domains\\nixapp\\App\\DataMappers\\CartMapper.php:93)"} []
[2019-01-24 20:25:31] log_channel.WARNING: E_WARNING: extract() expects parameter 1 to be array, null given {"code":2,"message":"extract() expects parameter 1 to be array, null given","file":"C:\\OSPanel\\domains\\nixapp\\Framework\\Controller.php","line":14} []
[2019-01-25 14:59:59] log_channel.WARNING: E_WARNING: extract() expects parameter 1 to be array, null given {"code":2,"message":"extract() expects parameter 1 to be array, null given","file":"/home/NIX/phpstudent/www/headbang.com/Framework/Controller.php","line":14} []
[2019-01-25 15:00:08] log_channel.ERROR: Uncaught Exception Error: "Maximum function nesting level of '256' reached, aborting!" at /home/NIX/phpstudent/www/headbang.com/Framework/Database.php line 16 {"exception":"[object] (Error(code: 0): Maximum function nesting level of '256' reached, aborting! at /home/NIX/phpstudent/www/headbang.com/Framework/Database.php:16)"} []
[2019-01-25 15:00:08] log_channel.ERROR: Uncaught Exception Error: "Maximum function nesting level of '256' reached, aborting!" at /home/NIX/phpstudent/www/headbang.com/Framework/Database.php line 16 {"exception":"[object] (Error(code: 0): Maximum function nesting level of '256' reached, aborting! at /home/NIX/phpstudent/www/headbang.com/Framework/Database.php:16)"} []
[2019-01-25 15:00:09] log_channel.ERROR: Uncaught Exception Error: "Maximum function nesting level of '256' reached, aborting!" at /home/NIX/phpstudent/www/headbang.com/Framework/Database.php line 16 {"exception":"[object] (Error(code: 0): Maximum function nesting level of '256' reached, aborting! at /home/NIX/phpstudent/www/headbang.com/Framework/Database.php:16)"} []
[2019-01-25 15:00:09] log_channel.ERROR: Uncaught Exception Error: "Maximum function nesting level of '256' reached, aborting!" at /home/NIX/phpstudent/www/headbang.com/Framework/Database.php line 16 {"exception":"[object] (Error(code: 0): Maximum function nesting level of '256' reached, aborting! at /home/NIX/phpstudent/www/headbang.com/Framework/Database.php:16)"} []
[2019-01-25 16:23:04] log_channel.WARNING: E_WARNING: extract() expects parameter 1 to be array, null given {"code":2,"message":"extract() expects parameter 1 to be array, null given","file":"/home/NIX/phpstudent/www/headbang.com/Framework/Controller.php","line":14} []
[2019-01-25 16:23:18] log_channel.WARNING: E_WARNING: extract() expects parameter 1 to be array, null given {"code":2,"message":"extract() expects parameter 1 to be array, null given","file":"/home/NIX/phpstudent/www/headbang.com/Framework/Controller.php","line":14} []
[2019-01-25 17:06:03] log_channel.WARNING: E_WARNING: extract() expects parameter 1 to be array, null given {"code":2,"message":"extract() expects parameter 1 to be array, null given","file":"/home/NIX/phpstudent/www/headbang.com/Framework/Controller.php","line":14} []
[2019-01-25 17:11:00] log_channel.WARNING: E_WARNING: extract() expects parameter 1 to be array, null given {"code":2,"message":"extract() expects parameter 1 to be array, null given","file":"/home/NIX/phpstudent/www/headbang.com/Framework/Controller.php","line":14} []
[2019-01-25 17:57:03] log_channel.WARNING: E_WARNING: extract() expects parameter 1 to be array, null given {"code":2,"message":"extract() expects parameter 1 to be array, null given","file":"/home/NIX/phpstudent/www/headbang.com/Framework/Controller.php","line":14} []
[2019-01-25 18:04:16] log_channel.WARNING: E_WARNING: PDOStatement::execute(): SQLSTATE[HY093]: Invalid parameter number: number of bound variables does not match number of tokens {"code":2,"message":"PDOStatement::execute(): SQLSTATE[HY093]: Invalid parameter number: number of bound variables does not match number of tokens","file":"/home/NIX/phpstudent/www/headbang.com/App/DataMappers/CommentMapper.php","line":69} []
[2019-01-25 18:05:22] log_channel.WARNING: E_WARNING: PDOStatement::execute(): SQLSTATE[HY093]: Invalid parameter number: number of bound variables does not match number of tokens {"code":2,"message":"PDOStatement::execute(): SQLSTATE[HY093]: Invalid parameter number: number of bound variables does not match number of tokens","file":"/home/NIX/phpstudent/www/headbang.com/App/DataMappers/CommentMapper.php","line":70} []
[2019-01-25 18:06:47] log_channel.WARNING: E_WARNING: PDOStatement::execute(): SQLSTATE[HY093]: Invalid parameter number: number of bound variables does not match number of tokens {"code":2,"message":"PDOStatement::execute(): SQLSTATE[HY093]: Invalid parameter number: number of bound variables does not match number of tokens","file":"/home/NIX/phpstudent/www/headbang.com/App/DataMappers/CommentMapper.php","line":70} []
[2019-01-25 18:07:48] log_channel.WARNING: E_WARNING: PDOStatement::execute(): SQLSTATE[HY093]: Invalid parameter number: number of bound variables does not match number of tokens {"code":2,"message":"PDOStatement::execute(): SQLSTATE[HY093]: Invalid parameter number: number of bound variables does not match number of tokens","file":"/home/NIX/phpstudent/www/headbang.com/App/DataMappers/CommentMapper.php","line":70} []
[2019-01-25 18:08:05] log_channel.WARNING: E_WARNING: PDOStatement::execute(): SQLSTATE[HY093]: Invalid parameter number: number of bound variables does not match number of tokens {"code":2,"message":"PDOStatement::execute(): SQLSTATE[HY093]: Invalid parameter number: number of bound variables does not match number of tokens","file":"/home/NIX/phpstudent/www/headbang.com/App/DataMappers/CommentMapper.php","line":70} []
[2019-01-25 18:08:29] log_channel.WARNING: E_WARNING: PDOStatement::execute(): SQLSTATE[HY093]: Invalid parameter number: number of bound variables does not match number of tokens {"code":2,"message":"PDOStatement::execute(): SQLSTATE[HY093]: Invalid parameter number: number of bound variables does not match number of tokens","file":"/home/NIX/phpstudent/www/headbang.com/App/DataMappers/CommentMapper.php","line":70} []
[2019-01-25 18:09:03] log_channel.WARNING: E_WARNING: PDOStatement::execute(): SQLSTATE[HY093]: Invalid parameter number: number of bound variables does not match number of tokens {"code":2,"message":"PDOStatement::execute(): SQLSTATE[HY093]: Invalid parameter number: number of bound variables does not match number of tokens","file":"/home/NIX/phpstudent/www/headbang.com/App/DataMappers/CommentMapper.php","line":70} []
[2019-01-25 18:09:10] log_channel.WARNING: E_WARNING: PDOStatement::execute(): SQLSTATE[HY093]: Invalid parameter number: number of bound variables does not match number of tokens {"code":2,"message":"PDOStatement::execute(): SQLSTATE[HY093]: Invalid parameter number: number of bound variables does not match number of tokens","file":"/home/NIX/phpstudent/www/headbang.com/App/DataMappers/CommentMapper.php","line":70} []
[2019-01-26 13:00:12] log_channel.ERROR: Uncaught Exception PDOException: "SQLSTATE[HY000] [1045] Access denied for user 'bohdanov'@'localhost' (using password: YES)" at C:\OSPanel\domains\nixapp\Framework\Database.php line 31 {"exception":"[object] (PDOException(code: 1045): SQLSTATE[HY000] [1045] Access denied for user 'bohdanov'@'localhost' (using password: YES) at C:\\OSPanel\\domains\\nixapp\\Framework\\Database.php:31)"} []
[2019-01-26 13:00:12] log_channel.ERROR: Uncaught Exception PDOException: "SQLSTATE[HY000] [1045] Access denied for user 'bohdanov'@'localhost' (using password: YES)" at C:\OSPanel\domains\nixapp\Framework\Database.php line 31 {"exception":"[object] (PDOException(code: 1045): SQLSTATE[HY000] [1045] Access denied for user 'bohdanov'@'localhost' (using password: YES) at C:\\OSPanel\\domains\\nixapp\\Framework\\Database.php:31)"} []
[2019-01-26 13:00:12] log_channel.ERROR: Uncaught Exception PDOException: "SQLSTATE[HY000] [1045] Access denied for user 'bohdanov'@'localhost' (using password: YES)" at C:\OSPanel\domains\nixapp\Framework\Database.php line 31 {"exception":"[object] (PDOException(code: 1045): SQLSTATE[HY000] [1045] Access denied for user 'bohdanov'@'localhost' (using password: YES) at C:\\OSPanel\\domains\\nixapp\\Framework\\Database.php:31)"} []
[2019-01-26 13:00:12] log_channel.ERROR: Uncaught Exception PDOException: "SQLSTATE[HY000] [1045] Access denied for user 'bohdanov'@'localhost' (using password: YES)" at C:\OSPanel\domains\nixapp\Framework\Database.php line 31 {"exception":"[object] (PDOException(code: 1045): SQLSTATE[HY000] [1045] Access denied for user 'bohdanov'@'localhost' (using password: YES) at C:\\OSPanel\\domains\\nixapp\\Framework\\Database.php:31)"} []
[2019-01-26 15:22:01] log_channel.WARNING: E_WARNING: extract() expects parameter 1 to be array, null given {"code":2,"message":"extract() expects parameter 1 to be array, null given","file":"C:\\OSPanel\\domains\\nixapp\\Framework\\Controller.php","line":14} []
[2019-01-26 16:08:08] log_channel.WARNING: E_WARNING: PDOStatement::execute(): SQLSTATE[HY093]: Invalid parameter number: parameter was not defined {"code":2,"message":"PDOStatement::execute(): SQLSTATE[HY093]: Invalid parameter number: parameter was not defined","file":"C:\\OSPanel\\domains\\nixapp\\App\\DataMappers\\UsersMapper.php","line":34} []
[2019-01-26 16:08:53] log_channel.WARNING: E_WARNING: PDOStatement::execute(): SQLSTATE[HY093]: Invalid parameter number: parameter was not defined {"code":2,"message":"PDOStatement::execute(): SQLSTATE[HY093]: Invalid parameter number: parameter was not defined","file":"C:\\OSPanel\\domains\\nixapp\\App\\DataMappers\\UsersMapper.php","line":34} []
[2019-01-26 16:09:18] log_channel.WARNING: E_WARNING: PDOStatement::execute(): SQLSTATE[HY093]: Invalid parameter number: parameter was not defined {"code":2,"message":"PDOStatement::execute(): SQLSTATE[HY093]: Invalid parameter number: parameter was not defined","file":"C:\\OSPanel\\domains\\nixapp\\App\\DataMappers\\UsersMapper.php","line":34} []
[2019-01-26 16:09:18] log_channel.ERROR: Uncaught Exception PDOException: "You cannot serialize or unserialize PDO instances" at C:\OSPanel\domains\nixapp\App\DataMappers\CommentMapper.php line 85 {"exception":"[object] (PDOException(code: 0): You cannot serialize or unserialize PDO instances at C:\\OSPanel\\domains\\nixapp\\App\\DataMappers\\CommentMapper.php:85)"} []
[2019-01-26 16:09:18] log_channel.ERROR: Uncaught Exception PDOException: "You cannot serialize or unserialize PDO instances" at C:\OSPanel\domains\nixapp\App\DataMappers\CommentMapper.php line 85 {"exception":"[object] (PDOException(code: 0): You cannot serialize or unserialize PDO instances at C:\\OSPanel\\domains\\nixapp\\App\\DataMappers\\CommentMapper.php:85)"} []
[2019-01-26 16:09:31] log_channel.WARNING: E_WARNING: PDOStatement::execute(): SQLSTATE[HY093]: Invalid parameter number: parameter was not defined {"code":2,"message":"PDOStatement::execute(): SQLSTATE[HY093]: Invalid parameter number: parameter was not defined","file":"C:\\OSPanel\\domains\\nixapp\\App\\DataMappers\\UsersMapper.php","line":34} []
[2019-01-26 16:09:59] log_channel.WARNING: E_WARNING: PDOStatement::execute(): SQLSTATE[HY093]: Invalid parameter number: parameter was not defined {"code":2,"message":"PDOStatement::execute(): SQLSTATE[HY093]: Invalid parameter number: parameter was not defined","file":"C:\\OSPanel\\domains\\nixapp\\App\\DataMappers\\UsersMapper.php","line":34} []
[2019-01-26 16:27:18] log_channel.ERROR: Uncaught Exception Error: "Call to undefined function Mappers\getUserById()" at C:\OSPanel\domains\nixapp\App\DataMappers\CommentMapper.php line 67 {"exception":"[object] (Error(code: 0): Call to undefined function Mappers\\getUserById() at C:\\OSPanel\\domains\\nixapp\\App\\DataMappers\\CommentMapper.php:67)"} []
[2019-01-26 16:27:18] log_channel.ERROR: Uncaught Exception Error: "Call to undefined function Mappers\getUserById()" at C:\OSPanel\domains\nixapp\App\DataMappers\CommentMapper.php line 67 {"exception":"[object] (Error(code: 0): Call to undefined function Mappers\\getUserById() at C:\\OSPanel\\domains\\nixapp\\App\\DataMappers\\CommentMapper.php:67)"} []
[2019-01-27 00:25:21] log_channel.ERROR: Uncaught Exception Error: "Call to a member function getValue() on array" at C:\OSPanel\domains\nixapp\App\views\product.php line 24 {"exception":"[object] (Error(code: 0): Call to a member function getValue() on array at C:\\OSPanel\\domains\\nixapp\\App\\views\\product.php:24)"} []
[2019-01-27 00:25:21] log_channel.ERROR: Uncaught Exception Error: "Call to a member function getValue() on array" at C:\OSPanel\domains\nixapp\App\views\product.php line 24 {"exception":"[object] (Error(code: 0): Call to a member function getValue() on array at C:\\OSPanel\\domains\\nixapp\\App\\views\\product.php:24)"} []
[2019-01-27 00:25:49] log_channel.ERROR: Uncaught Exception Error: "Call to a member function getValue() on null" at C:\OSPanel\domains\nixapp\App\views\product.php line 24 {"exception":"[object] (Error(code: 0): Call to a member function getValue() on null at C:\\OSPanel\\domains\\nixapp\\App\\views\\product.php:24)"} []
[2019-01-27 00:25:49] log_channel.ERROR: Uncaught Exception Error: "Call to a member function getValue() on null" at C:\OSPanel\domains\nixapp\App\views\product.php line 24 {"exception":"[object] (Error(code: 0): Call to a member function getValue() on null at C:\\OSPanel\\domains\\nixapp\\App\\views\\product.php:24)"} []
[2019-01-27 00:25:50] log_channel.ERROR: Uncaught Exception Error: "Call to a member function getValue() on null" at C:\OSPanel\domains\nixapp\App\views\product.php line 24 {"exception":"[object] (Error(code: 0): Call to a member function getValue() on null at C:\\OSPanel\\domains\\nixapp\\App\\views\\product.php:24)"} []
[2019-01-27 00:25:50] log_channel.ERROR: Uncaught Exception Error: "Call to a member function getValue() on null" at C:\OSPanel\domains\nixapp\App\views\product.php line 24 {"exception":"[object] (Error(code: 0): Call to a member function getValue() on null at C:\\OSPanel\\domains\\nixapp\\App\\views\\product.php:24)"} []
[2019-01-27 00:25:50] log_channel.ERROR: Uncaught Exception Error: "Call to a member function getValue() on null" at C:\OSPanel\domains\nixapp\App\views\product.php line 24 {"exception":"[object] (Error(code: 0): Call to a member function getValue() on null at C:\\OSPanel\\domains\\nixapp\\App\\views\\product.php:24)"} []
[2019-01-27 00:25:50] log_channel.ERROR: Uncaught Exception Error: "Call to a member function getValue() on null" at C:\OSPanel\domains\nixapp\App\views\product.php line 24 {"exception":"[object] (Error(code: 0): Call to a member function getValue() on null at C:\\OSPanel\\domains\\nixapp\\App\\views\\product.php:24)"} []
[2019-01-27 00:25:51] log_channel.ERROR: Uncaught Exception Error: "Call to a member function getValue() on null" at C:\OSPanel\domains\nixapp\App\views\product.php line 24 {"exception":"[object] (Error(code: 0): Call to a member function getValue() on null at C:\\OSPanel\\domains\\nixapp\\App\\views\\product.php:24)"} []
[2019-01-27 00:25:51] log_channel.ERROR: Uncaught Exception Error: "Call to a member function getValue() on null" at C:\OSPanel\domains\nixapp\App\views\product.php line 24 {"exception":"[object] (Error(code: 0): Call to a member function getValue() on null at C:\\OSPanel\\domains\\nixapp\\App\\views\\product.php:24)"} []
[2019-01-27 00:25:51] log_channel.ERROR: Uncaught Exception Error: "Call to a member function getValue() on null" at C:\OSPanel\domains\nixapp\App\views\product.php line 24 {"exception":"[object] (Error(code: 0): Call to a member function getValue() on null at C:\\OSPanel\\domains\\nixapp\\App\\views\\product.php:24)"} []
[2019-01-27 00:25:51] log_channel.ERROR: Uncaught Exception Error: "Call to a member function getValue() on null" at C:\OSPanel\domains\nixapp\App\views\product.php line 24 {"exception":"[object] (Error(code: 0): Call to a member function getValue() on null at C:\\OSPanel\\domains\\nixapp\\App\\views\\product.php:24)"} []
[2019-01-27 00:25:51] log_channel.ERROR: Uncaught Exception Error: "Call to a member function getValue() on null" at C:\OSPanel\domains\nixapp\App\views\product.php line 24 {"exception":"[object] (Error(code: 0): Call to a member function getValue() on null at C:\\OSPanel\\domains\\nixapp\\App\\views\\product.php:24)"} []
[2019-01-27 00:25:51] log_channel.ERROR: Uncaught Exception Error: "Call to a member function getValue() on null" at C:\OSPanel\domains\nixapp\App\views\product.php line 24 {"exception":"[object] (Error(code: 0): Call to a member function getValue() on null at C:\\OSPanel\\domains\\nixapp\\App\\views\\product.php:24)"} []
[2019-01-27 00:25:51] log_channel.ERROR: Uncaught Exception Error: "Call to a member function getValue() on null" at C:\OSPanel\domains\nixapp\App\views\product.php line 24 {"exception":"[object] (Error(code: 0): Call to a member function getValue() on null at C:\\OSPanel\\domains\\nixapp\\App\\views\\product.php:24)"} []
[2019-01-27 00:25:51] log_channel.ERROR: Uncaught Exception Error: "Call to a member function getValue() on null" at C:\OSPanel\domains\nixapp\App\views\product.php line 24 {"exception":"[object] (Error(code: 0): Call to a member function getValue() on null at C:\\OSPanel\\domains\\nixapp\\App\\views\\product.php:24)"} []
[2019-01-27 00:25:52] log_channel.ERROR: Uncaught Exception Error: "Call to a member function getValue() on null" at C:\OSPanel\domains\nixapp\App\views\product.php line 24 {"exception":"[object] (Error(code: 0): Call to a member function getValue() on null at C:\\OSPanel\\domains\\nixapp\\App\\views\\product.php:24)"} []
[2019-01-27 00:25:52] log_channel.ERROR: Uncaught Exception Error: "Call to a member function getValue() on null" at C:\OSPanel\domains\nixapp\App\views\product.php line 24 {"exception":"[object] (Error(code: 0): Call to a member function getValue() on null at C:\\OSPanel\\domains\\nixapp\\App\\views\\product.php:24)"} []
[2019-01-27 00:25:52] log_channel.ERROR: Uncaught Exception Error: "Call to a member function getValue() on null" at C:\OSPanel\domains\nixapp\App\views\product.php line 24 {"exception":"[object] (Error(code: 0): Call to a member function getValue() on null at C:\\OSPanel\\domains\\nixapp\\App\\views\\product.php:24)"} []
[2019-01-27 00:25:52] log_channel.ERROR: Uncaught Exception Error: "Call to a member function getValue() on null" at C:\OSPanel\domains\nixapp\App\views\product.php line 24 {"exception":"[object] (Error(code: 0): Call to a member function getValue() on null at C:\\OSPanel\\domains\\nixapp\\App\\views\\product.php:24)"} []
[2019-01-27 00:25:55] log_channel.ERROR: Uncaught Exception Error: "Call to a member function getValue() on null" at C:\OSPanel\domains\nixapp\App\views\product.php line 24 {"exception":"[object] (Error(code: 0): Call to a member function getValue() on null at C:\\OSPanel\\domains\\nixapp\\App\\views\\product.php:24)"} []
[2019-01-27 00:25:55] log_channel.ERROR: Uncaught Exception Error: "Call to a member function getValue() on null" at C:\OSPanel\domains\nixapp\App\views\product.php line 24 {"exception":"[object] (Error(code: 0): Call to a member function getValue() on null at C:\\OSPanel\\domains\\nixapp\\App\\views\\product.php:24)"} []
[2019-01-27 00:25:56] log_channel.ERROR: Uncaught Exception Error: "Call to a member function getValue() on null" at C:\OSPanel\domains\nixapp\App\views\product.php line 24 {"exception":"[object] (Error(code: 0): Call to a member function getValue() on null at C:\\OSPanel\\domains\\nixapp\\App\\views\\product.php:24)"} []
[2019-01-27 00:25:56] log_channel.ERROR: Uncaught Exception Error: "Call to a member function getValue() on null" at C:\OSPanel\domains\nixapp\App\views\product.php line 24 {"exception":"[object] (Error(code: 0): Call to a member function getValue() on null at C:\\OSPanel\\domains\\nixapp\\App\\views\\product.php:24)"} []
[2019-01-27 00:25:56] log_channel.ERROR: Uncaught Exception Error: "Call to a member function getValue() on null" at C:\OSPanel\domains\nixapp\App\views\product.php line 24 {"exception":"[object] (Error(code: 0): Call to a member function getValue() on null at C:\\OSPanel\\domains\\nixapp\\App\\views\\product.php:24)"} []
[2019-01-27 00:25:56] log_channel.ERROR: Uncaught Exception Error: "Call to a member function getValue() on null" at C:\OSPanel\domains\nixapp\App\views\product.php line 24 {"exception":"[object] (Error(code: 0): Call to a member function getValue() on null at C:\\OSPanel\\domains\\nixapp\\App\\views\\product.php:24)"} []
[2019-01-27 00:25:56] log_channel.ERROR: Uncaught Exception Error: "Call to a member function getValue() on null" at C:\OSPanel\domains\nixapp\App\views\product.php line 24 {"exception":"[object] (Error(code: 0): Call to a member function getValue() on null at C:\\OSPanel\\domains\\nixapp\\App\\views\\product.php:24)"} []
[2019-01-27 00:25:56] log_channel.ERROR: Uncaught Exception Error: "Call to a member function getValue() on null" at C:\OSPanel\domains\nixapp\App\views\product.php line 24 {"exception":"[object] (Error(code: 0): Call to a member function getValue() on null at C:\\OSPanel\\domains\\nixapp\\App\\views\\product.php:24)"} []
[2019-01-27 00:26:02] log_channel.ERROR: Uncaught Exception Error: "Call to a member function getValue() on null" at C:\OSPanel\domains\nixapp\App\views\product.php line 23 {"exception":"[object] (Error(code: 0): Call to a member function getValue() on null at C:\\OSPanel\\domains\\nixapp\\App\\views\\product.php:23)"} []
[2019-01-27 00:26:02] log_channel.ERROR: Uncaught Exception Error: "Call to a member function getValue() on null" at C:\OSPanel\domains\nixapp\App\views\product.php line 23 {"exception":"[object] (Error(code: 0): Call to a member function getValue() on null at C:\\OSPanel\\domains\\nixapp\\App\\views\\product.php:23)"} []
[2019-01-27 00:26:07] log_channel.ERROR: Uncaught Exception Error: "Call to a member function getValue() on null" at C:\OSPanel\domains\nixapp\App\views\product.php line 23 {"exception":"[object] (Error(code: 0): Call to a member function getValue() on null at C:\\OSPanel\\domains\\nixapp\\App\\views\\product.php:23)"} []
[2019-01-27 00:26:07] log_channel.ERROR: Uncaught Exception Error: "Call to a member function getValue() on null" at C:\OSPanel\domains\nixapp\App\views\product.php line 23 {"exception":"[object] (Error(code: 0): Call to a member function getValue() on null at C:\\OSPanel\\domains\\nixapp\\App\\views\\product.php:23)"} []
[2019-01-27 00:29:36] log_channel.WARNING: E_WARNING: Illegal offset type {"code":2,"message":"Illegal offset type","file":"C:\\OSPanel\\domains\\nixapp\\App\\views\\product.php","line":23} []
[2019-01-27 00:29:36] log_channel.WARNING: E_WARNING: Illegal offset type {"code":2,"message":"Illegal offset type","file":"C:\\OSPanel\\domains\\nixapp\\App\\views\\product.php","line":23} []
[2019-01-27 00:29:36] log_channel.WARNING: E_WARNING: Illegal offset type {"code":2,"message":"Illegal offset type","file":"C:\\OSPanel\\domains\\nixapp\\App\\views\\product.php","line":23} []
[2019-01-27 00:29:36] log_channel.WARNING: E_WARNING: Illegal offset type {"code":2,"message":"Illegal offset type","file":"C:\\OSPanel\\domains\\nixapp\\App\\views\\product.php","line":23} []
[2019-01-27 00:29:36] log_channel.WARNING: E_WARNING: Illegal offset type {"code":2,"message":"Illegal offset type","file":"C:\\OSPanel\\domains\\nixapp\\App\\views\\product.php","line":23} []
[2019-01-27 00:29:36] log_channel.WARNING: E_WARNING: Illegal offset type {"code":2,"message":"Illegal offset type","file":"C:\\OSPanel\\domains\\nixapp\\App\\views\\product.php","line":23} []
[2019-01-27 00:29:36] log_channel.WARNING: E_WARNING: Illegal offset type {"code":2,"message":"Illegal offset type","file":"C:\\OSPanel\\domains\\nixapp\\App\\views\\product.php","line":23} []
[2019-01-27 01:05:29] log_channel.ERROR: Uncaught Exception Error: "Call to a member function getName() on null" at C:\OSPanel\domains\nixapp\App\views\product.php line 102 {"exception":"[object] (Error(code: 0): Call to a member function getName() on null at C:\\OSPanel\\domains\\nixapp\\App\\views\\product.php:102)"} []
[2019-01-27 01:05:29] log_channel.ERROR: Uncaught Exception Error: "Call to a member function getName() on null" at C:\OSPanel\domains\nixapp\App\views\product.php line 102 {"exception":"[object] (Error(code: 0): Call to a member function getName() on null at C:\\OSPanel\\domains\\nixapp\\App\\views\\product.php:102)"} []
[2019-01-27 01:06:01] log_channel.ERROR: Uncaught Exception Error: "Call to a member function getName() on null" at C:\OSPanel\domains\nixapp\App\views\product.php line 103 {"exception":"[object] (Error(code: 0): Call to a member function getName() on null at C:\\OSPanel\\domains\\nixapp\\App\\views\\product.php:103)"} []
[2019-01-27 01:06:01] log_channel.ERROR: Uncaught Exception Error: "Call to a member function getName() on null" at C:\OSPanel\domains\nixapp\App\views\product.php line 103 {"exception":"[object] (Error(code: 0): Call to a member function getName() on null at C:\\OSPanel\\domains\\nixapp\\App\\views\\product.php:103)"} []
[2019-01-27 01:06:42] log_channel.ERROR: Uncaught Exception Error: "Call to a member function getValue() on array" at C:\OSPanel\domains\nixapp\App\views\product.php line 103 {"exception":"[object] (Error(code: 0): Call to a member function getValue() on array at C:\\OSPanel\\domains\\nixapp\\App\\views\\product.php:103)"} []
[2019-01-27 01:06:42] log_channel.ERROR: Uncaught Exception Error: "Call to a member function getValue() on array" at C:\OSPanel\domains\nixapp\App\views\product.php line 103 {"exception":"[object] (Error(code: 0): Call to a member function getValue() on array at C:\\OSPanel\\domains\\nixapp\\App\\views\\product.php:103)"} []
[2019-01-27 01:06:43] log_channel.ERROR: Uncaught Exception Error: "Call to a member function getValue() on array" at C:\OSPanel\domains\nixapp\App\views\product.php line 103 {"exception":"[object] (Error(code: 0): Call to a member function getValue() on array at C:\\OSPanel\\domains\\nixapp\\App\\views\\product.php:103)"} []
[2019-01-27 01:06:43] log_channel.ERROR: Uncaught Exception Error: "Call to a member function getValue() on array" at C:\OSPanel\domains\nixapp\App\views\product.php line 103 {"exception":"[object] (Error(code: 0): Call to a member function getValue() on array at C:\\OSPanel\\domains\\nixapp\\App\\views\\product.php:103)"} []
[2019-01-27 01:06:44] log_channel.ERROR: Uncaught Exception Error: "Call to a member function getValue() on array" at C:\OSPanel\domains\nixapp\App\views\product.php line 103 {"exception":"[object] (Error(code: 0): Call to a member function getValue() on array at C:\\OSPanel\\domains\\nixapp\\App\\views\\product.php:103)"} []
[2019-01-27 01:06:44] log_channel.ERROR: Uncaught Exception Error: "Call to a member function getValue() on array" at C:\OSPanel\domains\nixapp\App\views\product.php line 103 {"exception":"[object] (Error(code: 0): Call to a member function getValue() on array at C:\\OSPanel\\domains\\nixapp\\App\\views\\product.php:103)"} []
[2019-01-27 01:07:38] log_channel.ERROR: Uncaught Exception Error: "Call to a member function getValue() on array" at C:\OSPanel\domains\nixapp\App\views\product.php line 105 {"exception":"[object] (Error(code: 0): Call to a member function getValue() on array at C:\\OSPanel\\domains\\nixapp\\App\\views\\product.php:105)"} []
[2019-01-27 01:07:38] log_channel.ERROR: Uncaught Exception Error: "Call to a member function getValue() on array" at C:\OSPanel\domains\nixapp\App\views\product.php line 105 {"exception":"[object] (Error(code: 0): Call to a member function getValue() on array at C:\\OSPanel\\domains\\nixapp\\App\\views\\product.php:105)"} []
[2019-01-27 01:07:41] log_channel.ERROR: Uncaught Exception Error: "Call to a member function getValue() on array" at C:\OSPanel\domains\nixapp\App\views\product.php line 105 {"exception":"[object] (Error(code: 0): Call to a member function getValue() on array at C:\\OSPanel\\domains\\nixapp\\App\\views\\product.php:105)"} []
[2019-01-27 01:07:41] log_channel.ERROR: Uncaught Exception Error: "Call to a member function getValue() on array" at C:\OSPanel\domains\nixapp\App\views\product.php line 105 {"exception":"[object] (Error(code: 0): Call to a member function getValue() on array at C:\\OSPanel\\domains\\nixapp\\App\\views\\product.php:105)"} []
[2019-01-27 01:07:52] log_channel.ERROR: Uncaught Exception Error: "Call to a member function getValue() on array" at C:\OSPanel\domains\nixapp\App\views\product.php line 105 {"exception":"[object] (Error(code: 0): Call to a member function getValue() on array at C:\\OSPanel\\domains\\nixapp\\App\\views\\product.php:105)"} []
[2019-01-27 01:07:52] log_channel.ERROR: Uncaught Exception Error: "Call to a member function getValue() on array" at C:\OSPanel\domains\nixapp\App\views\product.php line 105 {"exception":"[object] (Error(code: 0): Call to a member function getValue() on array at C:\\OSPanel\\domains\\nixapp\\App\\views\\product.php:105)"} []
[2019-01-27 01:07:55] log_channel.ERROR: Uncaught Exception Error: "Call to a member function getValue() on array" at C:\OSPanel\domains\nixapp\App\views\product.php line 105 {"exception":"[object] (Error(code: 0): Call to a member function getValue() on array at C:\\OSPanel\\domains\\nixapp\\App\\views\\product.php:105)"} []
[2019-01-27 01:07:55] log_channel.ERROR: Uncaught Exception Error: "Call to a member function getValue() on array" at C:\OSPanel\domains\nixapp\App\views\product.php line 105 {"exception":"[object] (Error(code: 0): Call to a member function getValue() on array at C:\\OSPanel\\domains\\nixapp\\App\\views\\product.php:105)"} []
[2019-01-27 01:07:55] log_channel.ERROR: Uncaught Exception Error: "Call to a member function getValue() on array" at C:\OSPanel\domains\nixapp\App\views\product.php line 105 {"exception":"[object] (Error(code: 0): Call to a member function getValue() on array at C:\\OSPanel\\domains\\nixapp\\App\\views\\product.php:105)"} []
[2019-01-27 01:07:55] log_channel.ERROR: Uncaught Exception Error: "Call to a member function getValue() on array" at C:\OSPanel\domains\nixapp\App\views\product.php line 105 {"exception":"[object] (Error(code: 0): Call to a member function getValue() on array at C:\\OSPanel\\domains\\nixapp\\App\\views\\product.php:105)"} []
[2019-01-27 01:08:41] log_channel.ERROR: Uncaught Exception Error: "Call to a member function getValue() on array" at C:\OSPanel\domains\nixapp\App\views\product.php line 105 {"exception":"[object] (Error(code: 0): Call to a member function getValue() on array at C:\\OSPanel\\domains\\nixapp\\App\\views\\product.php:105)"} []
[2019-01-27 01:08:41] log_channel.ERROR: Uncaught Exception Error: "Call to a member function getValue() on array" at C:\OSPanel\domains\nixapp\App\views\product.php line 105 {"exception":"[object] (Error(code: 0): Call to a member function getValue() on array at C:\\OSPanel\\domains\\nixapp\\App\\views\\product.php:105)"} []
[2019-01-27 01:08:42] log_channel.ERROR: Uncaught Exception Error: "Call to a member function getValue() on array" at C:\OSPanel\domains\nixapp\App\views\product.php line 105 {"exception":"[object] (Error(code: 0): Call to a member function getValue() on array at C:\\OSPanel\\domains\\nixapp\\App\\views\\product.php:105)"} []
[2019-01-27 01:08:42] log_channel.ERROR: Uncaught Exception Error: "Call to a member function getValue() on array" at C:\OSPanel\domains\nixapp\App\views\product.php line 105 {"exception":"[object] (Error(code: 0): Call to a member function getValue() on array at C:\\OSPanel\\domains\\nixapp\\App\\views\\product.php:105)"} []
[2019-01-27 01:08:43] log_channel.ERROR: Uncaught Exception Error: "Call to a member function getValue() on array" at C:\OSPanel\domains\nixapp\App\views\product.php line 105 {"exception":"[object] (Error(code: 0): Call to a member function getValue() on array at C:\\OSPanel\\domains\\nixapp\\App\\views\\product.php:105)"} []
[2019-01-27 01:08:43] log_channel.ERROR: Uncaught Exception Error: "Call to a member function getValue() on array" at C:\OSPanel\domains\nixapp\App\views\product.php line 105 {"exception":"[object] (Error(code: 0): Call to a member function getValue() on array at C:\\OSPanel\\domains\\nixapp\\App\\views\\product.php:105)"} []
[2019-01-27 01:08:49] log_channel.ERROR: Uncaught Exception Error: "Call to a member function getId() on array" at C:\OSPanel\domains\nixapp\App\views\product.php line 105 {"exception":"[object] (Error(code: 0): Call to a member function getId() on array at C:\\OSPanel\\domains\\nixapp\\App\\views\\product.php:105)"} []
[2019-01-27 01:08:49] log_channel.ERROR: Uncaught Exception Error: "Call to a member function getId() on array" at C:\OSPanel\domains\nixapp\App\views\product.php line 105 {"exception":"[object] (Error(code: 0): Call to a member function getId() on array at C:\\OSPanel\\domains\\nixapp\\App\\views\\product.php:105)"} []
[2019-01-27 01:08:50] log_channel.ERROR: Uncaught Exception Error: "Call to a member function getId() on array" at C:\OSPanel\domains\nixapp\App\views\product.php line 105 {"exception":"[object] (Error(code: 0): Call to a member function getId() on array at C:\\OSPanel\\domains\\nixapp\\App\\views\\product.php:105)"} []
[2019-01-27 01:08:50] log_channel.ERROR: Uncaught Exception Error: "Call to a member function getId() on array" at C:\OSPanel\domains\nixapp\App\views\product.php line 105 {"exception":"[object] (Error(code: 0): Call to a member function getId() on array at C:\\OSPanel\\domains\\nixapp\\App\\views\\product.php:105)"} []
[2019-01-27 01:11:10] log_channel.ERROR: E_RECOVERABLE_ERROR: Object of class Models\Attribute could not be converted to string {"code":4096,"message":"Object of class Models\\Attribute could not be converted to string","file":"C:\\OSPanel\\domains\\nixapp\\App\\views\\product.php","line":99} []
[2019-01-27 01:11:10] log_channel.ERROR: E_RECOVERABLE_ERROR: Object of class Models\Attribute could not be converted to string {"code":4096,"message":"Object of class Models\\Attribute could not be converted to string","file":"C:\\OSPanel\\domains\\nixapp\\App\\views\\product.php","line":99} []
[2019-01-27 01:12:24] log_channel.ERROR: Uncaught Exception ParseError: "syntax error, unexpected 'as' (T_AS), expecting ',' or ')'" at C:\OSPanel\domains\nixapp\App\views\product.php line 99 {"exception":"[object] (ParseError(code: 0): syntax error, unexpected 'as' (T_AS), expecting ',' or ')' at C:\\OSPanel\\domains\\nixapp\\App\\views\\product.php:99)"} []
[2019-01-27 01:12:24] log_channel.ERROR: Uncaught Exception ParseError: "syntax error, unexpected 'as' (T_AS), expecting ',' or ')'" at C:\OSPanel\domains\nixapp\App\views\product.php line 99 {"exception":"[object] (ParseError(code: 0): syntax error, unexpected 'as' (T_AS), expecting ',' or ')' at C:\\OSPanel\\domains\\nixapp\\App\\views\\product.php:99)"} []
[2019-01-27 01:12:35] log_channel.ERROR: Uncaught Exception Error: "Call to a member function getValue() on null" at C:\OSPanel\domains\nixapp\App\views\product.php line 103 {"exception":"[object] (Error(code: 0): Call to a member function getValue() on null at C:\\OSPanel\\domains\\nixapp\\App\\views\\product.php:103)"} []
[2019-01-27 01:12:35] log_channel.ERROR: Uncaught Exception Error: "Call to a member function getValue() on null" at C:\OSPanel\domains\nixapp\App\views\product.php line 103 {"exception":"[object] (Error(code: 0): Call to a member function getValue() on null at C:\\OSPanel\\domains\\nixapp\\App\\views\\product.php:103)"} []
[2019-01-27 01:12:54] log_channel.ERROR: Uncaught Exception Error: "Call to a member function getValue() on null" at C:\OSPanel\domains\nixapp\App\views\product.php line 104 {"exception":"[object] (Error(code: 0): Call to a member function getValue() on null at C:\\OSPanel\\domains\\nixapp\\App\\views\\product.php:104)"} []
[2019-01-27 01:12:54] log_channel.ERROR: Uncaught Exception Error: "Call to a member function getValue() on null" at C:\OSPanel\domains\nixapp\App\views\product.php line 104 {"exception":"[object] (Error(code: 0): Call to a member function getValue() on null at C:\\OSPanel\\domains\\nixapp\\App\\views\\product.php:104)"} []
[2019-01-27 01:12:57] log_channel.ERROR: Uncaught Exception Error: "Call to a member function getValue() on null" at C:\OSPanel\domains\nixapp\App\views\product.php line 104 {"exception":"[object] (Error(code: 0): Call to a member function getValue() on null at C:\\OSPanel\\domains\\nixapp\\App\\views\\product.php:104)"} []
[2019-01-27 01:12:57] log_channel.ERROR: Uncaught Exception Error: "Call to a member function getValue() on null" at C:\OSPanel\domains\nixapp\App\views\product.php line 104 {"exception":"[object] (Error(code: 0): Call to a member function getValue() on null at C:\\OSPanel\\domains\\nixapp\\App\\views\\product.php:104)"} []
[2019-01-27 01:14:28] log_channel.ERROR: Uncaught Exception Error: "Call to a member function getValue() on array" at C:\OSPanel\domains\nixapp\App\views\product.php line 104 {"exception":"[object] (Error(code: 0): Call to a member function getValue() on array at C:\\OSPanel\\domains\\nixapp\\App\\views\\product.php:104)"} []
[2019-01-27 01:14:28] log_channel.ERROR: Uncaught Exception Error: "Call to a member function getValue() on array" at C:\OSPanel\domains\nixapp\App\views\product.php line 104 {"exception":"[object] (Error(code: 0): Call to a member function getValue() on array at C:\\OSPanel\\domains\\nixapp\\App\\views\\product.php:104)"} []
[2019-01-27 01:15:19] log_channel.ERROR: Uncaught Exception Error: "Call to a member function getValue() on array" at C:\OSPanel\domains\nixapp\App\views\product.php line 103 {"exception":"[object] (Error(code: 0): Call to a member function getValue() on array at C:\\OSPanel\\domains\\nixapp\\App\\views\\product.php:103)"} []
[2019-01-27 01:15:19] log_channel.ERROR: Uncaught Exception Error: "Call to a member function getValue() on array" at C:\OSPanel\domains\nixapp\App\views\product.php line 103 {"exception":"[object] (Error(code: 0): Call to a member function getValue() on array at C:\\OSPanel\\domains\\nixapp\\App\\views\\product.php:103)"} []
[2019-01-27 01:15:21] log_channel.ERROR: Uncaught Exception Error: "Call to a member function getValue() on array" at C:\OSPanel\domains\nixapp\App\views\product.php line 103 {"exception":"[object] (Error(code: 0): Call to a member function getValue() on array at C:\\OSPanel\\domains\\nixapp\\App\\views\\product.php:103)"} []
[2019-01-27 01:15:21] log_channel.ERROR: Uncaught Exception Error: "Call to a member function getValue() on array" at C:\OSPanel\domains\nixapp\App\views\product.php line 103 {"exception":"[object] (Error(code: 0): Call to a member function getValue() on array at C:\\OSPanel\\domains\\nixapp\\App\\views\\product.php:103)"} []
[2019-01-27 01:15:21] log_channel.ERROR: Uncaught Exception Error: "Call to a member function getValue() on array" at C:\OSPanel\domains\nixapp\App\views\product.php line 103 {"exception":"[object] (Error(code: 0): Call to a member function getValue() on array at C:\\OSPanel\\domains\\nixapp\\App\\views\\product.php:103)"} []
[2019-01-27 01:15:21] log_channel.ERROR: Uncaught Exception Error: "Call to a member function getValue() on array" at C:\OSPanel\domains\nixapp\App\views\product.php line 103 {"exception":"[object] (Error(code: 0): Call to a member function getValue() on array at C:\\OSPanel\\domains\\nixapp\\App\\views\\product.php:103)"} []
[2019-01-27 01:15:36] log_channel.ERROR: Uncaught Exception Error: "Call to a member function getValue() on array" at C:\OSPanel\domains\nixapp\App\views\product.php line 102 {"exception":"[object] (Error(code: 0): Call to a member function getValue() on array at C:\\OSPanel\\domains\\nixapp\\App\\views\\product.php:102)"} []
[2019-01-27 01:15:36] log_channel.ERROR: Uncaught Exception Error: "Call to a member function getValue() on array" at C:\OSPanel\domains\nixapp\App\views\product.php line 102 {"exception":"[object] (Error(code: 0): Call to a member function getValue() on array at C:\\OSPanel\\domains\\nixapp\\App\\views\\product.php:102)"} []
[2019-01-27 01:15:37] log_channel.ERROR: Uncaught Exception Error: "Call to a member function getValue() on array" at C:\OSPanel\domains\nixapp\App\views\product.php line 102 {"exception":"[object] (Error(code: 0): Call to a member function getValue() on array at C:\\OSPanel\\domains\\nixapp\\App\\views\\product.php:102)"} []
[2019-01-27 01:15:37] log_channel.ERROR: Uncaught Exception Error: "Call to a member function getValue() on array" at C:\OSPanel\domains\nixapp\App\views\product.php line 102 {"exception":"[object] (Error(code: 0): Call to a member function getValue() on array at C:\\OSPanel\\domains\\nixapp\\App\\views\\product.php:102)"} []
[2019-01-27 01:16:17] log_channel.ERROR: Uncaught Exception ParseError: "syntax error, unexpected end of file" at C:\OSPanel\domains\nixapp\App\views\product.php line 161 {"exception":"[object] (ParseError(code: 0): syntax error, unexpected end of file at C:\\OSPanel\\domains\\nixapp\\App\\views\\product.php:161)"} []
[2019-01-27 01:16:17] log_channel.ERROR: Uncaught Exception ParseError: "syntax error, unexpected end of file" at C:\OSPanel\domains\nixapp\App\views\product.php line 161 {"exception":"[object] (ParseError(code: 0): syntax error, unexpected end of file at C:\\OSPanel\\domains\\nixapp\\App\\views\\product.php:161)"} []
[2019-01-27 01:17:04] log_channel.ERROR: Uncaught Exception Error: "Call to a member function getValue() on array" at C:\OSPanel\domains\nixapp\App\views\product.php line 103 {"exception":"[object] (Error(code: 0): Call to a member function getValue() on array at C:\\OSPanel\\domains\\nixapp\\App\\views\\product.php:103)"} []
[2019-01-27 01:17:04] log_channel.ERROR: Uncaught Exception Error: "Call to a member function getValue() on array" at C:\OSPanel\domains\nixapp\App\views\product.php line 103 {"exception":"[object] (Error(code: 0): Call to a member function getValue() on array at C:\\OSPanel\\domains\\nixapp\\App\\views\\product.php:103)"} []
[2019-01-27 01:19:23] log_channel.ERROR: Uncaught Exception Error: "Call to a member function getName() on null" at C:\OSPanel\domains\nixapp\App\views\product.php line 101 {"exception":"[object] (Error(code: 0): Call to a member function getName() on null at C:\\OSPanel\\domains\\nixapp\\App\\views\\product.php:101)"} []
[2019-01-27 01:19:23] log_channel.ERROR: Uncaught Exception Error: "Call to a member function getName() on null" at C:\OSPanel\domains\nixapp\App\views\product.php line 101 {"exception":"[object] (Error(code: 0): Call to a member function getName() on null at C:\\OSPanel\\domains\\nixapp\\App\\views\\product.php:101)"} []
[2019-01-27 01:19:48] log_channel.ERROR: Uncaught Exception Error: "Call to a member function getValue() on null" at C:\OSPanel\domains\nixapp\App\views\product.php line 102 {"exception":"[object] (Error(code: 0): Call to a member function getValue() on null at C:\\OSPanel\\domains\\nixapp\\App\\views\\product.php:102)"} []
[2019-01-27 01:19:48] log_channel.ERROR: Uncaught Exception Error: "Call to a member function getValue() on null" at C:\OSPanel\domains\nixapp\App\views\product.php line 102 {"exception":"[object] (Error(code: 0): Call to a member function getValue() on null at C:\\OSPanel\\domains\\nixapp\\App\\views\\product.php:102)"} []
[2019-01-27 01:19:50] log_channel.ERROR: Uncaught Exception Error: "Call to a member function getValue() on null" at C:\OSPanel\domains\nixapp\App\views\product.php line 102 {"exception":"[object] (Error(code: 0): Call to a member function getValue() on null at C:\\OSPanel\\domains\\nixapp\\App\\views\\product.php:102)"} []
[2019-01-27 01:19:50] log_channel.ERROR: Uncaught Exception Error: "Call to a member function getValue() on null" at C:\OSPanel\domains\nixapp\App\views\product.php line 102 {"exception":"[object] (Error(code: 0): Call to a member function getValue() on null at C:\\OSPanel\\domains\\nixapp\\App\\views\\product.php:102)"} []
[2019-01-27 01:19:58] log_channel.ERROR: Uncaught Exception Error: "Call to a member function getValue() on null" at C:\OSPanel\domains\nixapp\App\views\product.php line 102 {"exception":"[object] (Error(code: 0): Call to a member function getValue() on null at C:\\OSPanel\\domains\\nixapp\\App\\views\\product.php:102)"} []
[2019-01-27 01:19:58] log_channel.ERROR: Uncaught Exception Error: "Call to a member function getValue() on null" at C:\OSPanel\domains\nixapp\App\views\product.php line 102 {"exception":"[object] (Error(code: 0): Call to a member function getValue() on null at C:\\OSPanel\\domains\\nixapp\\App\\views\\product.php:102)"} []
[2019-01-27 01:20:35] log_channel.ERROR: Uncaught Exception Error: "Call to a member function getName() on null" at C:\OSPanel\domains\nixapp\App\views\product.php line 101 {"exception":"[object] (Error(code: 0): Call to a member function getName() on null at C:\\OSPanel\\domains\\nixapp\\App\\views\\product.php:101)"} []
[2019-01-27 01:20:35] log_channel.ERROR: Uncaught Exception Error: "Call to a member function getName() on null" at C:\OSPanel\domains\nixapp\App\views\product.php line 101 {"exception":"[object] (Error(code: 0): Call to a member function getName() on null at C:\\OSPanel\\domains\\nixapp\\App\\views\\product.php:101)"} []
[2019-01-27 01:20:48] log_channel.ERROR: Uncaught Exception Error: "Call to a member function getName() on null" at C:\OSPanel\domains\nixapp\App\views\product.php line 102 {"exception":"[object] (Error(code: 0): Call to a member function getName() on null at C:\\OSPanel\\domains\\nixapp\\App\\views\\product.php:102)"} []
[2019-01-27 01:20:48] log_channel.ERROR: Uncaught Exception Error: "Call to a member function getName() on null" at C:\OSPanel\domains\nixapp\App\views\product.php line 102 {"exception":"[object] (Error(code: 0): Call to a member function getName() on null at C:\\OSPanel\\domains\\nixapp\\App\\views\\product.php:102)"} []
[2019-01-27 01:20:52] log_channel.ERROR: Uncaught Exception Error: "Call to a member function getName() on null" at C:\OSPanel\domains\nixapp\App\views\product.php line 102 {"exception":"[object] (Error(code: 0): Call to a member function getName() on null at C:\\OSPanel\\domains\\nixapp\\App\\views\\product.php:102)"} []
[2019-01-27 01:20:52] log_channel.ERROR: Uncaught Exception Error: "Call to a member function getName() on null" at C:\OSPanel\domains\nixapp\App\views\product.php line 102 {"exception":"[object] (Error(code: 0): Call to a member function getName() on null at C:\\OSPanel\\domains\\nixapp\\App\\views\\product.php:102)"} []
[2019-01-27 01:21:28] log_channel.ERROR: Uncaught Exception Error: "Call to a member function getName() on null" at C:\OSPanel\domains\nixapp\App\views\product.php line 102 {"exception":"[object] (Error(code: 0): Call to a member function getName() on null at C:\\OSPanel\\domains\\nixapp\\App\\views\\product.php:102)"} []
[2019-01-27 01:21:28] log_channel.ERROR: Uncaught Exception Error: "Call to a member function getName() on null" at C:\OSPanel\domains\nixapp\App\views\product.php line 102 {"exception":"[object] (Error(code: 0): Call to a member function getName() on null at C:\\OSPanel\\domains\\nixapp\\App\\views\\product.php:102)"} []
[2019-01-27 01:21:29] log_channel.ERROR: Uncaught Exception Error: "Call to a member function getName() on null" at C:\OSPanel\domains\nixapp\App\views\product.php line 102 {"exception":"[object] (Error(code: 0): Call to a member function getName() on null at C:\\OSPanel\\domains\\nixapp\\App\\views\\product.php:102)"} []
[2019-01-27 01:21:29] log_channel.ERROR: Uncaught Exception Error: "Call to a member function getName() on null" at C:\OSPanel\domains\nixapp\App\views\product.php line 102 {"exception":"[object] (Error(code: 0): Call to a member function getName() on null at C:\\OSPanel\\domains\\nixapp\\App\\views\\product.php:102)"} []
[2019-01-27 01:21:38] log_channel.ERROR: Uncaught Exception Error: "Call to a member function getName() on null" at C:\OSPanel\domains\nixapp\App\views\product.php line 101 {"exception":"[object] (Error(code: 0): Call to a member function getName() on null at C:\\OSPanel\\domains\\nixapp\\App\\views\\product.php:101)"} []
[2019-01-27 01:21:38] log_channel.ERROR: Uncaught Exception Error: "Call to a member function getName() on null" at C:\OSPanel\domains\nixapp\App\views\product.php line 101 {"exception":"[object] (Error(code: 0): Call to a member function getName() on null at C:\\OSPanel\\domains\\nixapp\\App\\views\\product.php:101)"} []
[2019-01-27 01:24:13] log_channel.ERROR: Uncaught Exception Error: "Call to a member function getName() on null" at C:\OSPanel\domains\nixapp\App\views\product.php line 101 {"exception":"[object] (Error(code: 0): Call to a member function getName() on null at C:\\OSPanel\\domains\\nixapp\\App\\views\\product.php:101)"} []
[2019-01-27 01:24:13] log_channel.ERROR: Uncaught Exception Error: "Call to a member function getName() on null" at C:\OSPanel\domains\nixapp\App\views\product.php line 101 {"exception":"[object] (Error(code: 0): Call to a member function getName() on null at C:\\OSPanel\\domains\\nixapp\\App\\views\\product.php:101)"} []
[2019-01-27 01:24:23] log_channel.ERROR: Uncaught Exception Error: "Call to a member function getName() on null" at C:\OSPanel\domains\nixapp\App\views\product.php line 101 {"exception":"[object] (Error(code: 0): Call to a member function getName() on null at C:\\OSPanel\\domains\\nixapp\\App\\views\\product.php:101)"} []
[2019-01-27 01:24:23] log_channel.ERROR: Uncaught Exception Error: "Call to a member function getName() on null" at C:\OSPanel\domains\nixapp\App\views\product.php line 101 {"exception":"[object] (Error(code: 0): Call to a member function getName() on null at C:\\OSPanel\\domains\\nixapp\\App\\views\\product.php:101)"} []
[2019-01-27 01:24:35] log_channel.ERROR: Uncaught Exception Error: "Call to a member function getName() on null" at C:\OSPanel\domains\nixapp\App\views\product.php line 101 {"exception":"[object] (Error(code: 0): Call to a member function getName() on null at C:\\OSPanel\\domains\\nixapp\\App\\views\\product.php:101)"} []
[2019-01-27 01:24:35] log_channel.ERROR: Uncaught Exception Error: "Call to a member function getName() on null" at C:\OSPanel\domains\nixapp\App\views\product.php line 101 {"exception":"[object] (Error(code: 0): Call to a member function getName() on null at C:\\OSPanel\\domains\\nixapp\\App\\views\\product.php:101)"} []
[2019-01-27 01:25:32] log_channel.ERROR: Uncaught Exception Error: "Call to a member function getName() on null" at C:\OSPanel\domains\nixapp\App\views\product.php line 101 {"exception":"[object] (Error(code: 0): Call to a member function getName() on null at C:\\OSPanel\\domains\\nixapp\\App\\views\\product.php:101)"} []
[2019-01-27 01:25:32] log_channel.ERROR: Uncaught Exception Error: "Call to a member function getName() on null" at C:\OSPanel\domains\nixapp\App\views\product.php line 101 {"exception":"[object] (Error(code: 0): Call to a member function getName() on null at C:\\OSPanel\\domains\\nixapp\\App\\views\\product.php:101)"} []
[2019-01-27 01:26:18] log_channel.ERROR: Uncaught Exception Error: "Call to a member function getName() on null" at C:\OSPanel\domains\nixapp\App\views\product.php line 101 {"exception":"[object] (Error(code: 0): Call to a member function getName() on null at C:\\OSPanel\\domains\\nixapp\\App\\views\\product.php:101)"} []
[2019-01-27 01:26:18] log_channel.ERROR: Uncaught Exception Error: "Call to a member function getName() on null" at C:\OSPanel\domains\nixapp\App\views\product.php line 101 {"exception":"[object] (Error(code: 0): Call to a member function getName() on null at C:\\OSPanel\\domains\\nixapp\\App\\views\\product.php:101)"} []
[2019-01-27 09:32:45] log_channel.ERROR: Uncaught Exception Error: "Call to a member function getName() on null" at C:\OSPanel\domains\nixapp\App\views\product.php line 101 {"exception":"[object] (Error(code: 0): Call to a member function getName() on null at C:\\OSPanel\\domains\\nixapp\\App\\views\\product.php:101)"} []
[2019-01-27 09:32:45] log_channel.ERROR: Uncaught Exception Error: "Call to a member function getName() on null" at C:\OSPanel\domains\nixapp\App\views\product.php line 101 {"exception":"[object] (Error(code: 0): Call to a member function getName() on null at C:\\OSPanel\\domains\\nixapp\\App\\views\\product.php:101)"} []
[2019-01-27 09:33:00] log_channel.ERROR: Uncaught Exception Error: "Call to a member function getName() on null" at C:\OSPanel\domains\nixapp\App\views\product.php line 101 {"exception":"[object] (Error(code: 0): Call to a member function getName() on null at C:\\OSPanel\\domains\\nixapp\\App\\views\\product.php:101)"} []
[2019-01-27 09:33:00] log_channel.ERROR: Uncaught Exception Error: "Call to a member function getName() on null" at C:\OSPanel\domains\nixapp\App\views\product.php line 101 {"exception":"[object] (Error(code: 0): Call to a member function getName() on null at C:\\OSPanel\\domains\\nixapp\\App\\views\\product.php:101)"} []
[2019-01-27 09:33:18] log_channel.ERROR: Uncaught Exception Error: "Call to a member function getName() on null" at C:\OSPanel\domains\nixapp\App\views\product.php line 101 {"exception":"[object] (Error(code: 0): Call to a member function getName() on null at C:\\OSPanel\\domains\\nixapp\\App\\views\\product.php:101)"} []
[2019-01-27 09:33:18] log_channel.ERROR: Uncaught Exception Error: "Call to a member function getName() on null" at C:\OSPanel\domains\nixapp\App\views\product.php line 101 {"exception":"[object] (Error(code: 0): Call to a member function getName() on null at C:\\OSPanel\\domains\\nixapp\\App\\views\\product.php:101)"} []
[2019-01-27 09:34:15] log_channel.ERROR: Uncaught Exception Error: "Call to a member function getName() on null" at C:\OSPanel\domains\nixapp\App\views\product.php line 101 {"exception":"[object] (Error(code: 0): Call to a member function getName() on null at C:\\OSPanel\\domains\\nixapp\\App\\views\\product.php:101)"} []
[2019-01-27 09:34:15] log_channel.ERROR: Uncaught Exception Error: "Call to a member function getName() on null" at C:\OSPanel\domains\nixapp\App\views\product.php line 101 {"exception":"[object] (Error(code: 0): Call to a member function getName() on null at C:\\OSPanel\\domains\\nixapp\\App\\views\\product.php:101)"} []
[2019-01-27 09:34:28] log_channel.ERROR: Uncaught Exception Error: "Call to a member function getName() on null" at C:\OSPanel\domains\nixapp\App\views\product.php line 101 {"exception":"[object] (Error(code: 0): Call to a member function getName() on null at C:\\OSPanel\\domains\\nixapp\\App\\views\\product.php:101)"} []
[2019-01-27 09:34:28] log_channel.ERROR: Uncaught Exception Error: "Call to a member function getName() on null" at C:\OSPanel\domains\nixapp\App\views\product.php line 101 {"exception":"[object] (Error(code: 0): Call to a member function getName() on null at C:\\OSPanel\\domains\\nixapp\\App\\views\\product.php:101)"} []
[2019-01-27 09:35:15] log_channel.ERROR: Uncaught Exception Error: "Call to a member function getName() on null" at C:\OSPanel\domains\nixapp\App\views\product.php line 101 {"exception":"[object] (Error(code: 0): Call to a member function getName() on null at C:\\OSPanel\\domains\\nixapp\\App\\views\\product.php:101)"} []
[2019-01-27 09:35:15] log_channel.ERROR: Uncaught Exception Error: "Call to a member function getName() on null" at C:\OSPanel\domains\nixapp\App\views\product.php line 101 {"exception":"[object] (Error(code: 0): Call to a member function getName() on null at C:\\OSPanel\\domains\\nixapp\\App\\views\\product.php:101)"} []
[2019-01-27 09:35:16] log_channel.ERROR: Uncaught Exception Error: "Call to a member function getName() on null" at C:\OSPanel\domains\nixapp\App\views\product.php line 101 {"exception":"[object] (Error(code: 0): Call to a member function getName() on null at C:\\OSPanel\\domains\\nixapp\\App\\views\\product.php:101)"} []
[2019-01-27 09:35:16] log_channel.ERROR: Uncaught Exception Error: "Call to a member function getName() on null" at C:\OSPanel\domains\nixapp\App\views\product.php line 101 {"exception":"[object] (Error(code: 0): Call to a member function getName() on null at C:\\OSPanel\\domains\\nixapp\\App\\views\\product.php:101)"} []
[2019-01-27 09:35:21] log_channel.ERROR: Uncaught Exception Error: "Call to a member function getName() on null" at C:\OSPanel\domains\nixapp\App\views\product.php line 101 {"exception":"[object] (Error(code: 0): Call to a member function getName() on null at C:\\OSPanel\\domains\\nixapp\\App\\views\\product.php:101)"} []
[2019-01-27 09:35:21] log_channel.ERROR: Uncaught Exception Error: "Call to a member function getName() on null" at C:\OSPanel\domains\nixapp\App\views\product.php line 101 {"exception":"[object] (Error(code: 0): Call to a member function getName() on null at C:\\OSPanel\\domains\\nixapp\\App\\views\\product.php:101)"} []
[2019-01-27 09:35:33] log_channel.ERROR: Uncaught Exception Error: "Call to a member function getValue() on null" at C:\OSPanel\domains\nixapp\App\views\product.php line 102 {"exception":"[object] (Error(code: 0): Call to a member function getValue() on null at C:\\OSPanel\\domains\\nixapp\\App\\views\\product.php:102)"} []
[2019-01-27 09:35:33] log_channel.ERROR: Uncaught Exception Error: "Call to a member function getValue() on null" at C:\OSPanel\domains\nixapp\App\views\product.php line 102 {"exception":"[object] (Error(code: 0): Call to a member function getValue() on null at C:\\OSPanel\\domains\\nixapp\\App\\views\\product.php:102)"} []
[2019-01-27 09:35:58] log_channel.ERROR: Uncaught Exception Error: "Call to a member function getValue() on null" at C:\OSPanel\domains\nixapp\App\views\product.php line 102 {"exception":"[object] (Error(code: 0): Call to a member function getValue() on null at C:\\OSPanel\\domains\\nixapp\\App\\views\\product.php:102)"} []
[2019-01-27 09:35:58] log_channel.ERROR: Uncaught Exception Error: "Call to a member function getValue() on null" at C:\OSPanel\domains\nixapp\App\views\product.php line 102 {"exception":"[object] (Error(code: 0): Call to a member function getValue() on null at C:\\OSPanel\\domains\\nixapp\\App\\views\\product.php:102)"} []
[2019-01-27 12:41:11] log_channel.WARNING: E_WARNING: extract() expects parameter 1 to be array, null given {"code":2,"message":"extract() expects parameter 1 to be array, null given","file":"C:\\OSPanel\\domains\\nixapp\\Framework\\Controller.php","line":14} []
[2019-01-27 12:41:12] log_channel.WARNING: E_WARNING: extract() expects parameter 1 to be array, null given {"code":2,"message":"extract() expects parameter 1 to be array, null given","file":"C:\\OSPanel\\domains\\nixapp\\Framework\\Controller.php","line":14} []
[2019-01-27 12:41:30] log_channel.ERROR: Uncaught Exception ArgumentCountError: "Too few arguments to function Controllers\AuthController::registration(), 0 passed and exactly 1 expected" at C:\OSPanel\domains\nixapp\App\controllers\AuthController.php line 30 {"exception":"[object] (ArgumentCountError(code: 0): Too few arguments to function Controllers\\AuthController::registration(), 0 passed and exactly 1 expected at C:\\OSPanel\\domains\\nixapp\\App\\controllers\\AuthController.php:30)"} []
[2019-01-27 12:41:30] log_channel.ERROR: Uncaught Exception ArgumentCountError: "Too few arguments to function Controllers\AuthController::registration(), 0 passed and exactly 1 expected" at C:\OSPanel\domains\nixapp\App\controllers\AuthController.php line 30 {"exception":"[object] (ArgumentCountError(code: 0): Too few arguments to function Controllers\\AuthController::registration(), 0 passed and exactly 1 expected at C:\\OSPanel\\domains\\nixapp\\App\\controllers\\AuthController.php:30)"} []
[2019-01-27 12:41:41] log_channel.WARNING: E_WARNING: extract() expects parameter 1 to be array, null given {"code":2,"message":"extract() expects parameter 1 to be array, null given","file":"C:\\OSPanel\\domains\\nixapp\\Framework\\Controller.php","line":14} []
[2019-01-27 12:41:52] log_channel.ERROR: Uncaught Exception ArgumentCountError: "Too few arguments to function Controllers\AuthController::registration(), 0 passed and exactly 1 expected" at C:\OSPanel\domains\nixapp\App\controllers\AuthController.php line 30 {"exception":"[object] (ArgumentCountError(code: 0): Too few arguments to function Controllers\\AuthController::registration(), 0 passed and exactly 1 expected at C:\\OSPanel\\domains\\nixapp\\App\\controllers\\AuthController.php:30)"} []
[2019-01-27 12:41:52] log_channel.ERROR: Uncaught Exception ArgumentCountError: "Too few arguments to function Controllers\AuthController::registration(), 0 passed and exactly 1 expected" at C:\OSPanel\domains\nixapp\App\controllers\AuthController.php line 30 {"exception":"[object] (ArgumentCountError(code: 0): Too few arguments to function Controllers\\AuthController::registration(), 0 passed and exactly 1 expected at C:\\OSPanel\\domains\\nixapp\\App\\controllers\\AuthController.php:30)"} []
[2019-01-27 12:42:07] log_channel.WARNING: E_WARNING: extract() expects parameter 1 to be array, null given {"code":2,"message":"extract() expects parameter 1 to be array, null given","file":"C:\\OSPanel\\domains\\nixapp\\Framework\\Controller.php","line":14} []
[2019-01-27 12:42:11] log_channel.ERROR: Uncaught Exception ArgumentCountError: "Too few arguments to function Controllers\AuthController::registration(), 0 passed and exactly 1 expected" at C:\OSPanel\domains\nixapp\App\controllers\AuthController.php line 30 {"exception":"[object] (ArgumentCountError(code: 0): Too few arguments to function Controllers\\AuthController::registration(), 0 passed and exactly 1 expected at C:\\OSPanel\\domains\\nixapp\\App\\controllers\\AuthController.php:30)"} []
[2019-01-27 12:42:11] log_channel.ERROR: Uncaught Exception ArgumentCountError: "Too few arguments to function Controllers\AuthController::registration(), 0 passed and exactly 1 expected" at C:\OSPanel\domains\nixapp\App\controllers\AuthController.php line 30 {"exception":"[object] (ArgumentCountError(code: 0): Too few arguments to function Controllers\\AuthController::registration(), 0 passed and exactly 1 expected at C:\\OSPanel\\domains\\nixapp\\App\\controllers\\AuthController.php:30)"} []
[2019-01-27 12:42:13] log_channel.ERROR: Uncaught Exception ArgumentCountError: "Too few arguments to function Controllers\AuthController::registration(), 0 passed and exactly 1 expected" at C:\OSPanel\domains\nixapp\App\controllers\AuthController.php line 30 {"exception":"[object] (ArgumentCountError(code: 0): Too few arguments to function Controllers\\AuthController::registration(), 0 passed and exactly 1 expected at C:\\OSPanel\\domains\\nixapp\\App\\controllers\\AuthController.php:30)"} []
[2019-01-27 12:42:13] log_channel.ERROR: Uncaught Exception ArgumentCountError: "Too few arguments to function Controllers\AuthController::registration(), 0 passed and exactly 1 expected" at C:\OSPanel\domains\nixapp\App\controllers\AuthController.php line 30 {"exception":"[object] (ArgumentCountError(code: 0): Too few arguments to function Controllers\\AuthController::registration(), 0 passed and exactly 1 expected at C:\\OSPanel\\domains\\nixapp\\App\\controllers\\AuthController.php:30)"} []
[2019-01-27 12:42:13] log_channel.ERROR: Uncaught Exception ArgumentCountError: "Too few arguments to function Controllers\AuthController::registration(), 0 passed and exactly 1 expected" at C:\OSPanel\domains\nixapp\App\controllers\AuthController.php line 30 {"exception":"[object] (ArgumentCountError(code: 0): Too few arguments to function Controllers\\AuthController::registration(), 0 passed and exactly 1 expected at C:\\OSPanel\\domains\\nixapp\\App\\controllers\\AuthController.php:30)"} []
[2019-01-27 12:42:13] log_channel.ERROR: Uncaught Exception ArgumentCountError: "Too few arguments to function Controllers\AuthController::registration(), 0 passed and exactly 1 expected" at C:\OSPanel\domains\nixapp\App\controllers\AuthController.php line 30 {"exception":"[object] (ArgumentCountError(code: 0): Too few arguments to function Controllers\\AuthController::registration(), 0 passed and exactly 1 expected at C:\\OSPanel\\domains\\nixapp\\App\\controllers\\AuthController.php:30)"} []
[2019-01-27 12:42:14] log_channel.ERROR: Uncaught Exception ArgumentCountError: "Too few arguments to function Controllers\AuthController::registration(), 0 passed and exactly 1 expected" at C:\OSPanel\domains\nixapp\App\controllers\AuthController.php line 30 {"exception":"[object] (ArgumentCountError(code: 0): Too few arguments to function Controllers\\AuthController::registration(), 0 passed and exactly 1 expected at C:\\OSPanel\\domains\\nixapp\\App\\controllers\\AuthController.php:30)"} []
[2019-01-27 12:42:14] log_channel.ERROR: Uncaught Exception ArgumentCountError: "Too few arguments to function Controllers\AuthController::registration(), 0 passed and exactly 1 expected" at C:\OSPanel\domains\nixapp\App\controllers\AuthController.php line 30 {"exception":"[object] (ArgumentCountError(code: 0): Too few arguments to function Controllers\\AuthController::registration(), 0 passed and exactly 1 expected at C:\\OSPanel\\domains\\nixapp\\App\\controllers\\AuthController.php:30)"} []
[2019-01-27 12:42:14] log_channel.ERROR: Uncaught Exception ArgumentCountError: "Too few arguments to function Controllers\AuthController::registration(), 0 passed and exactly 1 expected" at C:\OSPanel\domains\nixapp\App\controllers\AuthController.php line 30 {"exception":"[object] (ArgumentCountError(code: 0): Too few arguments to function Controllers\\AuthController::registration(), 0 passed and exactly 1 expected at C:\\OSPanel\\domains\\nixapp\\App\\controllers\\AuthController.php:30)"} []
[2019-01-27 12:42:14] log_channel.ERROR: Uncaught Exception ArgumentCountError: "Too few arguments to function Controllers\AuthController::registration(), 0 passed and exactly 1 expected" at C:\OSPanel\domains\nixapp\App\controllers\AuthController.php line 30 {"exception":"[object] (ArgumentCountError(code: 0): Too few arguments to function Controllers\\AuthController::registration(), 0 passed and exactly 1 expected at C:\\OSPanel\\domains\\nixapp\\App\\controllers\\AuthController.php:30)"} []
[2019-01-27 12:42:14] log_channel.ERROR: Uncaught Exception ArgumentCountError: "Too few arguments to function Controllers\AuthController::registration(), 0 passed and exactly 1 expected" at C:\OSPanel\domains\nixapp\App\controllers\AuthController.php line 30 {"exception":"[object] (ArgumentCountError(code: 0): Too few arguments to function Controllers\\AuthController::registration(), 0 passed and exactly 1 expected at C:\\OSPanel\\domains\\nixapp\\App\\controllers\\AuthController.php:30)"} []
[2019-01-27 12:42:14] log_channel.ERROR: Uncaught Exception ArgumentCountError: "Too few arguments to function Controllers\AuthController::registration(), 0 passed and exactly 1 expected" at C:\OSPanel\domains\nixapp\App\controllers\AuthController.php line 30 {"exception":"[object] (ArgumentCountError(code: 0): Too few arguments to function Controllers\\AuthController::registration(), 0 passed and exactly 1 expected at C:\\OSPanel\\domains\\nixapp\\App\\controllers\\AuthController.php:30)"} []
[2019-01-27 12:42:14] log_channel.ERROR: Uncaught Exception ArgumentCountError: "Too few arguments to function Controllers\AuthController::registration(), 0 passed and exactly 1 expected" at C:\OSPanel\domains\nixapp\App\controllers\AuthController.php line 30 {"exception":"[object] (ArgumentCountError(code: 0): Too few arguments to function Controllers\\AuthController::registration(), 0 passed and exactly 1 expected at C:\\OSPanel\\domains\\nixapp\\App\\controllers\\AuthController.php:30)"} []
[2019-01-27 12:42:14] log_channel.ERROR: Uncaught Exception ArgumentCountError: "Too few arguments to function Controllers\AuthController::registration(), 0 passed and exactly 1 expected" at C:\OSPanel\domains\nixapp\App\controllers\AuthController.php line 30 {"exception":"[object] (ArgumentCountError(code: 0): Too few arguments to function Controllers\\AuthController::registration(), 0 passed and exactly 1 expected at C:\\OSPanel\\domains\\nixapp\\App\\controllers\\AuthController.php:30)"} []
[2019-01-27 12:42:14] log_channel.ERROR: Uncaught Exception ArgumentCountError: "Too few arguments to function Controllers\AuthController::registration(), 0 passed and exactly 1 expected" at C:\OSPanel\domains\nixapp\App\controllers\AuthController.php line 30 {"exception":"[object] (ArgumentCountError(code: 0): Too few arguments to function Controllers\\AuthController::registration(), 0 passed and exactly 1 expected at C:\\OSPanel\\domains\\nixapp\\App\\controllers\\AuthController.php:30)"} []
[2019-01-27 12:42:14] log_channel.ERROR: Uncaught Exception ArgumentCountError: "Too few arguments to function Controllers\AuthController::registration(), 0 passed and exactly 1 expected" at C:\OSPanel\domains\nixapp\App\controllers\AuthController.php line 30 {"exception":"[object] (ArgumentCountError(code: 0): Too few arguments to function Controllers\\AuthController::registration(), 0 passed and exactly 1 expected at C:\\OSPanel\\domains\\nixapp\\App\\controllers\\AuthController.php:30)"} []
[2019-01-27 12:42:14] log_channel.ERROR: Uncaught Exception ArgumentCountError: "Too few arguments to function Controllers\AuthController::registration(), 0 passed and exactly 1 expected" at C:\OSPanel\domains\nixapp\App\controllers\AuthController.php line 30 {"exception":"[object] (ArgumentCountError(code: 0): Too few arguments to function Controllers\\AuthController::registration(), 0 passed and exactly 1 expected at C:\\OSPanel\\domains\\nixapp\\App\\controllers\\AuthController.php:30)"} []
[2019-01-27 12:42:14] log_channel.ERROR: Uncaught Exception ArgumentCountError: "Too few arguments to function Controllers\AuthController::registration(), 0 passed and exactly 1 expected" at C:\OSPanel\domains\nixapp\App\controllers\AuthController.php line 30 {"exception":"[object] (ArgumentCountError(code: 0): Too few arguments to function Controllers\\AuthController::registration(), 0 passed and exactly 1 expected at C:\\OSPanel\\domains\\nixapp\\App\\controllers\\AuthController.php:30)"} []
[2019-01-27 12:42:38] log_channel.WARNING: E_WARNING: extract() expects parameter 1 to be array, null given {"code":2,"message":"extract() expects parameter 1 to be array, null given","file":"C:\\OSPanel\\domains\\nixapp\\Framework\\Controller.php","line":14} []
[2019-01-27 12:42:44] log_channel.ERROR: Uncaught Exception ArgumentCountError: "Too few arguments to function Controllers\AuthController::registration(), 0 passed and exactly 1 expected" at C:\OSPanel\domains\nixapp\App\controllers\AuthController.php line 30 {"exception":"[object] (ArgumentCountError(code: 0): Too few arguments to function Controllers\\AuthController::registration(), 0 passed and exactly 1 expected at C:\\OSPanel\\domains\\nixapp\\App\\controllers\\AuthController.php:30)"} []
[2019-01-27 12:42:44] log_channel.ERROR: Uncaught Exception ArgumentCountError: "Too few arguments to function Controllers\AuthController::registration(), 0 passed and exactly 1 expected" at C:\OSPanel\domains\nixapp\App\controllers\AuthController.php line 30 {"exception":"[object] (ArgumentCountError(code: 0): Too few arguments to function Controllers\\AuthController::registration(), 0 passed and exactly 1 expected at C:\\OSPanel\\domains\\nixapp\\App\\controllers\\AuthController.php:30)"} []
[2019-01-27 12:50:27] log_channel.WARNING: E_WARNING: extract() expects parameter 1 to be array, null given {"code":2,"message":"extract() expects parameter 1 to be array, null given","file":"C:\\OSPanel\\domains\\nixapp\\Framework\\Controller.php","line":14} []
[2019-01-27 12:50:53] log_channel.WARNING: E_WARNING: extract() expects parameter 1 to be array, null given {"code":2,"message":"extract() expects parameter 1 to be array, null given","file":"C:\\OSPanel\\domains\\nixapp\\Framework\\Controller.php","line":14} []
[2019-01-27 13:12:06] log_channel.WARNING: E_WARNING: extract() expects parameter 1 to be array, null given {"code":2,"message":"extract() expects parameter 1 to be array, null given","file":"C:\\OSPanel\\domains\\nixapp\\Framework\\Controller.php","line":14} []
[2019-01-27 13:13:07] log_channel.WARNING: E_WARNING: extract() expects parameter 1 to be array, null given {"code":2,"message":"extract() expects parameter 1 to be array, null given","file":"C:\\OSPanel\\domains\\nixapp\\Framework\\Controller.php","line":14} []
[2019-01-27 13:13:21] log_channel.WARNING: E_WARNING: extract() expects parameter 1 to be array, null given {"code":2,"message":"extract() expects parameter 1 to be array, null given","file":"C:\\OSPanel\\domains\\nixapp\\Framework\\Controller.php","line":14} []
[2019-01-27 13:13:23] log_channel.WARNING: E_WARNING: extract() expects parameter 1 to be array, null given {"code":2,"message":"extract() expects parameter 1 to be array, null given","file":"C:\\OSPanel\\domains\\nixapp\\Framework\\Controller.php","line":14} []
[2019-01-27 13:14:23] log_channel.WARNING: E_WARNING: extract() expects parameter 1 to be array, null given {"code":2,"message":"extract() expects parameter 1 to be array, null given","file":"C:\\OSPanel\\domains\\nixapp\\Framework\\Controller.php","line":14} []
[2019-01-27 13:16:29] log_channel.WARNING: E_WARNING: extract() expects parameter 1 to be array, null given {"code":2,"message":"extract() expects parameter 1 to be array, null given","file":"C:\\OSPanel\\domains\\nixapp\\Framework\\Controller.php","line":14} []
[2019-01-27 13:32:28] log_channel.WARNING: E_WARNING: extract() expects parameter 1 to be array, null given {"code":2,"message":"extract() expects parameter 1 to be array, null given","file":"C:\\OSPanel\\domains\\nixapp\\Framework\\Controller.php","line":14} []
[2019-01-27 13:33:08] log_channel.WARNING: E_WARNING: extract() expects parameter 1 to be array, null given {"code":2,"message":"extract() expects parameter 1 to be array, null given","file":"C:\\OSPanel\\domains\\nixapp\\Framework\\Controller.php","line":14} []
[2019-01-27 13:38:36] log_channel.WARNING: E_WARNING: extract() expects parameter 1 to be array, null given {"code":2,"message":"extract() expects parameter 1 to be array, null given","file":"C:\\OSPanel\\domains\\nixapp\\Framework\\Controller.php","line":14} []
[2019-01-27 13:41:56] log_channel.WARNING: E_WARNING: extract() expects parameter 1 to be array, null given {"code":2,"message":"extract() expects parameter 1 to be array, null given","file":"C:\\OSPanel\\domains\\nixapp\\Framework\\Controller.php","line":14} []
[2019-01-27 13:42:13] log_channel.WARNING: E_WARNING: extract() expects parameter 1 to be array, null given {"code":2,"message":"extract() expects parameter 1 to be array, null given","file":"C:\\OSPanel\\domains\\nixapp\\Framework\\Controller.php","line":14} []
[2019-01-27 13:42:44] log_channel.WARNING: E_WARNING: extract() expects parameter 1 to be array, null given {"code":2,"message":"extract() expects parameter 1 to be array, null given","file":"C:\\OSPanel\\domains\\nixapp\\Framework\\Controller.php","line":14} []
[2019-01-27 13:44:35] log_channel.WARNING: E_WARNING: extract() expects parameter 1 to be array, null given {"code":2,"message":"extract() expects parameter 1 to be array, null given","file":"C:\\OSPanel\\domains\\nixapp\\Framework\\Controller.php","line":14} []
[2019-01-27 13:44:57] log_channel.WARNING: E_WARNING: extract() expects parameter 1 to be array, null given {"code":2,"message":"extract() expects parameter 1 to be array, null given","file":"C:\\OSPanel\\domains\\nixapp\\Framework\\Controller.php","line":14} []
[2019-01-27 13:48:26] log_channel.WARNING: E_WARNING: extract() expects parameter 1 to be array, null given {"code":2,"message":"extract() expects parameter 1 to be array, null given","file":"C:\\OSPanel\\domains\\nixapp\\Framework\\Controller.php","line":14} []
[2019-01-27 13:48:58] log_channel.WARNING: E_WARNING: extract() expects parameter 1 to be array, null given {"code":2,"message":"extract() expects parameter 1 to be array, null given","file":"C:\\OSPanel\\domains\\nixapp\\Framework\\Controller.php","line":14} []
[2019-01-27 13:51:13] log_channel.WARNING: E_WARNING: extract() expects parameter 1 to be array, null given {"code":2,"message":"extract() expects parameter 1 to be array, null given","file":"C:\\OSPanel\\domains\\nixapp\\Framework\\Controller.php","line":14} []
[2019-01-27 13:51:39] log_channel.WARNING: E_WARNING: extract() expects parameter 1 to be array, null given {"code":2,"message":"extract() expects parameter 1 to be array, null given","file":"C:\\OSPanel\\domains\\nixapp\\Framework\\Controller.php","line":14} []
[2019-01-27 13:52:18] log_channel.WARNING: E_WARNING: extract() expects parameter 1 to be array, null given {"code":2,"message":"extract() expects parameter 1 to be array, null given","file":"C:\\OSPanel\\domains\\nixapp\\Framework\\Controller.php","line":14} []
[2019-01-27 13:52:48] log_channel.WARNING: E_WARNING: extract() expects parameter 1 to be array, null given {"code":2,"message":"extract() expects parameter 1 to be array, null given","file":"C:\\OSPanel\\domains\\nixapp\\Framework\\Controller.php","line":14} []
[2019-01-27 13:53:04] log_channel.WARNING: E_WARNING: extract() expects parameter 1 to be array, null given {"code":2,"message":"extract() expects parameter 1 to be array, null given","file":"C:\\OSPanel\\domains\\nixapp\\Framework\\Controller.php","line":14} []
[2019-01-27 13:53:17] log_channel.WARNING: E_WARNING: extract() expects parameter 1 to be array, null given {"code":2,"message":"extract() expects parameter 1 to be array, null given","file":"C:\\OSPanel\\domains\\nixapp\\Framework\\Controller.php","line":14} []
[2019-01-27 13:54:32] log_channel.WARNING: E_WARNING: extract() expects parameter 1 to be array, null given {"code":2,"message":"extract() expects parameter 1 to be array, null given","file":"C:\\OSPanel\\domains\\nixapp\\Framework\\Controller.php","line":14} []
[2019-01-27 13:55:28] log_channel.WARNING: E_WARNING: extract() expects parameter 1 to be array, null given {"code":2,"message":"extract() expects parameter 1 to be array, null given","file":"C:\\OSPanel\\domains\\nixapp\\Framework\\Controller.php","line":14} []
[2019-01-27 13:56:47] log_channel.WARNING: E_WARNING: extract() expects parameter 1 to be array, null given {"code":2,"message":"extract() expects parameter 1 to be array, null given","file":"C:\\OSPanel\\domains\\nixapp\\Framework\\Controller.php","line":14} []
[2019-01-27 13:57:08] log_channel.WARNING: E_WARNING: extract() expects parameter 1 to be array, null given {"code":2,"message":"extract() expects parameter 1 to be array, null given","file":"C:\\OSPanel\\domains\\nixapp\\Framework\\Controller.php","line":14} []
[2019-01-27 13:58:19] log_channel.WARNING: E_WARNING: extract() expects parameter 1 to be array, null given {"code":2,"message":"extract() expects parameter 1 to be array, null given","file":"C:\\OSPanel\\domains\\nixapp\\Framework\\Controller.php","line":14} []
[2019-01-27 14:05:04] log_channel.WARNING: E_WARNING: extract() expects parameter 1 to be array, null given {"code":2,"message":"extract() expects parameter 1 to be array, null given","file":"C:\\OSPanel\\domains\\nixapp\\Framework\\Controller.php","line":14} []
[2019-01-27 14:05:37] log_channel.WARNING: E_WARNING: extract() expects parameter 1 to be array, null given {"code":2,"message":"extract() expects parameter 1 to be array, null given","file":"C:\\OSPanel\\domains\\nixapp\\Framework\\Controller.php","line":14} []
[2019-01-27 14:06:17] log_channel.WARNING: E_WARNING: extract() expects parameter 1 to be array, null given {"code":2,"message":"extract() expects parameter 1 to be array, null given","file":"C:\\OSPanel\\domains\\nixapp\\Framework\\Controller.php","line":14} []
[2019-01-27 14:06:44] log_channel.WARNING: E_WARNING: extract() expects parameter 1 to be array, null given {"code":2,"message":"extract() expects parameter 1 to be array, null given","file":"C:\\OSPanel\\domains\\nixapp\\Framework\\Controller.php","line":14} []
[2019-01-27 14:07:31] log_channel.WARNING: E_WARNING: extract() expects parameter 1 to be array, null given {"code":2,"message":"extract() expects parameter 1 to be array, null given","file":"C:\\OSPanel\\domains\\nixapp\\Framework\\Controller.php","line":14} []
[2019-01-27 14:08:23] log_channel.WARNING: E_WARNING: extract() expects parameter 1 to be array, null given {"code":2,"message":"extract() expects parameter 1 to be array, null given","file":"C:\\OSPanel\\domains\\nixapp\\Framework\\Controller.php","line":14} []
[2019-01-27 14:15:09] log_channel.WARNING: E_WARNING: extract() expects parameter 1 to be array, null given {"code":2,"message":"extract() expects parameter 1 to be array, null given","file":"C:\\OSPanel\\domains\\nixapp\\Framework\\Controller.php","line":14} []
[2019-01-27 14:20:41] log_channel.WARNING: E_WARNING: extract() expects parameter 1 to be array, null given {"code":2,"message":"extract() expects parameter 1 to be array, null given","file":"C:\\OSPanel\\domains\\nixapp\\Framework\\Controller.php","line":14} []
[2019-01-27 14:21:04] log_channel.WARNING: E_WARNING: extract() expects parameter 1 to be array, null given {"code":2,"message":"extract() expects parameter 1 to be array, null given","file":"C:\\OSPanel\\domains\\nixapp\\Framework\\Controller.php","line":14} []
[2019-01-27 14:21:08] log_channel.WARNING: E_WARNING: extract() expects parameter 1 to be array, null given {"code":2,"message":"extract() expects parameter 1 to be array, null given","file":"C:\\OSPanel\\domains\\nixapp\\Framework\\Controller.php","line":14} []
[2019-01-27 14:21:09] log_channel.WARNING: E_WARNING: extract() expects parameter 1 to be array, null given {"code":2,"message":"extract() expects parameter 1 to be array, null given","file":"C:\\OSPanel\\domains\\nixapp\\Framework\\Controller.php","line":14} []
[2019-01-27 14:32:09] log_channel.WARNING: E_WARNING: extract() expects parameter 1 to be array, null given {"code":2,"message":"extract() expects parameter 1 to be array, null given","file":"C:\\OSPanel\\domains\\nixapp\\Framework\\Controller.php","line":14} []
[2019-01-27 16:23:07] log_channel.WARNING: E_WARNING: extract() expects parameter 1 to be array, null given {"code":2,"message":"extract() expects parameter 1 to be array, null given","file":"C:\\OSPanel\\domains\\nixapp\\Framework\\Controller.php","line":14} []
[2019-01-27 16:23:19] log_channel.WARNING: E_WARNING: extract() expects parameter 1 to be array, null given {"code":2,"message":"extract() expects parameter 1 to be array, null given","file":"C:\\OSPanel\\domains\\nixapp\\Framework\\Controller.php","line":14} []
[2019-01-27 16:29:35] log_channel.WARNING: E_WARNING: extract() expects parameter 1 to be array, null given {"code":2,"message":"extract() expects parameter 1 to be array, null given","file":"C:\\OSPanel\\domains\\nixapp\\Framework\\Controller.php","line":14} []
[2019-01-27 16:29:46] log_channel.ERROR: Uncaught Exception Error: "Class 'Mappers\Response' not found" at C:\OSPanel\domains\nixapp\App\DataMappers\UsersMapper.php line 50 {"exception":"[object] (Error(code: 0): Class 'Mappers\\Response' not found at C:\\OSPanel\\domains\\nixapp\\App\\DataMappers\\UsersMapper.php:50)"} []
[2019-01-27 16:29:46] log_channel.ERROR: Uncaught Exception Error: "Class 'Mappers\Response' not found" at C:\OSPanel\domains\nixapp\App\DataMappers\UsersMapper.php line 50 {"exception":"[object] (Error(code: 0): Class 'Mappers\\Response' not found at C:\\OSPanel\\domains\\nixapp\\App\\DataMappers\\UsersMapper.php:50)"} []
[2019-01-27 16:30:25] log_channel.WARNING: E_WARNING: extract() expects parameter 1 to be array, null given {"code":2,"message":"extract() expects parameter 1 to be array, null given","file":"C:\\OSPanel\\domains\\nixapp\\Framework\\Controller.php","line":14} []
[2019-01-27 16:31:40] log_channel.WARNING: E_WARNING: extract() expects parameter 1 to be array, null given {"code":2,"message":"extract() expects parameter 1 to be array, null given","file":"C:\\OSPanel\\domains\\nixapp\\Framework\\Controller.php","line":14} []
[2019-01-27 16:31:52] log_channel.ERROR: Uncaught Exception Error: "Class 'Mappers\Response' not found" at C:\OSPanel\domains\nixapp\App\DataMappers\UsersMapper.php line 50 {"exception":"[object] (Error(code: 0): Class 'Mappers\\Response' not found at C:\\OSPanel\\domains\\nixapp\\App\\DataMappers\\UsersMapper.php:50)"} []
[2019-01-27 16:31:52] log_channel.ERROR: Uncaught Exception Error: "Class 'Mappers\Response' not found" at C:\OSPanel\domains\nixapp\App\DataMappers\UsersMapper.php line 50 {"exception":"[object] (Error(code: 0): Class 'Mappers\\Response' not found at C:\\OSPanel\\domains\\nixapp\\App\\DataMappers\\UsersMapper.php:50)"} []
[2019-01-27 16:33:01] log_channel.WARNING: E_WARNING: extract() expects parameter 1 to be array, null given {"code":2,"message":"extract() expects parameter 1 to be array, null given","file":"C:\\OSPanel\\domains\\nixapp\\Framework\\Controller.php","line":14} []
[2019-01-27 16:33:13] log_channel.ERROR: Uncaught Exception Error: "Class 'Mappers\Response' not found" at C:\OSPanel\domains\nixapp\App\DataMappers\UsersMapper.php line 50 {"exception":"[object] (Error(code: 0): Class 'Mappers\\Response' not found at C:\\OSPanel\\domains\\nixapp\\App\\DataMappers\\UsersMapper.php:50)"} []
[2019-01-27 16:33:13] log_channel.ERROR: Uncaught Exception Error: "Class 'Mappers\Response' not found" at C:\OSPanel\domains\nixapp\App\DataMappers\UsersMapper.php line 50 {"exception":"[object] (Error(code: 0): Class 'Mappers\\Response' not found at C:\\OSPanel\\domains\\nixapp\\App\\DataMappers\\UsersMapper.php:50)"} []
[2019-01-27 16:33:38] log_channel.ERROR: Uncaught Exception Error: "Class 'Mappers\Response' not found" at C:\OSPanel\domains\nixapp\App\DataMappers\UsersMapper.php line 50 {"exception":"[object] (Error(code: 0): Class 'Mappers\\Response' not found at C:\\OSPanel\\domains\\nixapp\\App\\DataMappers\\UsersMapper.php:50)"} []
[2019-01-27 16:33:38] log_channel.ERROR: Uncaught Exception Error: "Class 'Mappers\Response' not found" at C:\OSPanel\domains\nixapp\App\DataMappers\UsersMapper.php line 50 {"exception":"[object] (Error(code: 0): Class 'Mappers\\Response' not found at C:\\OSPanel\\domains\\nixapp\\App\\DataMappers\\UsersMapper.php:50)"} []
[2019-01-27 16:34:33] log_channel.WARNING: E_WARNING: extract() expects parameter 1 to be array, null given {"code":2,"message":"extract() expects parameter 1 to be array, null given","file":"C:\\OSPanel\\domains\\nixapp\\Framework\\Controller.php","line":14} []
[2019-01-27 16:34:48] log_channel.ERROR: Uncaught Exception Error: "Class 'Mappers\Response' not found" at C:\OSPanel\domains\nixapp\App\DataMappers\UsersMapper.php line 50 {"exception":"[object] (Error(code: 0): Class 'Mappers\\Response' not found at C:\\OSPanel\\domains\\nixapp\\App\\DataMappers\\UsersMapper.php:50)"} []
[2019-01-27 16:34:48] log_channel.ERROR: Uncaught Exception Error: "Class 'Mappers\Response' not found" at C:\OSPanel\domains\nixapp\App\DataMappers\UsersMapper.php line 50 {"exception":"[object] (Error(code: 0): Class 'Mappers\\Response' not found at C:\\OSPanel\\domains\\nixapp\\App\\DataMappers\\UsersMapper.php:50)"} []
[2019-01-27 16:36:36] log_channel.WARNING: E_WARNING: extract() expects parameter 1 to be array, null given {"code":2,"message":"extract() expects parameter 1 to be array, null given","file":"C:\\OSPanel\\domains\\nixapp\\Framework\\Controller.php","line":14} []
[2019-01-27 16:36:45] log_channel.ERROR: Uncaught Exception Error: "Class 'Mappers\Response' not found" at C:\OSPanel\domains\nixapp\App\DataMappers\UsersMapper.php line 50 {"exception":"[object] (Error(code: 0): Class 'Mappers\\Response' not found at C:\\OSPanel\\domains\\nixapp\\App\\DataMappers\\UsersMapper.php:50)"} []
[2019-01-27 16:36:45] log_channel.ERROR: Uncaught Exception Error: "Class 'Mappers\Response' not found" at C:\OSPanel\domains\nixapp\App\DataMappers\UsersMapper.php line 50 {"exception":"[object] (Error(code: 0): Class 'Mappers\\Response' not found at C:\\OSPanel\\domains\\nixapp\\App\\DataMappers\\UsersMapper.php:50)"} []
[2019-01-27 16:37:02] log_channel.WARNING: E_WARNING: extract() expects parameter 1 to be array, null given {"code":2,"message":"extract() expects parameter 1 to be array, null given","file":"C:\\OSPanel\\domains\\nixapp\\Framework\\Controller.php","line":14} []
[2019-01-27 16:37:08] log_channel.ERROR: Uncaught Exception Error: "Class 'Mappers\Response' not found" at C:\OSPanel\domains\nixapp\App\DataMappers\UsersMapper.php line 50 {"exception":"[object] (Error(code: 0): Class 'Mappers\\Response' not found at C:\\OSPanel\\domains\\nixapp\\App\\DataMappers\\UsersMapper.php:50)"} []
[2019-01-27 16:37:08] log_channel.ERROR: Uncaught Exception Error: "Class 'Mappers\Response' not found" at C:\OSPanel\domains\nixapp\App\DataMappers\UsersMapper.php line 50 {"exception":"[object] (Error(code: 0): Class 'Mappers\\Response' not found at C:\\OSPanel\\domains\\nixapp\\App\\DataMappers\\UsersMapper.php:50)"} []
[2019-01-27 16:37:51] log_channel.WARNING: E_WARNING: extract() expects parameter 1 to be array, null given {"code":2,"message":"extract() expects parameter 1 to be array, null given","file":"C:\\OSPanel\\domains\\nixapp\\Framework\\Controller.php","line":14} []
[2019-01-27 16:37:56] log_channel.ERROR: Uncaught Exception Error: "Class 'Mappers\Response' not found" at C:\OSPanel\domains\nixapp\App\DataMappers\UsersMapper.php line 50 {"exception":"[object] (Error(code: 0): Class 'Mappers\\Response' not found at C:\\OSPanel\\domains\\nixapp\\App\\DataMappers\\UsersMapper.php:50)"} []
[2019-01-27 16:37:56] log_channel.ERROR: Uncaught Exception Error: "Class 'Mappers\Response' not found" at C:\OSPanel\domains\nixapp\App\DataMappers\UsersMapper.php line 50 {"exception":"[object] (Error(code: 0): Class 'Mappers\\Response' not found at C:\\OSPanel\\domains\\nixapp\\App\\DataMappers\\UsersMapper.php:50)"} []
[2019-01-27 16:43:18] log_channel.WARNING: E_WARNING: extract() expects parameter 1 to be array, null given {"code":2,"message":"extract() expects parameter 1 to be array, null given","file":"C:\\OSPanel\\domains\\nixapp\\Framework\\Controller.php","line":14} []
[2019-01-27 16:45:02] log_channel.WARNING: E_WARNING: extract() expects parameter 1 to be array, null given {"code":2,"message":"extract() expects parameter 1 to be array, null given","file":"C:\\OSPanel\\domains\\nixapp\\Framework\\Controller.php","line":14} []
[2019-01-27 16:45:40] log_channel.WARNING: E_WARNING: extract() expects parameter 1 to be array, null given {"code":2,"message":"extract() expects parameter 1 to be array, null given","file":"C:\\OSPanel\\domains\\nixapp\\Framework\\Controller.php","line":14} []
[2019-01-27 16:47:41] log_channel.WARNING: E_WARNING: extract() expects parameter 1 to be array, null given {"code":2,"message":"extract() expects parameter 1 to be array, null given","file":"C:\\OSPanel\\domains\\nixapp\\Framework\\Controller.php","line":14} []
[2019-01-27 16:48:48] log_channel.WARNING: E_WARNING: extract() expects parameter 1 to be array, null given {"code":2,"message":"extract() expects parameter 1 to be array, null given","file":"C:\\OSPanel\\domains\\nixapp\\Framework\\Controller.php","line":14} []
[2019-01-27 17:27:34] log_channel.WARNING: E_WARNING: extract() expects parameter 1 to be array, null given {"code":2,"message":"extract() expects parameter 1 to be array, null given","file":"C:\\OSPanel\\domains\\nixapp\\Framework\\Controller.php","line":14} []
[2019-01-27 17:27:35] log_channel.WARNING: E_WARNING: extract() expects parameter 1 to be array, null given {"code":2,"message":"extract() expects parameter 1 to be array, null given","file":"C:\\OSPanel\\domains\\nixapp\\Framework\\Controller.php","line":14} []
[2019-01-27 17:29:12] log_channel.WARNING: E_WARNING: extract() expects parameter 1 to be array, null given {"code":2,"message":"extract() expects parameter 1 to be array, null given","file":"C:\\OSPanel\\domains\\nixapp\\Framework\\Controller.php","line":14} []
[2019-01-27 17:29:42] log_channel.WARNING: E_WARNING: extract() expects parameter 1 to be array, null given {"code":2,"message":"extract() expects parameter 1 to be array, null given","file":"C:\\OSPanel\\domains\\nixapp\\Framework\\Controller.php","line":14} []
[2019-01-27 17:29:46] log_channel.WARNING: E_WARNING: extract() expects parameter 1 to be array, null given {"code":2,"message":"extract() expects parameter 1 to be array, null given","file":"C:\\OSPanel\\domains\\nixapp\\Framework\\Controller.php","line":14} []
[2019-01-27 17:29:49] log_channel.WARNING: E_WARNING: extract() expects parameter 1 to be array, null given {"code":2,"message":"extract() expects parameter 1 to be array, null given","file":"C:\\OSPanel\\domains\\nixapp\\Framework\\Controller.php","line":14} []
[2019-01-27 17:30:40] log_channel.WARNING: E_WARNING: extract() expects parameter 1 to be array, null given {"code":2,"message":"extract() expects parameter 1 to be array, null given","file":"C:\\OSPanel\\domains\\nixapp\\Framework\\Controller.php","line":14} []
[2019-01-27 17:30:48] log_channel.WARNING: E_WARNING: extract() expects parameter 1 to be array, null given {"code":2,"message":"extract() expects parameter 1 to be array, null given","file":"C:\\OSPanel\\domains\\nixapp\\Framework\\Controller.php","line":14} []
[2019-01-27 17:30:49] log_channel.WARNING: E_WARNING: extract() expects parameter 1 to be array, null given {"code":2,"message":"extract() expects parameter 1 to be array, null given","file":"C:\\OSPanel\\domains\\nixapp\\Framework\\Controller.php","line":14} []
[2019-01-27 17:31:48] log_channel.WARNING: E_WARNING: extract() expects parameter 1 to be array, null given {"code":2,"message":"extract() expects parameter 1 to be array, null given","file":"C:\\OSPanel\\domains\\nixapp\\Framework\\Controller.php","line":14} []
[2019-01-27 17:32:29] log_channel.WARNING: E_WARNING: extract() expects parameter 1 to be array, null given {"code":2,"message":"extract() expects parameter 1 to be array, null given","file":"C:\\OSPanel\\domains\\nixapp\\Framework\\Controller.php","line":14} []
[2019-01-27 17:32:47] log_channel.WARNING: E_WARNING: extract() expects parameter 1 to be array, null given {"code":2,"message":"extract() expects parameter 1 to be array, null given","file":"C:\\OSPanel\\domains\\nixapp\\Framework\\Controller.php","line":14} []
[2019-01-27 17:33:18] log_channel.WARNING: E_WARNING: extract() expects parameter 1 to be array, null given {"code":2,"message":"extract() expects parameter 1 to be array, null given","file":"C:\\OSPanel\\domains\\nixapp\\Framework\\Controller.php","line":14} []
[2019-01-27 17:34:03] log_channel.WARNING: E_WARNING: extract() expects parameter 1 to be array, null given {"code":2,"message":"extract() expects parameter 1 to be array, null given","file":"C:\\OSPanel\\domains\\nixapp\\Framework\\Controller.php","line":14} []
[2019-01-27 17:37:30] log_channel.WARNING: E_WARNING: extract() expects parameter 1 to be array, null given {"code":2,"message":"extract() expects parameter 1 to be array, null given","file":"C:\\OSPanel\\domains\\nixapp\\Framework\\Controller.php","line":14} []
[2019-01-27 17:39:56] log_channel.WARNING: E_WARNING: extract() expects parameter 1 to be array, null given {"code":2,"message":"extract() expects parameter 1 to be array, null given","file":"C:\\OSPanel\\domains\\nixapp\\Framework\\Controller.php","line":14} []
[2019-01-27 17:40:19] log_channel.WARNING: E_WARNING: extract() expects parameter 1 to be array, null given {"code":2,"message":"extract() expects parameter 1 to be array, null given","file":"C:\\OSPanel\\domains\\nixapp\\Framework\\Controller.php","line":14} []
[2019-01-27 17:44:32] log_channel.WARNING: E_WARNING: extract() expects parameter 1 to be array, null given {"code":2,"message":"extract() expects parameter 1 to be array, null given","file":"C:\\OSPanel\\domains\\nixapp\\Framework\\Controller.php","line":14} []
[2019-01-27 17:44:34] log_channel.WARNING: E_WARNING: extract() expects parameter 1 to be array, null given {"code":2,"message":"extract() expects parameter 1 to be array, null given","file":"C:\\OSPanel\\domains\\nixapp\\Framework\\Controller.php","line":14} []
[2019-01-27 17:45:01] log_channel.WARNING: E_WARNING: extract() expects parameter 1 to be array, null given {"code":2,"message":"extract() expects parameter 1 to be array, null given","file":"C:\\OSPanel\\domains\\nixapp\\Framework\\Controller.php","line":14} []
[2019-01-27 17:45:02] log_channel.WARNING: E_WARNING: extract() expects parameter 1 to be array, null given {"code":2,"message":"extract() expects parameter 1 to be array, null given","file":"C:\\OSPanel\\domains\\nixapp\\Framework\\Controller.php","line":14} []
[2019-01-27 17:45:32] log_channel.WARNING: E_WARNING: extract() expects parameter 1 to be array, null given {"code":2,"message":"extract() expects parameter 1 to be array, null given","file":"C:\\OSPanel\\domains\\nixapp\\Framework\\Controller.php","line":14} []
[2019-01-27 17:46:17] log_channel.WARNING: E_WARNING: extract() expects parameter 1 to be array, null given {"code":2,"message":"extract() expects parameter 1 to be array, null given","file":"C:\\OSPanel\\domains\\nixapp\\Framework\\Controller.php","line":14} []
[2019-01-27 17:47:00] log_channel.WARNING: E_WARNING: extract() expects parameter 1 to be array, null given {"code":2,"message":"extract() expects parameter 1 to be array, null given","file":"C:\\OSPanel\\domains\\nixapp\\Framework\\Controller.php","line":14} []
[2019-01-27 17:47:12] log_channel.WARNING: E_WARNING: extract() expects parameter 1 to be array, null given {"code":2,"message":"extract() expects parameter 1 to be array, null given","file":"C:\\OSPanel\\domains\\nixapp\\Framework\\Controller.php","line":14} []
[2019-01-27 17:47:14] log_channel.WARNING: E_WARNING: extract() expects parameter 1 to be array, null given {"code":2,"message":"extract() expects parameter 1 to be array, null given","file":"C:\\OSPanel\\domains\\nixapp\\Framework\\Controller.php","line":14} []
[2019-01-27 17:47:30] log_channel.WARNING: E_WARNING: extract() expects parameter 1 to be array, null given {"code":2,"message":"extract() expects parameter 1 to be array, null given","file":"C:\\OSPanel\\domains\\nixapp\\Framework\\Controller.php","line":14} []
[2019-01-27 17:47:33] log_channel.WARNING: E_WARNING: extract() expects parameter 1 to be array, null given {"code":2,"message":"extract() expects parameter 1 to be array, null given","file":"C:\\OSPanel\\domains\\nixapp\\Framework\\Controller.php","line":14} []
[2019-01-27 17:48:52] log_channel.WARNING: E_WARNING: extract() expects parameter 1 to be array, null given {"code":2,"message":"extract() expects parameter 1 to be array, null given","file":"C:\\OSPanel\\domains\\nixapp\\Framework\\Controller.php","line":14} []
[2019-01-27 17:48:53] log_channel.WARNING: E_WARNING: extract() expects parameter 1 to be array, null given {"code":2,"message":"extract() expects parameter 1 to be array, null given","file":"C:\\OSPanel\\domains\\nixapp\\Framework\\Controller.php","line":14} []
[2019-01-27 17:49:02] log_channel.ERROR: Uncaught Exception Error: "Class 'Mappers\Response' not found" at C:\OSPanel\domains\nixapp\App\DataMappers\UsersMapper.php line 50 {"exception":"[object] (Error(code: 0): Class 'Mappers\\Response' not found at C:\\OSPanel\\domains\\nixapp\\App\\DataMappers\\UsersMapper.php:50)"} []
[2019-01-27 17:49:02] log_channel.ERROR: Uncaught Exception Error: "Class 'Mappers\Response' not found" at C:\OSPanel\domains\nixapp\App\DataMappers\UsersMapper.php line 50 {"exception":"[object] (Error(code: 0): Class 'Mappers\\Response' not found at C:\\OSPanel\\domains\\nixapp\\App\\DataMappers\\UsersMapper.php:50)"} []
[2019-01-27 17:49:52] log_channel.WARNING: E_WARNING: extract() expects parameter 1 to be array, null given {"code":2,"message":"extract() expects parameter 1 to be array, null given","file":"C:\\OSPanel\\domains\\nixapp\\Framework\\Controller.php","line":14} []
[2019-01-27 17:50:21] log_channel.WARNING: E_WARNING: extract() expects parameter 1 to be array, null given {"code":2,"message":"extract() expects parameter 1 to be array, null given","file":"C:\\OSPanel\\domains\\nixapp\\Framework\\Controller.php","line":14} []
[2019-01-27 17:50:37] log_channel.WARNING: E_WARNING: extract() expects parameter 1 to be array, null given {"code":2,"message":"extract() expects parameter 1 to be array, null given","file":"C:\\OSPanel\\domains\\nixapp\\Framework\\Controller.php","line":14} []
[2019-01-27 17:51:08] log_channel.WARNING: E_WARNING: extract() expects parameter 1 to be array, null given {"code":2,"message":"extract() expects parameter 1 to be array, null given","file":"C:\\OSPanel\\domains\\nixapp\\Framework\\Controller.php","line":14} []
[2019-01-27 17:52:40] log_channel.WARNING: E_WARNING: extract() expects parameter 1 to be array, null given {"code":2,"message":"extract() expects parameter 1 to be array, null given","file":"C:\\OSPanel\\domains\\nixapp\\Framework\\Controller.php","line":14} []
[2019-01-27 19:06:30] log_channel.WARNING: E_WARNING: extract() expects parameter 1 to be array, null given {"code":2,"message":"extract() expects parameter 1 to be array, null given","file":"C:\\OSPanel\\domains\\nixapp\\Framework\\Controller.php","line":14} []
[2019-01-27 19:06:31] log_channel.ERROR: Uncaught Exception PDOException: "SQLSTATE[HY000] [2002]   , ..      . " at C:\OSPanel\domains\nixapp\Framework\Database.php line 31  []
[2019-01-27 19:06:31] log_channel.ERROR: Uncaught Exception PDOException: "SQLSTATE[HY000] [2002]   , ..      . " at C:\OSPanel\domains\nixapp\Framework\Database.php line 31  []
[2019-01-27 19:06:38] log_channel.WARNING: E_WARNING: extract() expects parameter 1 to be array, null given {"code":2,"message":"extract() expects parameter 1 to be array, null given","file":"C:\\OSPanel\\domains\\nixapp\\Framework\\Controller.php","line":14} []
[2019-01-27 19:07:53] log_channel.WARNING: E_WARNING: extract() expects parameter 1 to be array, null given {"code":2,"message":"extract() expects parameter 1 to be array, null given","file":"C:\\OSPanel\\domains\\nixapp\\Framework\\Controller.php","line":14} []
[2019-01-27 19:07:54] log_channel.WARNING: E_WARNING: extract() expects parameter 1 to be array, null given {"code":2,"message":"extract() expects parameter 1 to be array, null given","file":"C:\\OSPanel\\domains\\nixapp\\Framework\\Controller.php","line":14} []
[2019-01-27 19:49:27] log_channel.WARNING: E_WARNING: extract() expects parameter 1 to be array, null given {"code":2,"message":"extract() expects parameter 1 to be array, null given","file":"C:\\OSPanel\\domains\\nixapp\\Framework\\Controller.php","line":14} []
[2019-01-27 19:49:28] log_channel.WARNING: E_WARNING: extract() expects parameter 1 to be array, null given {"code":2,"message":"extract() expects parameter 1 to be array, null given","file":"C:\\OSPanel\\domains\\nixapp\\Framework\\Controller.php","line":14} []
[2019-01-27 19:50:16] log_channel.WARNING: E_WARNING: extract() expects parameter 1 to be array, null given {"code":2,"message":"extract() expects parameter 1 to be array, null given","file":"C:\\OSPanel\\domains\\nixapp\\Framework\\Controller.php","line":14} []
[2019-01-27 19:51:20] log_channel.WARNING: E_WARNING: extract() expects parameter 1 to be array, null given {"code":2,"message":"extract() expects parameter 1 to be array, null given","file":"C:\\OSPanel\\domains\\nixapp\\Framework\\Controller.php","line":14} []
[2019-01-27 19:51:20] log_channel.ERROR: Uncaught Exception ParseError: "syntax error, unexpected ';', expecting ',' or ')'" at C:\OSPanel\domains\nixapp\App\models\User.php line 168 {"exception":"[object] (ParseError(code: 0): syntax error, unexpected ';', expecting ',' or ')' at C:\\OSPanel\\domains\\nixapp\\App\\models\\User.php:168)"} []
[2019-01-27 19:51:20] log_channel.ERROR: Uncaught Exception ParseError: "syntax error, unexpected ';', expecting ',' or ')'" at C:\OSPanel\domains\nixapp\App\models\User.php line 168 {"exception":"[object] (ParseError(code: 0): syntax error, unexpected ';', expecting ',' or ')' at C:\\OSPanel\\domains\\nixapp\\App\\models\\User.php:168)"} []
[2019-01-27 19:51:20] log_channel.ERROR: Uncaught Exception ParseError: "syntax error, unexpected ';', expecting ',' or ')'" at C:\OSPanel\domains\nixapp\App\models\User.php line 168 {"exception":"[object] (ParseError(code: 0): syntax error, unexpected ';', expecting ',' or ')' at C:\\OSPanel\\domains\\nixapp\\App\\models\\User.php:168)"} []
[2019-01-27 19:51:20] log_channel.ERROR: Uncaught Exception ParseError: "syntax error, unexpected ';', expecting ',' or ')'" at C:\OSPanel\domains\nixapp\App\models\User.php line 168 {"exception":"[object] (ParseError(code: 0): syntax error, unexpected ';', expecting ',' or ')' at C:\\OSPanel\\domains\\nixapp\\App\\models\\User.php:168)"} []
[2019-01-27 19:51:33] log_channel.WARNING: E_WARNING: extract() expects parameter 1 to be array, null given {"code":2,"message":"extract() expects parameter 1 to be array, null given","file":"C:\\OSPanel\\domains\\nixapp\\Framework\\Controller.php","line":14} []
[2019-01-27 19:53:07] log_channel.WARNING: E_WARNING: extract() expects parameter 1 to be array, null given {"code":2,"message":"extract() expects parameter 1 to be array, null given","file":"C:\\OSPanel\\domains\\nixapp\\Framework\\Controller.php","line":14} []
[2019-01-27 19:53:32] log_channel.WARNING: E_WARNING: extract() expects parameter 1 to be array, null given {"code":2,"message":"extract() expects parameter 1 to be array, null given","file":"C:\\OSPanel\\domains\\nixapp\\Framework\\Controller.php","line":14} []
[2019-01-27 19:54:17] log_channel.WARNING: E_WARNING: extract() expects parameter 1 to be array, null given {"code":2,"message":"extract() expects parameter 1 to be array, null given","file":"C:\\OSPanel\\domains\\nixapp\\Framework\\Controller.php","line":14} []
[2019-01-27 19:54:48] log_channel.WARNING: E_WARNING: extract() expects parameter 1 to be array, null given {"code":2,"message":"extract() expects parameter 1 to be array, null given","file":"C:\\OSPanel\\domains\\nixapp\\Framework\\Controller.php","line":14} []
[2019-01-27 19:55:16] log_channel.WARNING: E_WARNING: extract() expects parameter 1 to be array, null given {"code":2,"message":"extract() expects parameter 1 to be array, null given","file":"C:\\OSPanel\\domains\\nixapp\\Framework\\Controller.php","line":14} []
[2019-01-27 19:55:29] log_channel.WARNING: E_WARNING: extract() expects parameter 1 to be array, null given {"code":2,"message":"extract() expects parameter 1 to be array, null given","file":"C:\\OSPanel\\domains\\nixapp\\Framework\\Controller.php","line":14} []
[2019-01-27 19:55:37] log_channel.WARNING: E_WARNING: extract() expects parameter 1 to be array, null given {"code":2,"message":"extract() expects parameter 1 to be array, null given","file":"C:\\OSPanel\\domains\\nixapp\\Framework\\Controller.php","line":14} []
[2019-01-27 19:56:18] log_channel.WARNING: E_WARNING: extract() expects parameter 1 to be array, null given {"code":2,"message":"extract() expects parameter 1 to be array, null given","file":"C:\\OSPanel\\domains\\nixapp\\Framework\\Controller.php","line":14} []
[2019-01-27 19:56:42] log_channel.WARNING: E_WARNING: extract() expects parameter 1 to be array, null given {"code":2,"message":"extract() expects parameter 1 to be array, null given","file":"C:\\OSPanel\\domains\\nixapp\\Framework\\Controller.php","line":14} []
[2019-01-27 19:57:07] log_channel.WARNING: E_WARNING: extract() expects parameter 1 to be array, null given {"code":2,"message":"extract() expects parameter 1 to be array, null given","file":"C:\\OSPanel\\domains\\nixapp\\Framework\\Controller.php","line":14} []
[2019-01-27 19:58:07] log_channel.WARNING: E_WARNING: extract() expects parameter 1 to be array, null given {"code":2,"message":"extract() expects parameter 1 to be array, null given","file":"C:\\OSPanel\\domains\\nixapp\\Framework\\Controller.php","line":14} []
[2019-01-27 19:59:00] log_channel.WARNING: E_WARNING: extract() expects parameter 1 to be array, null given {"code":2,"message":"extract() expects parameter 1 to be array, null given","file":"C:\\OSPanel\\domains\\nixapp\\Framework\\Controller.php","line":14} []
[2019-01-27 19:59:45] log_channel.WARNING: E_WARNING: extract() expects parameter 1 to be array, null given {"code":2,"message":"extract() expects parameter 1 to be array, null given","file":"C:\\OSPanel\\domains\\nixapp\\Framework\\Controller.php","line":14} []
[2019-01-27 20:01:57] log_channel.WARNING: E_WARNING: extract() expects parameter 1 to be array, null given {"code":2,"message":"extract() expects parameter 1 to be array, null given","file":"C:\\OSPanel\\domains\\nixapp\\Framework\\Controller.php","line":14} []
[2019-01-27 20:02:29] log_channel.WARNING: E_WARNING: extract() expects parameter 1 to be array, null given {"code":2,"message":"extract() expects parameter 1 to be array, null given","file":"C:\\OSPanel\\domains\\nixapp\\Framework\\Controller.php","line":14} []
[2019-01-27 20:03:00] log_channel.WARNING: E_WARNING: extract() expects parameter 1 to be array, null given {"code":2,"message":"extract() expects parameter 1 to be array, null given","file":"C:\\OSPanel\\domains\\nixapp\\Framework\\Controller.php","line":14} []
[2019-01-27 20:04:07] log_channel.WARNING: E_WARNING: extract() expects parameter 1 to be array, null given {"code":2,"message":"extract() expects parameter 1 to be array, null given","file":"C:\\OSPanel\\domains\\nixapp\\Framework\\Controller.php","line":14} []
[2019-01-27 20:04:55] log_channel.WARNING: E_WARNING: extract() expects parameter 1 to be array, null given {"code":2,"message":"extract() expects parameter 1 to be array, null given","file":"C:\\OSPanel\\domains\\nixapp\\Framework\\Controller.php","line":14} []
[2019-01-27 20:05:38] log_channel.WARNING: E_WARNING: extract() expects parameter 1 to be array, null given {"code":2,"message":"extract() expects parameter 1 to be array, null given","file":"C:\\OSPanel\\domains\\nixapp\\Framework\\Controller.php","line":14} []
[2019-01-27 20:05:46] log_channel.WARNING: E_WARNING: extract() expects parameter 1 to be array, null given {"code":2,"message":"extract() expects parameter 1 to be array, null given","file":"C:\\OSPanel\\domains\\nixapp\\Framework\\Controller.php","line":14} []
[2019-01-27 20:05:47] log_channel.WARNING: E_WARNING: extract() expects parameter 1 to be array, null given {"code":2,"message":"extract() expects parameter 1 to be array, null given","file":"C:\\OSPanel\\domains\\nixapp\\Framework\\Controller.php","line":14} []
[2019-01-27 20:06:23] log_channel.WARNING: E_WARNING: extract() expects parameter 1 to be array, null given {"code":2,"message":"extract() expects parameter 1 to be array, null given","file":"C:\\OSPanel\\domains\\nixapp\\Framework\\Controller.php","line":14} []
[2019-01-27 20:06:54] log_channel.WARNING: E_WARNING: extract() expects parameter 1 to be array, null given {"code":2,"message":"extract() expects parameter 1 to be array, null given","file":"C:\\OSPanel\\domains\\nixapp\\Framework\\Controller.php","line":14} []
[2019-01-27 20:07:28] log_channel.WARNING: E_WARNING: extract() expects parameter 1 to be array, null given {"code":2,"message":"extract() expects parameter 1 to be array, null given","file":"C:\\OSPanel\\domains\\nixapp\\Framework\\Controller.php","line":14} []
[2019-01-27 20:09:59] log_channel.WARNING: E_WARNING: extract() expects parameter 1 to be array, null given {"code":2,"message":"extract() expects parameter 1 to be array, null given","file":"C:\\OSPanel\\domains\\nixapp\\Framework\\Controller.php","line":14} []
[2019-01-27 20:10:21] log_channel.WARNING: E_WARNING: extract() expects parameter 1 to be array, null given {"code":2,"message":"extract() expects parameter 1 to be array, null given","file":"C:\\OSPanel\\domains\\nixapp\\Framework\\Controller.php","line":14} []
[2019-01-27 20:11:52] log_channel.WARNING: E_WARNING: extract() expects parameter 1 to be array, null given {"code":2,"message":"extract() expects parameter 1 to be array, null given","file":"C:\\OSPanel\\domains\\nixapp\\Framework\\Controller.php","line":14} []
[2019-01-27 20:12:13] log_channel.WARNING: E_WARNING: extract() expects parameter 1 to be array, null given {"code":2,"message":"extract() expects parameter 1 to be array, null given","file":"C:\\OSPanel\\domains\\nixapp\\Framework\\Controller.php","line":14} []
[2019-01-27 20:12:32] log_channel.WARNING: E_WARNING: extract() expects parameter 1 to be array, null given {"code":2,"message":"extract() expects parameter 1 to be array, null given","file":"C:\\OSPanel\\domains\\nixapp\\Framework\\Controller.php","line":14} []
[2019-01-27 20:13:06] log_channel.WARNING: E_WARNING: extract() expects parameter 1 to be array, null given {"code":2,"message":"extract() expects parameter 1 to be array, null given","file":"C:\\OSPanel\\domains\\nixapp\\Framework\\Controller.php","line":14} []
[2019-01-27 20:14:38] log_channel.WARNING: E_WARNING: extract() expects parameter 1 to be array, null given {"code":2,"message":"extract() expects parameter 1 to be array, null given","file":"C:\\OSPanel\\domains\\nixapp\\Framework\\Controller.php","line":14} []
[2019-01-27 20:15:51] log_channel.WARNING: E_WARNING: extract() expects parameter 1 to be array, null given {"code":2,"message":"extract() expects parameter 1 to be array, null given","file":"C:\\OSPanel\\domains\\nixapp\\Framework\\Controller.php","line":14} []
[2019-01-27 20:16:10] log_channel.WARNING: E_WARNING: extract() expects parameter 1 to be array, null given {"code":2,"message":"extract() expects parameter 1 to be array, null given","file":"C:\\OSPanel\\domains\\nixapp\\Framework\\Controller.php","line":14} []
[2019-01-27 20:17:22] log_channel.WARNING: E_WARNING: extract() expects parameter 1 to be array, null given {"code":2,"message":"extract() expects parameter 1 to be array, null given","file":"C:\\OSPanel\\domains\\nixapp\\Framework\\Controller.php","line":14} []
[2019-01-27 20:18:41] log_channel.WARNING: E_WARNING: extract() expects parameter 1 to be array, null given {"code":2,"message":"extract() expects parameter 1 to be array, null given","file":"C:\\OSPanel\\domains\\nixapp\\Framework\\Controller.php","line":14} []
[2019-01-27 20:19:27] log_channel.WARNING: E_WARNING: extract() expects parameter 1 to be array, null given {"code":2,"message":"extract() expects parameter 1 to be array, null given","file":"C:\\OSPanel\\domains\\nixapp\\Framework\\Controller.php","line":14} []
[2019-01-27 20:21:22] log_channel.WARNING: E_WARNING: extract() expects parameter 1 to be array, null given {"code":2,"message":"extract() expects parameter 1 to be array, null given","file":"C:\\OSPanel\\domains\\nixapp\\Framework\\Controller.php","line":14} []
[2019-01-27 20:23:31] log_channel.WARNING: E_WARNING: extract() expects parameter 1 to be array, null given {"code":2,"message":"extract() expects parameter 1 to be array, null given","file":"C:\\OSPanel\\domains\\nixapp\\Framework\\Controller.php","line":14} []
[2019-01-27 20:23:53] log_channel.WARNING: E_WARNING: extract() expects parameter 1 to be array, null given {"code":2,"message":"extract() expects parameter 1 to be array, null given","file":"C:\\OSPanel\\domains\\nixapp\\Framework\\Controller.php","line":14} []
[2019-01-27 20:24:27] log_channel.WARNING: E_WARNING: extract() expects parameter 1 to be array, null given {"code":2,"message":"extract() expects parameter 1 to be array, null given","file":"C:\\OSPanel\\domains\\nixapp\\Framework\\Controller.php","line":14} []
[2019-01-27 20:28:51] log_channel.WARNING: E_WARNING: extract() expects parameter 1 to be array, null given {"code":2,"message":"extract() expects parameter 1 to be array, null given","file":"C:\\OSPanel\\domains\\nixapp\\Framework\\Controller.php","line":14} []
[2019-01-27 20:30:56] log_channel.WARNING: E_WARNING: extract() expects parameter 1 to be array, null given {"code":2,"message":"extract() expects parameter 1 to be array, null given","file":"C:\\OSPanel\\domains\\nixapp\\Framework\\Controller.php","line":14} []
[2019-01-27 20:32:16] log_channel.WARNING: E_WARNING: extract() expects parameter 1 to be array, null given {"code":2,"message":"extract() expects parameter 1 to be array, null given","file":"C:\\OSPanel\\domains\\nixapp\\Framework\\Controller.php","line":14} []
[2019-01-27 20:32:46] log_channel.WARNING: E_WARNING: extract() expects parameter 1 to be array, null given {"code":2,"message":"extract() expects parameter 1 to be array, null given","file":"C:\\OSPanel\\domains\\nixapp\\Framework\\Controller.php","line":14} []
[2019-01-27 20:33:10] log_channel.WARNING: E_WARNING: extract() expects parameter 1 to be array, null given {"code":2,"message":"extract() expects parameter 1 to be array, null given","file":"C:\\OSPanel\\domains\\nixapp\\Framework\\Controller.php","line":14} []
[2019-01-27 20:33:49] log_channel.WARNING: E_WARNING: extract() expects parameter 1 to be array, null given {"code":2,"message":"extract() expects parameter 1 to be array, null given","file":"C:\\OSPanel\\domains\\nixapp\\Framework\\Controller.php","line":14} []
[2019-01-27 20:34:29] log_channel.WARNING: E_WARNING: extract() expects parameter 1 to be array, null given {"code":2,"message":"extract() expects parameter 1 to be array, null given","file":"C:\\OSPanel\\domains\\nixapp\\Framework\\Controller.php","line":14} []
[2019-01-27 20:35:20] log_channel.WARNING: E_WARNING: extract() expects parameter 1 to be array, null given {"code":2,"message":"extract() expects parameter 1 to be array, null given","file":"C:\\OSPanel\\domains\\nixapp\\Framework\\Controller.php","line":14} []
[2019-01-27 20:37:54] log_channel.WARNING: E_WARNING: extract() expects parameter 1 to be array, null given {"code":2,"message":"extract() expects parameter 1 to be array, null given","file":"C:\\OSPanel\\domains\\nixapp\\Framework\\Controller.php","line":14} []
[2019-01-27 20:38:10] log_channel.WARNING: E_WARNING: extract() expects parameter 1 to be array, null given {"code":2,"message":"extract() expects parameter 1 to be array, null given","file":"C:\\OSPanel\\domains\\nixapp\\Framework\\Controller.php","line":14} []
[2019-01-27 20:45:07] log_channel.WARNING: E_WARNING: extract() expects parameter 1 to be array, null given {"code":2,"message":"extract() expects parameter 1 to be array, null given","file":"C:\\OSPanel\\domains\\nixapp\\Framework\\Controller.php","line":14} []
[2019-01-27 20:48:22] log_channel.WARNING: E_WARNING: extract() expects parameter 1 to be array, null given {"code":2,"message":"extract() expects parameter 1 to be array, null given","file":"C:\\OSPanel\\domains\\nixapp\\Framework\\Controller.php","line":14} []
[2019-01-27 20:48:46] log_channel.WARNING: E_WARNING: extract() expects parameter 1 to be array, null given {"code":2,"message":"extract() expects parameter 1 to be array, null given","file":"C:\\OSPanel\\domains\\nixapp\\Framework\\Controller.php","line":14} []
[2019-01-27 20:49:36] log_channel.WARNING: E_WARNING: extract() expects parameter 1 to be array, null given {"code":2,"message":"extract() expects parameter 1 to be array, null given","file":"C:\\OSPanel\\domains\\nixapp\\Framework\\Controller.php","line":14} []
[2019-01-27 20:50:17] log_channel.WARNING: E_WARNING: extract() expects parameter 1 to be array, null given {"code":2,"message":"extract() expects parameter 1 to be array, null given","file":"C:\\OSPanel\\domains\\nixapp\\Framework\\Controller.php","line":14} []
[2019-01-27 20:50:46] log_channel.WARNING: E_WARNING: extract() expects parameter 1 to be array, null given {"code":2,"message":"extract() expects parameter 1 to be array, null given","file":"C:\\OSPanel\\domains\\nixapp\\Framework\\Controller.php","line":14} []
[2019-01-27 20:55:19] log_channel.WARNING: E_WARNING: extract() expects parameter 1 to be array, null given {"code":2,"message":"extract() expects parameter 1 to be array, null given","file":"C:\\OSPanel\\domains\\nixapp\\Framework\\Controller.php","line":14} []
[2019-01-27 20:59:18] log_channel.WARNING: E_WARNING: extract() expects parameter 1 to be array, null given {"code":2,"message":"extract() expects parameter 1 to be array, null given","file":"C:\\OSPanel\\domains\\nixapp\\Framework\\Controller.php","line":14} []
[2019-01-27 21:17:00] log_channel.WARNING: E_WARNING: extract() expects parameter 1 to be array, null given {"code":2,"message":"extract() expects parameter 1 to be array, null given","file":"C:\\OSPanel\\domains\\nixapp\\Framework\\Controller.php","line":14} []
[2019-01-27 21:18:46] log_channel.WARNING: E_WARNING: extract() expects parameter 1 to be array, null given {"code":2,"message":"extract() expects parameter 1 to be array, null given","file":"C:\\OSPanel\\domains\\nixapp\\Framework\\Controller.php","line":14} []
[2019-01-27 21:20:07] log_channel.WARNING: E_WARNING: extract() expects parameter 1 to be array, null given {"code":2,"message":"extract() expects parameter 1 to be array, null given","file":"C:\\OSPanel\\domains\\nixapp\\Framework\\Controller.php","line":14} []
[2019-01-27 21:21:49] log_channel.WARNING: E_WARNING: extract() expects parameter 1 to be array, null given {"code":2,"message":"extract() expects parameter 1 to be array, null given","file":"C:\\OSPanel\\domains\\nixapp\\Framework\\Controller.php","line":14} []
[2019-01-27 21:24:01] log_channel.WARNING: E_WARNING: extract() expects parameter 1 to be array, null given {"code":2,"message":"extract() expects parameter 1 to be array, null given","file":"C:\\OSPanel\\domains\\nixapp\\Framework\\Controller.php","line":14} []
[2019-01-27 21:30:56] log_channel.WARNING: E_WARNING: extract() expects parameter 1 to be array, null given {"code":2,"message":"extract() expects parameter 1 to be array, null given","file":"C:\\OSPanel\\domains\\nixapp\\Framework\\Controller.php","line":14} []
[2019-01-27 21:32:20] log_channel.WARNING: E_WARNING: extract() expects parameter 1 to be array, null given {"code":2,"message":"extract() expects parameter 1 to be array, null given","file":"C:\\OSPanel\\domains\\nixapp\\Framework\\Controller.php","line":14} []
[2019-01-27 21:54:24] log_channel.WARNING: E_WARNING: extract() expects parameter 1 to be array, null given {"code":2,"message":"extract() expects parameter 1 to be array, null given","file":"C:\\OSPanel\\domains\\nixapp\\Framework\\Controller.php","line":14} []
[2019-01-27 21:56:08] log_channel.ERROR: Uncaught Exception Error: "Call to a member function getValue() on null" at C:\OSPanel\domains\nixapp\App\views\product.php line 109 {"exception":"[object] (Error(code: 0): Call to a member function getValue() on null at C:\\OSPanel\\domains\\nixapp\\App\\views\\product.php:109)"} []
[2019-01-27 21:56:08] log_channel.ERROR: Uncaught Exception Error: "Call to a member function getValue() on null" at C:\OSPanel\domains\nixapp\App\views\product.php line 109 {"exception":"[object] (Error(code: 0): Call to a member function getValue() on null at C:\\OSPanel\\domains\\nixapp\\App\\views\\product.php:109)"} []
[2019-01-27 21:56:20] log_channel.WARNING: E_WARNING: extract() expects parameter 1 to be array, null given {"code":2,"message":"extract() expects parameter 1 to be array, null given","file":"C:\\OSPanel\\domains\\nixapp\\Framework\\Controller.php","line":14} []
[2019-01-27 22:01:43] log_channel.WARNING: E_WARNING: extract() expects parameter 1 to be array, null given {"code":2,"message":"extract() expects parameter 1 to be array, null given","file":"C:\\OSPanel\\domains\\nixapp\\Framework\\Controller.php","line":14} []
[2019-01-27 22:02:54] log_channel.WARNING: E_WARNING: extract() expects parameter 1 to be array, null given {"code":2,"message":"extract() expects parameter 1 to be array, null given","file":"C:\\OSPanel\\domains\\nixapp\\Framework\\Controller.php","line":14} []
[2019-01-27 22:03:06] log_channel.WARNING: E_WARNING: extract() expects parameter 1 to be array, null given {"code":2,"message":"extract() expects parameter 1 to be array, null given","file":"C:\\OSPanel\\domains\\nixapp\\Framework\\Controller.php","line":14} []
[2019-01-28 14:33:32] log_channel.WARNING: E_WARNING: extract() expects parameter 1 to be array, null given {"code":2,"message":"extract() expects parameter 1 to be array, null given","file":"/home/NIX/phpstudent/www/headbang.com/Framework/Controller.php","line":14} []
[2019-01-28 14:33:35] log_channel.WARNING: E_WARNING: extract() expects parameter 1 to be array, null given {"code":2,"message":"extract() expects parameter 1 to be array, null given","file":"/home/NIX/phpstudent/www/headbang.com/Framework/Controller.php","line":14} []
[2019-01-28 14:41:01] log_channel.WARNING: E_WARNING: extract() expects parameter 1 to be array, null given {"code":2,"message":"extract() expects parameter 1 to be array, null given","file":"/home/NIX/phpstudent/www/headbang.com/Framework/Controller.php","line":14} []
[2019-01-28 14:41:02] log_channel.WARNING: E_WARNING: extract() expects parameter 1 to be array, null given {"code":2,"message":"extract() expects parameter 1 to be array, null given","file":"/home/NIX/phpstudent/www/headbang.com/Framework/Controller.php","line":14} []
[2019-01-28 14:41:16] log_channel.WARNING: E_WARNING: extract() expects parameter 1 to be array, null given {"code":2,"message":"extract() expects parameter 1 to be array, null given","file":"/home/NIX/phpstudent/www/headbang.com/Framework/Controller.php","line":14} []
[2019-01-28 14:46:02] log_channel.WARNING: E_WARNING: extract() expects parameter 1 to be array, null given {"code":2,"message":"extract() expects parameter 1 to be array, null given","file":"/home/NIX/phpstudent/www/headbang.com/Framework/Controller.php","line":14} []
[2019-01-28 14:46:02] log_channel.ERROR: Uncaught Exception Error: "Class 'Core\Validators\UserValidator' not found" at /home/NIX/phpstudent/www/headbang.com/App/models/User.php line 30 {"exception":"[object] (Error(code: 0): Class 'Core\\Validators\\UserValidator' not found at /home/NIX/phpstudent/www/headbang.com/App/models/User.php:30)"} []
[2019-01-28 14:46:02] log_channel.ERROR: Uncaught Exception Error: "Class 'Core\Validators\UserValidator' not found" at /home/NIX/phpstudent/www/headbang.com/App/models/User.php line 30 {"exception":"[object] (Error(code: 0): Class 'Core\\Validators\\UserValidator' not found at /home/NIX/phpstudent/www/headbang.com/App/models/User.php:30)"} []
[2019-01-28 14:46:02] log_channel.ERROR: Uncaught Exception Error: "Class 'Core\Validators\UserValidator' not found" at /home/NIX/phpstudent/www/headbang.com/App/models/User.php line 30 {"exception":"[object] (Error(code: 0): Class 'Core\\Validators\\UserValidator' not found at /home/NIX/phpstudent/www/headbang.com/App/models/User.php:30)"} []
[2019-01-28 14:46:02] log_channel.ERROR: Uncaught Exception Error: "Class 'Core\Validators\UserValidator' not found" at /home/NIX/phpstudent/www/headbang.com/App/models/User.php line 30 {"exception":"[object] (Error(code: 0): Class 'Core\\Validators\\UserValidator' not found at /home/NIX/phpstudent/www/headbang.com/App/models/User.php:30)"} []
[2019-01-28 14:46:42] log_channel.WARNING: E_WARNING: extract() expects parameter 1 to be array, null given {"code":2,"message":"extract() expects parameter 1 to be array, null given","file":"/home/NIX/phpstudent/www/headbang.com/Framework/Controller.php","line":14} []
[2019-01-28 14:46:42] log_channel.ERROR: Uncaught Exception Error: "Class 'Validators\UserValidator' not found" at /home/NIX/phpstudent/www/headbang.com/App/models/User.php line 30 {"exception":"[object] (Error(code: 0): Class 'Validators\\UserValidator' not found at /home/NIX/phpstudent/www/headbang.com/App/models/User.php:30)"} []
[2019-01-28 14:46:42] log_channel.ERROR: Uncaught Exception Error: "Class 'Validators\UserValidator' not found" at /home/NIX/phpstudent/www/headbang.com/App/models/User.php line 30 {"exception":"[object] (Error(code: 0): Class 'Validators\\UserValidator' not found at /home/NIX/phpstudent/www/headbang.com/App/models/User.php:30)"} []
[2019-01-28 14:46:42] log_channel.ERROR: Uncaught Exception Error: "Class 'Validators\UserValidator' not found" at /home/NIX/phpstudent/www/headbang.com/App/models/User.php line 30 {"exception":"[object] (Error(code: 0): Class 'Validators\\UserValidator' not found at /home/NIX/phpstudent/www/headbang.com/App/models/User.php:30)"} []
[2019-01-28 14:46:42] log_channel.ERROR: Uncaught Exception Error: "Class 'Validators\UserValidator' not found" at /home/NIX/phpstudent/www/headbang.com/App/models/User.php line 30 {"exception":"[object] (Error(code: 0): Class 'Validators\\UserValidator' not found at /home/NIX/phpstudent/www/headbang.com/App/models/User.php:30)"} []
[2019-01-28 14:46:43] log_channel.WARNING: E_WARNING: extract() expects parameter 1 to be array, null given {"code":2,"message":"extract() expects parameter 1 to be array, null given","file":"/home/NIX/phpstudent/www/headbang.com/Framework/Controller.php","line":14} []
[2019-01-28 14:46:43] log_channel.ERROR: Uncaught Exception Error: "Class 'Validators\UserValidator' not found" at /home/NIX/phpstudent/www/headbang.com/App/models/User.php line 30 {"exception":"[object] (Error(code: 0): Class 'Validators\\UserValidator' not found at /home/NIX/phpstudent/www/headbang.com/App/models/User.php:30)"} []
[2019-01-28 14:46:43] log_channel.ERROR: Uncaught Exception Error: "Class 'Validators\UserValidator' not found" at /home/NIX/phpstudent/www/headbang.com/App/models/User.php line 30 {"exception":"[object] (Error(code: 0): Class 'Validators\\UserValidator' not found at /home/NIX/phpstudent/www/headbang.com/App/models/User.php:30)"} []
[2019-01-28 14:46:43] log_channel.ERROR: Uncaught Exception Error: "Class 'Validators\UserValidator' not found" at /home/NIX/phpstudent/www/headbang.com/App/models/User.php line 30 {"exception":"[object] (Error(code: 0): Class 'Validators\\UserValidator' not found at /home/NIX/phpstudent/www/headbang.com/App/models/User.php:30)"} []
[2019-01-28 14:46:43] log_channel.ERROR: Uncaught Exception Error: "Class 'Validators\UserValidator' not found" at /home/NIX/phpstudent/www/headbang.com/App/models/User.php line 30 {"exception":"[object] (Error(code: 0): Class 'Validators\\UserValidator' not found at /home/NIX/phpstudent/www/headbang.com/App/models/User.php:30)"} []
[2019-01-28 14:47:54] log_channel.WARNING: E_WARNING: extract() expects parameter 1 to be array, null given {"code":2,"message":"extract() expects parameter 1 to be array, null given","file":"/home/NIX/phpstudent/www/headbang.com/Framework/Controller.php","line":14} []
[2019-01-28 14:47:56] log_channel.WARNING: E_WARNING: extract() expects parameter 1 to be array, null given {"code":2,"message":"extract() expects parameter 1 to be array, null given","file":"/home/NIX/phpstudent/www/headbang.com/Framework/Controller.php","line":14} []
[2019-01-28 15:00:56] log_channel.WARNING: E_WARNING: extract() expects parameter 1 to be array, null given {"code":2,"message":"extract() expects parameter 1 to be array, null given","file":"/home/NIX/phpstudent/www/headbang.com/Framework/Controller.php","line":14} []
[2019-01-28 15:01:07] log_channel.ERROR: Uncaught Exception Error: "Call to a member function getValue() on null" at /home/NIX/phpstudent/www/headbang.com/App/views/product.php line 109 {"exception":"[object] (Error(code: 0): Call to a member function getValue() on null at /home/NIX/phpstudent/www/headbang.com/App/views/product.php:109)"} []
[2019-01-28 15:01:07] log_channel.ERROR: Uncaught Exception Error: "Call to a member function getValue() on null" at /home/NIX/phpstudent/www/headbang.com/App/views/product.php line 109 {"exception":"[object] (Error(code: 0): Call to a member function getValue() on null at /home/NIX/phpstudent/www/headbang.com/App/views/product.php:109)"} []
[2019-01-28 15:01:11] log_channel.WARNING: E_WARNING: extract() expects parameter 1 to be array, null given {"code":2,"message":"extract() expects parameter 1 to be array, null given","file":"/home/NIX/phpstudent/www/headbang.com/Framework/Controller.php","line":14} []
[2019-01-28 15:01:56] log_channel.WARNING: E_WARNING: extract() expects parameter 1 to be array, null given {"code":2,"message":"extract() expects parameter 1 to be array, null given","file":"/home/NIX/phpstudent/www/headbang.com/Framework/Controller.php","line":14} []
[2019-01-28 15:01:57] log_channel.ERROR: Uncaught Exception Error: "Call to a member function getValue() on null" at /home/NIX/phpstudent/www/headbang.com/App/views/product.php line 109 {"exception":"[object] (Error(code: 0): Call to a member function getValue() on null at /home/NIX/phpstudent/www/headbang.com/App/views/product.php:109)"} []
[2019-01-28 15:01:57] log_channel.ERROR: Uncaught Exception Error: "Call to a member function getValue() on null" at /home/NIX/phpstudent/www/headbang.com/App/views/product.php line 109 {"exception":"[object] (Error(code: 0): Call to a member function getValue() on null at /home/NIX/phpstudent/www/headbang.com/App/views/product.php:109)"} []
[2019-01-28 15:02:00] log_channel.ERROR: Uncaught Exception Error: "Call to a member function getValue() on null" at /home/NIX/phpstudent/www/headbang.com/App/views/product.php line 109 {"exception":"[object] (Error(code: 0): Call to a member function getValue() on null at /home/NIX/phpstudent/www/headbang.com/App/views/product.php:109)"} []
[2019-01-28 15:02:00] log_channel.ERROR: Uncaught Exception Error: "Call to a member function getValue() on null" at /home/NIX/phpstudent/www/headbang.com/App/views/product.php line 109 {"exception":"[object] (Error(code: 0): Call to a member function getValue() on null at /home/NIX/phpstudent/www/headbang.com/App/views/product.php:109)"} []
[2019-01-28 15:04:39] log_channel.ERROR: Uncaught Exception Error: "Call to a member function getValue() on null" at /home/NIX/phpstudent/www/headbang.com/App/views/product.php line 109 {"exception":"[object] (Error(code: 0): Call to a member function getValue() on null at /home/NIX/phpstudent/www/headbang.com/App/views/product.php:109)"} []
[2019-01-28 15:04:39] log_channel.ERROR: Uncaught Exception Error: "Call to a member function getValue() on null" at /home/NIX/phpstudent/www/headbang.com/App/views/product.php line 109 {"exception":"[object] (Error(code: 0): Call to a member function getValue() on null at /home/NIX/phpstudent/www/headbang.com/App/views/product.php:109)"} []
[2019-01-28 15:04:46] log_channel.WARNING: E_WARNING: extract() expects parameter 1 to be array, null given {"code":2,"message":"extract() expects parameter 1 to be array, null given","file":"/home/NIX/phpstudent/www/headbang.com/Framework/Controller.php","line":14} []
[2019-01-28 15:04:59] log_channel.WARNING: E_WARNING: extract() expects parameter 1 to be array, null given {"code":2,"message":"extract() expects parameter 1 to be array, null given","file":"/home/NIX/phpstudent/www/headbang.com/Framework/Controller.php","line":14} []
[2019-01-28 15:05:41] log_channel.WARNING: E_WARNING: extract() expects parameter 1 to be array, null given {"code":2,"message":"extract() expects parameter 1 to be array, null given","file":"/home/NIX/phpstudent/www/headbang.com/Framework/Controller.php","line":14} []
[2019-01-28 15:05:55] log_channel.WARNING: E_WARNING: extract() expects parameter 1 to be array, null given {"code":2,"message":"extract() expects parameter 1 to be array, null given","file":"/home/NIX/phpstudent/www/headbang.com/Framework/Controller.php","line":14} []
[2019-01-28 15:06:02] log_channel.WARNING: E_WARNING: extract() expects parameter 1 to be array, null given {"code":2,"message":"extract() expects parameter 1 to be array, null given","file":"/home/NIX/phpstudent/www/headbang.com/Framework/Controller.php","line":14} []
[2019-01-28 15:06:02] log_channel.ERROR: Uncaught Exception Error: "Call to a member function getValue() on null" at /home/NIX/phpstudent/www/headbang.com/App/views/product.php line 109 {"exception":"[object] (Error(code: 0): Call to a member function getValue() on null at /home/NIX/phpstudent/www/headbang.com/App/views/product.php:109)"} []
[2019-01-28 15:06:02] log_channel.ERROR: Uncaught Exception Error: "Call to a member function getValue() on null" at /home/NIX/phpstudent/www/headbang.com/App/views/product.php line 109 {"exception":"[object] (Error(code: 0): Call to a member function getValue() on null at /home/NIX/phpstudent/www/headbang.com/App/views/product.php:109)"} []
[2019-01-28 15:09:01] log_channel.ERROR: Uncaught Exception Error: "Call to a member function getValue() on null" at /home/NIX/phpstudent/www/headbang.com/App/views/product.php line 109 {"exception":"[object] (Error(code: 0): Call to a member function getValue() on null at /home/NIX/phpstudent/www/headbang.com/App/views/product.php:109)"} []
[2019-01-28 15:09:01] log_channel.ERROR: Uncaught Exception Error: "Call to a member function getValue() on null" at /home/NIX/phpstudent/www/headbang.com/App/views/product.php line 109 {"exception":"[object] (Error(code: 0): Call to a member function getValue() on null at /home/NIX/phpstudent/www/headbang.com/App/views/product.php:109)"} []
[2019-01-28 15:09:04] log_channel.ERROR: Uncaught Exception Error: "Call to a member function getValue() on null" at /home/NIX/phpstudent/www/headbang.com/App/views/product.php line 109 {"exception":"[object] (Error(code: 0): Call to a member function getValue() on null at /home/NIX/phpstudent/www/headbang.com/App/views/product.php:109)"} []
[2019-01-28 15:09:04] log_channel.ERROR: Uncaught Exception Error: "Call to a member function getValue() on null" at /home/NIX/phpstudent/www/headbang.com/App/views/product.php line 109 {"exception":"[object] (Error(code: 0): Call to a member function getValue() on null at /home/NIX/phpstudent/www/headbang.com/App/views/product.php:109)"} []
[2019-01-28 15:09:49] log_channel.ERROR: Uncaught Exception Error: "Call to a member function getValue() on null" at /home/NIX/phpstudent/www/headbang.com/App/views/product.php line 109 {"exception":"[object] (Error(code: 0): Call to a member function getValue() on null at /home/NIX/phpstudent/www/headbang.com/App/views/product.php:109)"} []
[2019-01-28 15:09:49] log_channel.ERROR: Uncaught Exception Error: "Call to a member function getValue() on null" at /home/NIX/phpstudent/www/headbang.com/App/views/product.php line 109 {"exception":"[object] (Error(code: 0): Call to a member function getValue() on null at /home/NIX/phpstudent/www/headbang.com/App/views/product.php:109)"} []
[2019-01-28 15:09:52] log_channel.ERROR: Uncaught Exception Error: "Call to a member function getValue() on null" at /home/NIX/phpstudent/www/headbang.com/App/views/product.php line 109 {"exception":"[object] (Error(code: 0): Call to a member function getValue() on null at /home/NIX/phpstudent/www/headbang.com/App/views/product.php:109)"} []
[2019-01-28 15:09:52] log_channel.ERROR: Uncaught Exception Error: "Call to a member function getValue() on null" at /home/NIX/phpstudent/www/headbang.com/App/views/product.php line 109 {"exception":"[object] (Error(code: 0): Call to a member function getValue() on null at /home/NIX/phpstudent/www/headbang.com/App/views/product.php:109)"} []
[2019-01-28 15:10:15] log_channel.ERROR: Uncaught Exception Error: "Call to a member function getValue() on null" at /home/NIX/phpstudent/www/headbang.com/App/views/product.php line 109 {"exception":"[object] (Error(code: 0): Call to a member function getValue() on null at /home/NIX/phpstudent/www/headbang.com/App/views/product.php:109)"} []
[2019-01-28 15:10:15] log_channel.ERROR: Uncaught Exception Error: "Call to a member function getValue() on null" at /home/NIX/phpstudent/www/headbang.com/App/views/product.php line 109 {"exception":"[object] (Error(code: 0): Call to a member function getValue() on null at /home/NIX/phpstudent/www/headbang.com/App/views/product.php:109)"} []
[2019-01-28 15:10:17] log_channel.WARNING: E_WARNING: extract() expects parameter 1 to be array, null given {"code":2,"message":"extract() expects parameter 1 to be array, null given","file":"/home/NIX/phpstudent/www/headbang.com/Framework/Controller.php","line":14} []
[2019-01-28 15:10:21] log_channel.WARNING: E_WARNING: extract() expects parameter 1 to be array, null given {"code":2,"message":"extract() expects parameter 1 to be array, null given","file":"/home/NIX/phpstudent/www/headbang.com/Framework/Controller.php","line":14} []
[2019-01-28 15:10:23] log_channel.ERROR: Uncaught Exception Error: "Call to a member function getValue() on null" at /home/NIX/phpstudent/www/headbang.com/App/views/product.php line 109 {"exception":"[object] (Error(code: 0): Call to a member function getValue() on null at /home/NIX/phpstudent/www/headbang.com/App/views/product.php:109)"} []
[2019-01-28 15:10:23] log_channel.ERROR: Uncaught Exception Error: "Call to a member function getValue() on null" at /home/NIX/phpstudent/www/headbang.com/App/views/product.php line 109 {"exception":"[object] (Error(code: 0): Call to a member function getValue() on null at /home/NIX/phpstudent/www/headbang.com/App/views/product.php:109)"} []
[2019-01-28 15:13:19] log_channel.WARNING: E_WARNING: extract() expects parameter 1 to be array, null given {"code":2,"message":"extract() expects parameter 1 to be array, null given","file":"/home/NIX/phpstudent/www/headbang.com/Framework/Controller.php","line":14} []
[2019-01-28 15:13:20] log_channel.WARNING: E_WARNING: extract() expects parameter 1 to be array, null given {"code":2,"message":"extract() expects parameter 1 to be array, null given","file":"/home/NIX/phpstudent/www/headbang.com/Framework/Controller.php","line":14} []
[2019-01-28 15:18:22] log_channel.WARNING: E_WARNING: extract() expects parameter 1 to be array, null given {"code":2,"message":"extract() expects parameter 1 to be array, null given","file":"/home/NIX/phpstudent/www/headbang.com/Framework/Controller.php","line":14} []
[2019-01-28 15:18:23] log_channel.WARNING: E_WARNING: extract() expects parameter 1 to be array, null given {"code":2,"message":"extract() expects parameter 1 to be array, null given","file":"/home/NIX/phpstudent/www/headbang.com/Framework/Controller.php","line":14} []
[2019-01-28 15:19:54] log_channel.WARNING: E_WARNING: extract() expects parameter 1 to be array, null given {"code":2,"message":"extract() expects parameter 1 to be array, null given","file":"/home/NIX/phpstudent/www/headbang.com/Framework/Controller.php","line":14} []
[2019-01-28 15:20:18] log_channel.WARNING: E_WARNING: extract() expects parameter 1 to be array, null given {"code":2,"message":"extract() expects parameter 1 to be array, null given","file":"/home/NIX/phpstudent/www/headbang.com/Framework/Controller.php","line":14} []
[2019-01-28 15:22:21] log_channel.WARNING: E_WARNING: extract() expects parameter 1 to be array, null given {"code":2,"message":"extract() expects parameter 1 to be array, null given","file":"/home/NIX/phpstudent/www/headbang.com/Framework/Controller.php","line":14} []
[2019-01-28 15:22:46] log_channel.WARNING: E_WARNING: extract() expects parameter 1 to be array, null given {"code":2,"message":"extract() expects parameter 1 to be array, null given","file":"/home/NIX/phpstudent/www/headbang.com/Framework/Controller.php","line":14} []
[2019-01-28 15:23:08] log_channel.WARNING: E_WARNING: extract() expects parameter 1 to be array, null given {"code":2,"message":"extract() expects parameter 1 to be array, null given","file":"/home/NIX/phpstudent/www/headbang.com/Framework/Controller.php","line":14} []
[2019-01-28 15:24:03] log_channel.WARNING: E_WARNING: extract() expects parameter 1 to be array, null given {"code":2,"message":"extract() expects parameter 1 to be array, null given","file":"/home/NIX/phpstudent/www/headbang.com/Framework/Controller.php","line":14} []
[2019-01-28 15:24:28] log_channel.WARNING: E_WARNING: extract() expects parameter 1 to be array, null given {"code":2,"message":"extract() expects parameter 1 to be array, null given","file":"/home/NIX/phpstudent/www/headbang.com/Framework/Controller.php","line":14} []
[2019-01-28 15:26:56] log_channel.WARNING: E_WARNING: extract() expects parameter 1 to be array, null given {"code":2,"message":"extract() expects parameter 1 to be array, null given","file":"/home/NIX/phpstudent/www/headbang.com/Framework/Controller.php","line":14} []
[2019-01-28 15:28:46] log_channel.WARNING: E_WARNING: extract() expects parameter 1 to be array, null given {"code":2,"message":"extract() expects parameter 1 to be array, null given","file":"/home/NIX/phpstudent/www/headbang.com/Framework/Controller.php","line":14} []
[2019-01-28 15:29:03] log_channel.WARNING: E_WARNING: extract() expects parameter 1 to be array, null given {"code":2,"message":"extract() expects parameter 1 to be array, null given","file":"/home/NIX/phpstudent/www/headbang.com/Framework/Controller.php","line":14} []
[2019-01-28 15:29:04] log_channel.WARNING: E_WARNING: extract() expects parameter 1 to be array, null given {"code":2,"message":"extract() expects parameter 1 to be array, null given","file":"/home/NIX/phpstudent/www/headbang.com/Framework/Controller.php","line":14} []
[2019-01-28 15:29:06] log_channel.WARNING: E_WARNING: extract() expects parameter 1 to be array, null given {"code":2,"message":"extract() expects parameter 1 to be array, null given","file":"/home/NIX/phpstudent/www/headbang.com/Framework/Controller.php","line":14} []
[2019-01-28 15:29:30] log_channel.WARNING: E_WARNING: extract() expects parameter 1 to be array, null given {"code":2,"message":"extract() expects parameter 1 to be array, null given","file":"/home/NIX/phpstudent/www/headbang.com/Framework/Controller.php","line":14} []
[2019-01-28 15:30:46] log_channel.WARNING: E_WARNING: extract() expects parameter 1 to be array, null given {"code":2,"message":"extract() expects parameter 1 to be array, null given","file":"/home/NIX/phpstudent/www/headbang.com/Framework/Controller.php","line":14} []
[2019-01-28 15:31:32] log_channel.WARNING: E_WARNING: extract() expects parameter 1 to be array, null given {"code":2,"message":"extract() expects parameter 1 to be array, null given","file":"/home/NIX/phpstudent/www/headbang.com/Framework/Controller.php","line":14} []
[2019-01-28 15:31:49] log_channel.WARNING: E_WARNING: extract() expects parameter 1 to be array, null given {"code":2,"message":"extract() expects parameter 1 to be array, null given","file":"/home/NIX/phpstudent/www/headbang.com/Framework/Controller.php","line":14} []
[2019-01-28 15:31:51] log_channel.WARNING: E_WARNING: extract() expects parameter 1 to be array, null given {"code":2,"message":"extract() expects parameter 1 to be array, null given","file":"/home/NIX/phpstudent/www/headbang.com/Framework/Controller.php","line":14} []
[2019-01-28 15:31:52] log_channel.WARNING: E_WARNING: extract() expects parameter 1 to be array, null given {"code":2,"message":"extract() expects parameter 1 to be array, null given","file":"/home/NIX/phpstudent/www/headbang.com/Framework/Controller.php","line":14} []
[2019-01-28 15:32:44] log_channel.WARNING: E_WARNING: extract() expects parameter 1 to be array, null given {"code":2,"message":"extract() expects parameter 1 to be array, null given","file":"/home/NIX/phpstudent/www/headbang.com/Framework/Controller.php","line":14} []
[2019-01-28 15:32:48] log_channel.ERROR: Uncaught Exception ArgumentCountError: "Too few arguments to function Core\Response::setContent(), 1 passed in /home/NIX/phpstudent/www/headbang.com/App/controllers/AuthController.php on line 22 and exactly 2 expected" at /home/NIX/phpstudent/www/headbang.com/Framework/Response.php line 20 {"exception":"[object] (ArgumentCountError(code: 0): Too few arguments to function Core\\Response::setContent(), 1 passed in /home/NIX/phpstudent/www/headbang.com/App/controllers/AuthController.php on line 22 and exactly 2 expected at /home/NIX/phpstudent/www/headbang.com/Framework/Response.php:20)"} []
[2019-01-28 15:32:48] log_channel.ERROR: Uncaught Exception ArgumentCountError: "Too few arguments to function Core\Response::setContent(), 1 passed in /home/NIX/phpstudent/www/headbang.com/App/controllers/AuthController.php on line 22 and exactly 2 expected" at /home/NIX/phpstudent/www/headbang.com/Framework/Response.php line 20 {"exception":"[object] (ArgumentCountError(code: 0): Too few arguments to function Core\\Response::setContent(), 1 passed in /home/NIX/phpstudent/www/headbang.com/App/controllers/AuthController.php on line 22 and exactly 2 expected at /home/NIX/phpstudent/www/headbang.com/Framework/Response.php:20)"} []
[2019-01-28 15:32:49] log_channel.ERROR: Uncaught Exception ArgumentCountError: "Too few arguments to function Core\Response::setContent(), 1 passed in /home/NIX/phpstudent/www/headbang.com/App/controllers/AuthController.php on line 22 and exactly 2 expected" at /home/NIX/phpstudent/www/headbang.com/Framework/Response.php line 20 {"exception":"[object] (ArgumentCountError(code: 0): Too few arguments to function Core\\Response::setContent(), 1 passed in /home/NIX/phpstudent/www/headbang.com/App/controllers/AuthController.php on line 22 and exactly 2 expected at /home/NIX/phpstudent/www/headbang.com/Framework/Response.php:20)"} []
[2019-01-28 15:32:49] log_channel.ERROR: Uncaught Exception ArgumentCountError: "Too few arguments to function Core\Response::setContent(), 1 passed in /home/NIX/phpstudent/www/headbang.com/App/controllers/AuthController.php on line 22 and exactly 2 expected" at /home/NIX/phpstudent/www/headbang.com/Framework/Response.php line 20 {"exception":"[object] (ArgumentCountError(code: 0): Too few arguments to function Core\\Response::setContent(), 1 passed in /home/NIX/phpstudent/www/headbang.com/App/controllers/AuthController.php on line 22 and exactly 2 expected at /home/NIX/phpstudent/www/headbang.com/Framework/Response.php:20)"} []
[2019-01-28 15:32:49] log_channel.ERROR: Uncaught Exception ArgumentCountError: "Too few arguments to function Core\Response::setContent(), 1 passed in /home/NIX/phpstudent/www/headbang.com/App/controllers/AuthController.php on line 22 and exactly 2 expected" at /home/NIX/phpstudent/www/headbang.com/Framework/Response.php line 20 {"exception":"[object] (ArgumentCountError(code: 0): Too few arguments to function Core\\Response::setContent(), 1 passed in /home/NIX/phpstudent/www/headbang.com/App/controllers/AuthController.php on line 22 and exactly 2 expected at /home/NIX/phpstudent/www/headbang.com/Framework/Response.php:20)"} []
[2019-01-28 15:32:49] log_channel.ERROR: Uncaught Exception ArgumentCountError: "Too few arguments to function Core\Response::setContent(), 1 passed in /home/NIX/phpstudent/www/headbang.com/App/controllers/AuthController.php on line 22 and exactly 2 expected" at /home/NIX/phpstudent/www/headbang.com/Framework/Response.php line 20 {"exception":"[object] (ArgumentCountError(code: 0): Too few arguments to function Core\\Response::setContent(), 1 passed in /home/NIX/phpstudent/www/headbang.com/App/controllers/AuthController.php on line 22 and exactly 2 expected at /home/NIX/phpstudent/www/headbang.com/Framework/Response.php:20)"} []
[2019-01-28 15:33:25] log_channel.WARNING: E_WARNING: extract() expects parameter 1 to be array, null given {"code":2,"message":"extract() expects parameter 1 to be array, null given","file":"/home/NIX/phpstudent/www/headbang.com/Framework/Controller.php","line":14} []
[2019-01-28 15:34:02] log_channel.WARNING: E_WARNING: extract() expects parameter 1 to be array, null given {"code":2,"message":"extract() expects parameter 1 to be array, null given","file":"/home/NIX/phpstudent/www/headbang.com/Framework/Controller.php","line":14} []
[2019-01-28 15:35:01] log_channel.WARNING: E_WARNING: extract() expects parameter 1 to be array, null given {"code":2,"message":"extract() expects parameter 1 to be array, null given","file":"/home/NIX/phpstudent/www/headbang.com/Framework/Controller.php","line":14} []
[2019-01-28 15:35:04] log_channel.WARNING: E_WARNING: extract() expects parameter 1 to be array, null given {"code":2,"message":"extract() expects parameter 1 to be array, null given","file":"/home/NIX/phpstudent/www/headbang.com/Framework/Controller.php","line":14} []
[2019-01-28 15:37:31] log_channel.WARNING: E_WARNING: extract() expects parameter 1 to be array, null given {"code":2,"message":"extract() expects parameter 1 to be array, null given","file":"/home/NIX/phpstudent/www/headbang.com/Framework/Controller.php","line":14} []
[2019-01-28 15:37:32] log_channel.WARNING: E_WARNING: extract() expects parameter 1 to be array, null given {"code":2,"message":"extract() expects parameter 1 to be array, null given","file":"/home/NIX/phpstudent/www/headbang.com/Framework/Controller.php","line":14} []
[2019-01-28 15:37:50] log_channel.WARNING: E_WARNING: extract() expects parameter 1 to be array, null given {"code":2,"message":"extract() expects parameter 1 to be array, null given","file":"/home/NIX/phpstudent/www/headbang.com/Framework/Controller.php","line":14} []
[2019-01-28 15:39:26] log_channel.WARNING: E_WARNING: extract() expects parameter 1 to be array, null given {"code":2,"message":"extract() expects parameter 1 to be array, null given","file":"/home/NIX/phpstudent/www/headbang.com/Framework/Controller.php","line":14} []
[2019-01-28 15:39:43] log_channel.WARNING: E_WARNING: extract() expects parameter 1 to be array, null given {"code":2,"message":"extract() expects parameter 1 to be array, null given","file":"/home/NIX/phpstudent/www/headbang.com/Framework/Controller.php","line":14} []
[2019-01-28 15:39:55] log_channel.WARNING: E_WARNING: extract() expects parameter 1 to be array, null given {"code":2,"message":"extract() expects parameter 1 to be array, null given","file":"/home/NIX/phpstudent/www/headbang.com/Framework/Controller.php","line":14} []
[2019-01-28 15:40:01] log_channel.WARNING: E_WARNING: extract() expects parameter 1 to be array, null given {"code":2,"message":"extract() expects parameter 1 to be array, null given","file":"/home/NIX/phpstudent/www/headbang.com/Framework/Controller.php","line":14} []
[2019-01-28 15:40:01] log_channel.WARNING: E_WARNING: extract() expects parameter 1 to be array, null given {"code":2,"message":"extract() expects parameter 1 to be array, null given","file":"/home/NIX/phpstudent/www/headbang.com/Framework/Controller.php","line":14} []
[2019-01-28 15:40:01] log_channel.WARNING: E_WARNING: extract() expects parameter 1 to be array, null given {"code":2,"message":"extract() expects parameter 1 to be array, null given","file":"/home/NIX/phpstudent/www/headbang.com/Framework/Controller.php","line":14} []
[2019-01-28 15:40:02] log_channel.WARNING: E_WARNING: extract() expects parameter 1 to be array, null given {"code":2,"message":"extract() expects parameter 1 to be array, null given","file":"/home/NIX/phpstudent/www/headbang.com/Framework/Controller.php","line":14} []
[2019-01-28 15:40:19] log_channel.WARNING: E_WARNING: extract() expects parameter 1 to be array, null given {"code":2,"message":"extract() expects parameter 1 to be array, null given","file":"/home/NIX/phpstudent/www/headbang.com/Framework/Controller.php","line":14} []
[2019-01-28 15:40:21] log_channel.WARNING: E_WARNING: extract() expects parameter 1 to be array, null given {"code":2,"message":"extract() expects parameter 1 to be array, null given","file":"/home/NIX/phpstudent/www/headbang.com/Framework/Controller.php","line":14} []
[2019-01-28 15:40:21] log_channel.WARNING: E_WARNING: extract() expects parameter 1 to be array, null given {"code":2,"message":"extract() expects parameter 1 to be array, null given","file":"/home/NIX/phpstudent/www/headbang.com/Framework/Controller.php","line":14} []
[2019-01-28 15:40:21] log_channel.WARNING: E_WARNING: extract() expects parameter 1 to be array, null given {"code":2,"message":"extract() expects parameter 1 to be array, null given","file":"/home/NIX/phpstudent/www/headbang.com/Framework/Controller.php","line":14} []
[2019-01-28 15:40:21] log_channel.WARNING: E_WARNING: extract() expects parameter 1 to be array, null given {"code":2,"message":"extract() expects parameter 1 to be array, null given","file":"/home/NIX/phpstudent/www/headbang.com/Framework/Controller.php","line":14} []
[2019-01-28 15:40:21] log_channel.WARNING: E_WARNING: extract() expects parameter 1 to be array, null given {"code":2,"message":"extract() expects parameter 1 to be array, null given","file":"/home/NIX/phpstudent/www/headbang.com/Framework/Controller.php","line":14} []
[2019-01-28 15:40:22] log_channel.WARNING: E_WARNING: extract() expects parameter 1 to be array, null given {"code":2,"message":"extract() expects parameter 1 to be array, null given","file":"/home/NIX/phpstudent/www/headbang.com/Framework/Controller.php","line":14} []
[2019-01-28 15:40:22] log_channel.WARNING: E_WARNING: extract() expects parameter 1 to be array, null given {"code":2,"message":"extract() expects parameter 1 to be array, null given","file":"/home/NIX/phpstudent/www/headbang.com/Framework/Controller.php","line":14} []
[2019-01-28 15:40:22] log_channel.WARNING: E_WARNING: extract() expects parameter 1 to be array, null given {"code":2,"message":"extract() expects parameter 1 to be array, null given","file":"/home/NIX/phpstudent/www/headbang.com/Framework/Controller.php","line":14} []
[2019-01-28 15:40:22] log_channel.WARNING: E_WARNING: extract() expects parameter 1 to be array, null given {"code":2,"message":"extract() expects parameter 1 to be array, null given","file":"/home/NIX/phpstudent/www/headbang.com/Framework/Controller.php","line":14} []
[2019-01-28 15:40:22] log_channel.WARNING: E_WARNING: extract() expects parameter 1 to be array, null given {"code":2,"message":"extract() expects parameter 1 to be array, null given","file":"/home/NIX/phpstudent/www/headbang.com/Framework/Controller.php","line":14} []
[2019-01-28 15:41:40] log_channel.WARNING: E_WARNING: extract() expects parameter 1 to be array, null given {"code":2,"message":"extract() expects parameter 1 to be array, null given","file":"/home/NIX/phpstudent/www/headbang.com/Framework/Controller.php","line":14} []
[2019-01-28 15:42:14] log_channel.WARNING: E_WARNING: extract() expects parameter 1 to be array, null given {"code":2,"message":"extract() expects parameter 1 to be array, null given","file":"/home/NIX/phpstudent/www/headbang.com/Framework/Controller.php","line":14} []
[2019-01-28 15:42:17] log_channel.WARNING: E_WARNING: extract() expects parameter 1 to be array, null given {"code":2,"message":"extract() expects parameter 1 to be array, null given","file":"/home/NIX/phpstudent/www/headbang.com/Framework/Controller.php","line":14} []
[2019-01-28 15:42:18] log_channel.WARNING: E_WARNING: extract() expects parameter 1 to be array, null given {"code":2,"message":"extract() expects parameter 1 to be array, null given","file":"/home/NIX/phpstudent/www/headbang.com/Framework/Controller.php","line":14} []
[2019-01-28 15:43:00] log_channel.WARNING: E_WARNING: extract() expects parameter 1 to be array, null given {"code":2,"message":"extract() expects parameter 1 to be array, null given","file":"/home/NIX/phpstudent/www/headbang.com/Framework/Controller.php","line":14} []
[2019-01-28 15:43:03] log_channel.WARNING: E_WARNING: extract() expects parameter 1 to be array, null given {"code":2,"message":"extract() expects parameter 1 to be array, null given","file":"/home/NIX/phpstudent/www/headbang.com/Framework/Controller.php","line":14} []
[2019-01-28 15:43:15] log_channel.WARNING: E_WARNING: extract() expects parameter 1 to be array, null given {"code":2,"message":"extract() expects parameter 1 to be array, null given","file":"/home/NIX/phpstudent/www/headbang.com/Framework/Controller.php","line":14} []
[2019-01-28 15:43:16] log_channel.WARNING: E_WARNING: extract() expects parameter 1 to be array, null given {"code":2,"message":"extract() expects parameter 1 to be array, null given","file":"/home/NIX/phpstudent/www/headbang.com/Framework/Controller.php","line":14} []
[2019-01-28 15:44:27] log_channel.WARNING: E_WARNING: extract() expects parameter 1 to be array, null given {"code":2,"message":"extract() expects parameter 1 to be array, null given","file":"/home/NIX/phpstudent/www/headbang.com/Framework/Controller.php","line":14} []
[2019-01-28 15:47:27] log_channel.WARNING: E_WARNING: extract() expects parameter 1 to be array, null given {"code":2,"message":"extract() expects parameter 1 to be array, null given","file":"/home/NIX/phpstudent/www/headbang.com/Framework/Controller.php","line":14} []
[2019-01-28 17:13:29] log_channel.WARNING: E_WARNING: extract() expects parameter 1 to be array, null given {"code":2,"message":"extract() expects parameter 1 to be array, null given","file":"/home/NIX/phpstudent/www/headbang.com/Framework/Controller.php","line":14} []
[2019-01-28 17:16:49] log_channel.ERROR: Uncaught Exception ArgumentCountError: "Too few arguments to function Controllers\IndexController::showBrandsProducts(), 0 passed and exactly 1 expected" at /home/NIX/phpstudent/www/headbang.com/App/controllers/IndexController.php line 35 {"exception":"[object] (ArgumentCountError(code: 0): Too few arguments to function Controllers\\IndexController::showBrandsProducts(), 0 passed and exactly 1 expected at /home/NIX/phpstudent/www/headbang.com/App/controllers/IndexController.php:35)"} []
[2019-01-28 17:16:49] log_channel.ERROR: Uncaught Exception ArgumentCountError: "Too few arguments to function Controllers\IndexController::showBrandsProducts(), 0 passed and exactly 1 expected" at /home/NIX/phpstudent/www/headbang.com/App/controllers/IndexController.php line 35 {"exception":"[object] (ArgumentCountError(code: 0): Too few arguments to function Controllers\\IndexController::showBrandsProducts(), 0 passed and exactly 1 expected at /home/NIX/phpstudent/www/headbang.com/App/controllers/IndexController.php:35)"} []
[2019-01-28 17:16:53] log_channel.ERROR: Uncaught Exception ArgumentCountError: "Too few arguments to function Controllers\IndexController::showBrandsProducts(), 0 passed and exactly 1 expected" at /home/NIX/phpstudent/www/headbang.com/App/controllers/IndexController.php line 35 {"exception":"[object] (ArgumentCountError(code: 0): Too few arguments to function Controllers\\IndexController::showBrandsProducts(), 0 passed and exactly 1 expected at /home/NIX/phpstudent/www/headbang.com/App/controllers/IndexController.php:35)"} []
[2019-01-28 17:16:53] log_channel.ERROR: Uncaught Exception ArgumentCountError: "Too few arguments to function Controllers\IndexController::showBrandsProducts(), 0 passed and exactly 1 expected" at /home/NIX/phpstudent/www/headbang.com/App/controllers/IndexController.php line 35 {"exception":"[object] (ArgumentCountError(code: 0): Too few arguments to function Controllers\\IndexController::showBrandsProducts(), 0 passed and exactly 1 expected at /home/NIX/phpstudent/www/headbang.com/App/controllers/IndexController.php:35)"} []
[2019-01-28 17:43:07] log_channel.ERROR: Uncaught Exception Error: "Call to a member function getImage() on null" at /home/NIX/phpstudent/www/headbang.com/App/views/index.php line 68 {"exception":"[object] (Error(code: 0): Call to a member function getImage() on null at /home/NIX/phpstudent/www/headbang.com/App/views/index.php:68)"} []
[2019-01-28 17:43:07] log_channel.ERROR: Uncaught Exception Error: "Call to a member function getImage() on null" at /home/NIX/phpstudent/www/headbang.com/App/views/index.php line 68 {"exception":"[object] (Error(code: 0): Call to a member function getImage() on null at /home/NIX/phpstudent/www/headbang.com/App/views/index.php:68)"} []
[2019-01-28 17:44:20] log_channel.ERROR: Uncaught Exception Error: "Call to a member function getImage() on null" at /home/NIX/phpstudent/www/headbang.com/App/views/index.php line 68 {"exception":"[object] (Error(code: 0): Call to a member function getImage() on null at /home/NIX/phpstudent/www/headbang.com/App/views/index.php:68)"} []
[2019-01-28 17:44:20] log_channel.ERROR: Uncaught Exception Error: "Call to a member function getImage() on null" at /home/NIX/phpstudent/www/headbang.com/App/views/index.php line 68 {"exception":"[object] (Error(code: 0): Call to a member function getImage() on null at /home/NIX/phpstudent/www/headbang.com/App/views/index.php:68)"} []
[2019-01-28 17:44:35] log_channel.ERROR: Uncaught Exception Error: "Call to a member function getImage() on null" at /home/NIX/phpstudent/www/headbang.com/App/views/index.php line 68 {"exception":"[object] (Error(code: 0): Call to a member function getImage() on null at /home/NIX/phpstudent/www/headbang.com/App/views/index.php:68)"} []
[2019-01-28 17:44:35] log_channel.ERROR: Uncaught Exception Error: "Call to a member function getImage() on null" at /home/NIX/phpstudent/www/headbang.com/App/views/index.php line 68 {"exception":"[object] (Error(code: 0): Call to a member function getImage() on null at /home/NIX/phpstudent/www/headbang.com/App/views/index.php:68)"} []
[2019-01-28 17:44:49] log_channel.ERROR: Uncaught Exception Error: "Call to a member function getImage() on null" at /home/NIX/phpstudent/www/headbang.com/App/views/index.php line 68 {"exception":"[object] (Error(code: 0): Call to a member function getImage() on null at /home/NIX/phpstudent/www/headbang.com/App/views/index.php:68)"} []
[2019-01-28 17:44:49] log_channel.ERROR: Uncaught Exception Error: "Call to a member function getImage() on null" at /home/NIX/phpstudent/www/headbang.com/App/views/index.php line 68 {"exception":"[object] (Error(code: 0): Call to a member function getImage() on null at /home/NIX/phpstudent/www/headbang.com/App/views/index.php:68)"} []
[2019-01-28 17:45:02] log_channel.ERROR: Uncaught Exception Error: "Call to a member function getImage() on null" at /home/NIX/phpstudent/www/headbang.com/App/views/index.php line 68 {"exception":"[object] (Error(code: 0): Call to a member function getImage() on null at /home/NIX/phpstudent/www/headbang.com/App/views/index.php:68)"} []
[2019-01-28 17:45:02] log_channel.ERROR: Uncaught Exception Error: "Call to a member function getImage() on null" at /home/NIX/phpstudent/www/headbang.com/App/views/index.php line 68 {"exception":"[object] (Error(code: 0): Call to a member function getImage() on null at /home/NIX/phpstudent/www/headbang.com/App/views/index.php:68)"} []
[2019-01-28 17:45:05] log_channel.ERROR: Uncaught Exception Error: "Call to a member function getImage() on null" at /home/NIX/phpstudent/www/headbang.com/App/views/index.php line 68 {"exception":"[object] (Error(code: 0): Call to a member function getImage() on null at /home/NIX/phpstudent/www/headbang.com/App/views/index.php:68)"} []
[2019-01-28 17:45:05] log_channel.ERROR: Uncaught Exception Error: "Call to a member function getImage() on null" at /home/NIX/phpstudent/www/headbang.com/App/views/index.php line 68 {"exception":"[object] (Error(code: 0): Call to a member function getImage() on null at /home/NIX/phpstudent/www/headbang.com/App/views/index.php:68)"} []
[2019-01-28 17:50:12] log_channel.ERROR: Uncaught Exception Error: "Call to a member function getImage() on null" at /home/NIX/phpstudent/www/headbang.com/App/views/index.php line 68 {"exception":"[object] (Error(code: 0): Call to a member function getImage() on null at /home/NIX/phpstudent/www/headbang.com/App/views/index.php:68)"} []
[2019-01-28 17:50:12] log_channel.ERROR: Uncaught Exception Error: "Call to a member function getImage() on null" at /home/NIX/phpstudent/www/headbang.com/App/views/index.php line 68 {"exception":"[object] (Error(code: 0): Call to a member function getImage() on null at /home/NIX/phpstudent/www/headbang.com/App/views/index.php:68)"} []
[2019-01-28 17:50:16] log_channel.ERROR: Uncaught Exception Error: "Call to a member function getImage() on null" at /home/NIX/phpstudent/www/headbang.com/App/views/index.php line 68 {"exception":"[object] (Error(code: 0): Call to a member function getImage() on null at /home/NIX/phpstudent/www/headbang.com/App/views/index.php:68)"} []
[2019-01-28 17:50:16] log_channel.ERROR: Uncaught Exception Error: "Call to a member function getImage() on null" at /home/NIX/phpstudent/www/headbang.com/App/views/index.php line 68 {"exception":"[object] (Error(code: 0): Call to a member function getImage() on null at /home/NIX/phpstudent/www/headbang.com/App/views/index.php:68)"} []
[2019-01-28 17:50:17] log_channel.ERROR: Uncaught Exception Error: "Call to a member function getImage() on null" at /home/NIX/phpstudent/www/headbang.com/App/views/index.php line 68 {"exception":"[object] (Error(code: 0): Call to a member function getImage() on null at /home/NIX/phpstudent/www/headbang.com/App/views/index.php:68)"} []
[2019-01-28 17:50:17] log_channel.ERROR: Uncaught Exception Error: "Call to a member function getImage() on null" at /home/NIX/phpstudent/www/headbang.com/App/views/index.php line 68 {"exception":"[object] (Error(code: 0): Call to a member function getImage() on null at /home/NIX/phpstudent/www/headbang.com/App/views/index.php:68)"} []
[2019-01-28 17:50:19] log_channel.ERROR: Uncaught Exception Error: "Call to a member function getImage() on null" at /home/NIX/phpstudent/www/headbang.com/App/views/index.php line 68 {"exception":"[object] (Error(code: 0): Call to a member function getImage() on null at /home/NIX/phpstudent/www/headbang.com/App/views/index.php:68)"} []
[2019-01-28 17:50:19] log_channel.ERROR: Uncaught Exception Error: "Call to a member function getImage() on null" at /home/NIX/phpstudent/www/headbang.com/App/views/index.php line 68 {"exception":"[object] (Error(code: 0): Call to a member function getImage() on null at /home/NIX/phpstudent/www/headbang.com/App/views/index.php:68)"} []
[2019-01-28 17:50:20] log_channel.ERROR: Uncaught Exception Error: "Call to a member function getImage() on null" at /home/NIX/phpstudent/www/headbang.com/App/views/index.php line 68 {"exception":"[object] (Error(code: 0): Call to a member function getImage() on null at /home/NIX/phpstudent/www/headbang.com/App/views/index.php:68)"} []
[2019-01-28 17:50:20] log_channel.ERROR: Uncaught Exception Error: "Call to a member function getImage() on null" at /home/NIX/phpstudent/www/headbang.com/App/views/index.php line 68 {"exception":"[object] (Error(code: 0): Call to a member function getImage() on null at /home/NIX/phpstudent/www/headbang.com/App/views/index.php:68)"} []
[2019-01-28 17:50:21] log_channel.ERROR: Uncaught Exception Error: "Call to a member function getImage() on null" at /home/NIX/phpstudent/www/headbang.com/App/views/index.php line 68 {"exception":"[object] (Error(code: 0): Call to a member function getImage() on null at /home/NIX/phpstudent/www/headbang.com/App/views/index.php:68)"} []
[2019-01-28 17:50:21] log_channel.ERROR: Uncaught Exception Error: "Call to a member function getImage() on null" at /home/NIX/phpstudent/www/headbang.com/App/views/index.php line 68 {"exception":"[object] (Error(code: 0): Call to a member function getImage() on null at /home/NIX/phpstudent/www/headbang.com/App/views/index.php:68)"} []
[2019-01-28 17:50:22] log_channel.ERROR: Uncaught Exception Error: "Call to a member function getImage() on null" at /home/NIX/phpstudent/www/headbang.com/App/views/index.php line 68 {"exception":"[object] (Error(code: 0): Call to a member function getImage() on null at /home/NIX/phpstudent/www/headbang.com/App/views/index.php:68)"} []
[2019-01-28 17:50:22] log_channel.ERROR: Uncaught Exception Error: "Call to a member function getImage() on null" at /home/NIX/phpstudent/www/headbang.com/App/views/index.php line 68 {"exception":"[object] (Error(code: 0): Call to a member function getImage() on null at /home/NIX/phpstudent/www/headbang.com/App/views/index.php:68)"} []
[2019-01-28 17:50:39] log_channel.ERROR: Uncaught Exception Error: "Call to a member function getImage() on null" at /home/NIX/phpstudent/www/headbang.com/App/views/index.php line 68 {"exception":"[object] (Error(code: 0): Call to a member function getImage() on null at /home/NIX/phpstudent/www/headbang.com/App/views/index.php:68)"} []
[2019-01-28 17:50:39] log_channel.ERROR: Uncaught Exception Error: "Call to a member function getImage() on null" at /home/NIX/phpstudent/www/headbang.com/App/views/index.php line 68 {"exception":"[object] (Error(code: 0): Call to a member function getImage() on null at /home/NIX/phpstudent/www/headbang.com/App/views/index.php:68)"} []
[2019-01-28 17:52:59] log_channel.ERROR: Uncaught Exception Error: "Call to a member function getImage() on null" at /home/NIX/phpstudent/www/headbang.com/App/views/index.php line 68 {"exception":"[object] (Error(code: 0): Call to a member function getImage() on null at /home/NIX/phpstudent/www/headbang.com/App/views/index.php:68)"} []
[2019-01-28 17:52:59] log_channel.ERROR: Uncaught Exception Error: "Call to a member function getImage() on null" at /home/NIX/phpstudent/www/headbang.com/App/views/index.php line 68 {"exception":"[object] (Error(code: 0): Call to a member function getImage() on null at /home/NIX/phpstudent/www/headbang.com/App/views/index.php:68)"} []
[2019-01-28 17:53:11] log_channel.ERROR: Uncaught Exception Error: "Call to a member function getImage() on null" at /home/NIX/phpstudent/www/headbang.com/App/views/index.php line 68 {"exception":"[object] (Error(code: 0): Call to a member function getImage() on null at /home/NIX/phpstudent/www/headbang.com/App/views/index.php:68)"} []
[2019-01-28 17:53:11] log_channel.ERROR: Uncaught Exception Error: "Call to a member function getImage() on null" at /home/NIX/phpstudent/www/headbang.com/App/views/index.php line 68 {"exception":"[object] (Error(code: 0): Call to a member function getImage() on null at /home/NIX/phpstudent/www/headbang.com/App/views/index.php:68)"} []
[2019-01-28 17:53:51] log_channel.ERROR: Uncaught Exception Error: "Call to a member function getImage() on null" at /home/NIX/phpstudent/www/headbang.com/App/views/index.php line 68 {"exception":"[object] (Error(code: 0): Call to a member function getImage() on null at /home/NIX/phpstudent/www/headbang.com/App/views/index.php:68)"} []
[2019-01-28 17:53:51] log_channel.ERROR: Uncaught Exception Error: "Call to a member function getImage() on null" at /home/NIX/phpstudent/www/headbang.com/App/views/index.php line 68 {"exception":"[object] (Error(code: 0): Call to a member function getImage() on null at /home/NIX/phpstudent/www/headbang.com/App/views/index.php:68)"} []
[2019-01-28 17:53:54] log_channel.ERROR: Uncaught Exception Error: "Call to a member function getImage() on null" at /home/NIX/phpstudent/www/headbang.com/App/views/index.php line 68 {"exception":"[object] (Error(code: 0): Call to a member function getImage() on null at /home/NIX/phpstudent/www/headbang.com/App/views/index.php:68)"} []
[2019-01-28 17:53:54] log_channel.ERROR: Uncaught Exception Error: "Call to a member function getImage() on null" at /home/NIX/phpstudent/www/headbang.com/App/views/index.php line 68 {"exception":"[object] (Error(code: 0): Call to a member function getImage() on null at /home/NIX/phpstudent/www/headbang.com/App/views/index.php:68)"} []
[2019-01-28 18:02:32] log_channel.ERROR: Uncaught Exception Error: "Call to a member function getImage() on null" at /home/NIX/phpstudent/www/headbang.com/App/views/index.php line 68 {"exception":"[object] (Error(code: 0): Call to a member function getImage() on null at /home/NIX/phpstudent/www/headbang.com/App/views/index.php:68)"} []
[2019-01-28 18:02:32] log_channel.ERROR: Uncaught Exception Error: "Call to a member function getImage() on null" at /home/NIX/phpstudent/www/headbang.com/App/views/index.php line 68 {"exception":"[object] (Error(code: 0): Call to a member function getImage() on null at /home/NIX/phpstudent/www/headbang.com/App/views/index.php:68)"} []
[2019-01-29 15:07:00] log_channel.WARNING: E_WARNING: extract() expects parameter 1 to be array, null given {"code":2,"message":"extract() expects parameter 1 to be array, null given","file":"C:\\OSPanel\\domains\\nixapp\\Framework\\Controller.php","line":14} []
[2019-01-29 15:07:08] log_channel.ERROR: Uncaught Exception Error: "Class 'Validators\UserValidator' not found" at C:\OSPanel\domains\nixapp\App\models\User.php line 178 {"exception":"[object] (Error(code: 0): Class 'Validators\\UserValidator' not found at C:\\OSPanel\\domains\\nixapp\\App\\models\\User.php:178)"} []
[2019-01-29 15:07:08] log_channel.ERROR: Uncaught Exception Error: "Class 'Validators\UserValidator' not found" at C:\OSPanel\domains\nixapp\App\models\User.php line 178 {"exception":"[object] (Error(code: 0): Class 'Validators\\UserValidator' not found at C:\\OSPanel\\domains\\nixapp\\App\\models\\User.php:178)"} []
[2019-01-29 15:07:10] log_channel.ERROR: Uncaught Exception Error: "Class 'Validators\UserValidator' not found" at C:\OSPanel\domains\nixapp\App\models\User.php line 178 {"exception":"[object] (Error(code: 0): Class 'Validators\\UserValidator' not found at C:\\OSPanel\\domains\\nixapp\\App\\models\\User.php:178)"} []
[2019-01-29 15:07:10] log_channel.ERROR: Uncaught Exception Error: "Class 'Validators\UserValidator' not found" at C:\OSPanel\domains\nixapp\App\models\User.php line 178 {"exception":"[object] (Error(code: 0): Class 'Validators\\UserValidator' not found at C:\\OSPanel\\domains\\nixapp\\App\\models\\User.php:178)"} []
[2019-01-29 15:07:22] log_channel.WARNING: E_WARNING: extract() expects parameter 1 to be array, null given {"code":2,"message":"extract() expects parameter 1 to be array, null given","file":"C:\\OSPanel\\domains\\nixapp\\Framework\\Controller.php","line":14} []
[2019-01-29 15:07:41] log_channel.ERROR: Uncaught Exception Error: "Class 'Validators\UserValidator' not found" at C:\OSPanel\domains\nixapp\App\models\User.php line 178 {"exception":"[object] (Error(code: 0): Class 'Validators\\UserValidator' not found at C:\\OSPanel\\domains\\nixapp\\App\\models\\User.php:178)"} []
[2019-01-29 15:07:41] log_channel.ERROR: Uncaught Exception Error: "Class 'Validators\UserValidator' not found" at C:\OSPanel\domains\nixapp\App\models\User.php line 178 {"exception":"[object] (Error(code: 0): Class 'Validators\\UserValidator' not found at C:\\OSPanel\\domains\\nixapp\\App\\models\\User.php:178)"} []
[2019-01-29 15:07:52] log_channel.ERROR: Uncaught Exception Error: "Class 'Validators\UserValidator' not found" at C:\OSPanel\domains\nixapp\App\models\User.php line 178 {"exception":"[object] (Error(code: 0): Class 'Validators\\UserValidator' not found at C:\\OSPanel\\domains\\nixapp\\App\\models\\User.php:178)"} []
[2019-01-29 15:07:52] log_channel.ERROR: Uncaught Exception Error: "Class 'Validators\UserValidator' not found" at C:\OSPanel\domains\nixapp\App\models\User.php line 178 {"exception":"[object] (Error(code: 0): Class 'Validators\\UserValidator' not found at C:\\OSPanel\\domains\\nixapp\\App\\models\\User.php:178)"} []
[2019-01-29 15:09:32] log_channel.ERROR: Uncaught Exception Error: "Class 'Validators\UserValidator' not found" at C:\OSPanel\domains\nixapp\App\models\User.php line 178 {"exception":"[object] (Error(code: 0): Class 'Validators\\UserValidator' not found at C:\\OSPanel\\domains\\nixapp\\App\\models\\User.php:178)"} []
[2019-01-29 15:09:32] log_channel.ERROR: Uncaught Exception Error: "Class 'Validators\UserValidator' not found" at C:\OSPanel\domains\nixapp\App\models\User.php line 178 {"exception":"[object] (Error(code: 0): Class 'Validators\\UserValidator' not found at C:\\OSPanel\\domains\\nixapp\\App\\models\\User.php:178)"} []
[2019-01-29 15:10:14] log_channel.WARNING: E_WARNING: extract() expects parameter 1 to be array, null given {"code":2,"message":"extract() expects parameter 1 to be array, null given","file":"C:\\OSPanel\\domains\\nixapp\\Framework\\Controller.php","line":14} []
[2019-01-29 15:10:17] log_channel.ERROR: Uncaught Exception Error: "Class 'Validators\UserValidator' not found" at C:\OSPanel\domains\nixapp\App\models\User.php line 178 {"exception":"[object] (Error(code: 0): Class 'Validators\\UserValidator' not found at C:\\OSPanel\\domains\\nixapp\\App\\models\\User.php:178)"} []
[2019-01-29 15:10:17] log_channel.ERROR: Uncaught Exception Error: "Class 'Validators\UserValidator' not found" at C:\OSPanel\domains\nixapp\App\models\User.php line 178 {"exception":"[object] (Error(code: 0): Class 'Validators\\UserValidator' not found at C:\\OSPanel\\domains\\nixapp\\App\\models\\User.php:178)"} []
[2019-01-29 15:10:19] log_channel.ERROR: Uncaught Exception Error: "Class 'Validators\UserValidator' not found" at C:\OSPanel\domains\nixapp\App\models\User.php line 178 {"exception":"[object] (Error(code: 0): Class 'Validators\\UserValidator' not found at C:\\OSPanel\\domains\\nixapp\\App\\models\\User.php:178)"} []
[2019-01-29 15:10:19] log_channel.ERROR: Uncaught Exception Error: "Class 'Validators\UserValidator' not found" at C:\OSPanel\domains\nixapp\App\models\User.php line 178 {"exception":"[object] (Error(code: 0): Class 'Validators\\UserValidator' not found at C:\\OSPanel\\domains\\nixapp\\App\\models\\User.php:178)"} []
[2019-01-29 15:10:31] log_channel.WARNING: E_WARNING: extract() expects parameter 1 to be array, null given {"code":2,"message":"extract() expects parameter 1 to be array, null given","file":"C:\\OSPanel\\domains\\nixapp\\Framework\\Controller.php","line":14} []
[2019-01-29 15:10:34] log_channel.ERROR: Uncaught Exception Error: "Class 'Validators\UserValidator' not found" at C:\OSPanel\domains\nixapp\App\models\User.php line 178 {"exception":"[object] (Error(code: 0): Class 'Validators\\UserValidator' not found at C:\\OSPanel\\domains\\nixapp\\App\\models\\User.php:178)"} []
[2019-01-29 15:10:34] log_channel.ERROR: Uncaught Exception Error: "Class 'Validators\UserValidator' not found" at C:\OSPanel\domains\nixapp\App\models\User.php line 178 {"exception":"[object] (Error(code: 0): Class 'Validators\\UserValidator' not found at C:\\OSPanel\\domains\\nixapp\\App\\models\\User.php:178)"} []
[2019-01-29 15:10:49] log_channel.ERROR: Uncaught Exception Error: "Class 'Validators\UserValidator' not found" at C:\OSPanel\domains\nixapp\App\models\User.php line 178 {"exception":"[object] (Error(code: 0): Class 'Validators\\UserValidator' not found at C:\\OSPanel\\domains\\nixapp\\App\\models\\User.php:178)"} []
[2019-01-29 15:10:49] log_channel.ERROR: Uncaught Exception Error: "Class 'Validators\UserValidator' not found" at C:\OSPanel\domains\nixapp\App\models\User.php line 178 {"exception":"[object] (Error(code: 0): Class 'Validators\\UserValidator' not found at C:\\OSPanel\\domains\\nixapp\\App\\models\\User.php:178)"} []
[2019-01-29 15:11:02] log_channel.WARNING: E_WARNING: extract() expects parameter 1 to be array, null given {"code":2,"message":"extract() expects parameter 1 to be array, null given","file":"C:\\OSPanel\\domains\\nixapp\\Framework\\Controller.php","line":14} []
[2019-01-29 15:11:06] log_channel.ERROR: Uncaught Exception Error: "Class 'Validators\UserValidator' not found" at C:\OSPanel\domains\nixapp\App\models\User.php line 178 {"exception":"[object] (Error(code: 0): Class 'Validators\\UserValidator' not found at C:\\OSPanel\\domains\\nixapp\\App\\models\\User.php:178)"} []
[2019-01-29 15:11:06] log_channel.ERROR: Uncaught Exception Error: "Class 'Validators\UserValidator' not found" at C:\OSPanel\domains\nixapp\App\models\User.php line 178 {"exception":"[object] (Error(code: 0): Class 'Validators\\UserValidator' not found at C:\\OSPanel\\domains\\nixapp\\App\\models\\User.php:178)"} []
[2019-01-29 15:11:08] log_channel.ERROR: Uncaught Exception Error: "Class 'Validators\UserValidator' not found" at C:\OSPanel\domains\nixapp\App\models\User.php line 178 {"exception":"[object] (Error(code: 0): Class 'Validators\\UserValidator' not found at C:\\OSPanel\\domains\\nixapp\\App\\models\\User.php:178)"} []
[2019-01-29 15:11:08] log_channel.ERROR: Uncaught Exception Error: "Class 'Validators\UserValidator' not found" at C:\OSPanel\domains\nixapp\App\models\User.php line 178 {"exception":"[object] (Error(code: 0): Class 'Validators\\UserValidator' not found at C:\\OSPanel\\domains\\nixapp\\App\\models\\User.php:178)"} []
[2019-01-29 15:11:08] log_channel.WARNING: E_WARNING: extract() expects parameter 1 to be array, null given {"code":2,"message":"extract() expects parameter 1 to be array, null given","file":"C:\\OSPanel\\domains\\nixapp\\Framework\\Controller.php","line":14} []
[2019-01-29 15:11:10] log_channel.ERROR: Uncaught Exception Error: "Class 'Validators\UserValidator' not found" at C:\OSPanel\domains\nixapp\App\models\User.php line 160 {"exception":"[object] (Error(code: 0): Class 'Validators\\UserValidator' not found at C:\\OSPanel\\domains\\nixapp\\App\\models\\User.php:160)"} []
[2019-01-29 15:11:10] log_channel.ERROR: Uncaught Exception Error: "Class 'Validators\UserValidator' not found" at C:\OSPanel\domains\nixapp\App\models\User.php line 160 {"exception":"[object] (Error(code: 0): Class 'Validators\\UserValidator' not found at C:\\OSPanel\\domains\\nixapp\\App\\models\\User.php:160)"} []
[2019-01-29 15:11:11] log_channel.ERROR: Uncaught Exception Error: "Class 'Validators\UserValidator' not found" at C:\OSPanel\domains\nixapp\App\models\User.php line 160 {"exception":"[object] (Error(code: 0): Class 'Validators\\UserValidator' not found at C:\\OSPanel\\domains\\nixapp\\App\\models\\User.php:160)"} []
[2019-01-29 15:11:11] log_channel.ERROR: Uncaught Exception Error: "Class 'Validators\UserValidator' not found" at C:\OSPanel\domains\nixapp\App\models\User.php line 160 {"exception":"[object] (Error(code: 0): Class 'Validators\\UserValidator' not found at C:\\OSPanel\\domains\\nixapp\\App\\models\\User.php:160)"} []
[2019-01-29 15:11:11] log_channel.ERROR: Uncaught Exception Error: "Class 'Validators\UserValidator' not found" at C:\OSPanel\domains\nixapp\App\models\User.php line 160 {"exception":"[object] (Error(code: 0): Class 'Validators\\UserValidator' not found at C:\\OSPanel\\domains\\nixapp\\App\\models\\User.php:160)"} []
[2019-01-29 15:11:11] log_channel.ERROR: Uncaught Exception Error: "Class 'Validators\UserValidator' not found" at C:\OSPanel\domains\nixapp\App\models\User.php line 160 {"exception":"[object] (Error(code: 0): Class 'Validators\\UserValidator' not found at C:\\OSPanel\\domains\\nixapp\\App\\models\\User.php:160)"} []
[2019-01-29 15:11:11] log_channel.ERROR: Uncaught Exception Error: "Class 'Validators\UserValidator' not found" at C:\OSPanel\domains\nixapp\App\models\User.php line 160 {"exception":"[object] (Error(code: 0): Class 'Validators\\UserValidator' not found at C:\\OSPanel\\domains\\nixapp\\App\\models\\User.php:160)"} []
[2019-01-29 15:11:11] log_channel.ERROR: Uncaught Exception Error: "Class 'Validators\UserValidator' not found" at C:\OSPanel\domains\nixapp\App\models\User.php line 160 {"exception":"[object] (Error(code: 0): Class 'Validators\\UserValidator' not found at C:\\OSPanel\\domains\\nixapp\\App\\models\\User.php:160)"} []
[2019-01-29 15:12:00] log_channel.WARNING: E_WARNING: extract() expects parameter 1 to be array, null given {"code":2,"message":"extract() expects parameter 1 to be array, null given","file":"C:\\OSPanel\\domains\\nixapp\\Framework\\Controller.php","line":14} []
[2019-01-29 15:15:18] log_channel.ERROR: Uncaught Exception Error: "Class 'Validators\UserValidator' not found" at C:\OSPanel\domains\nixapp\App\models\User.php line 160 {"exception":"[object] (Error(code: 0): Class 'Validators\\UserValidator' not found at C:\\OSPanel\\domains\\nixapp\\App\\models\\User.php:160)"} []
[2019-01-29 15:15:18] log_channel.ERROR: Uncaught Exception Error: "Class 'Validators\UserValidator' not found" at C:\OSPanel\domains\nixapp\App\models\User.php line 160 {"exception":"[object] (Error(code: 0): Class 'Validators\\UserValidator' not found at C:\\OSPanel\\domains\\nixapp\\App\\models\\User.php:160)"} []
[2019-01-29 15:15:46] log_channel.WARNING: E_WARNING: extract() expects parameter 1 to be array, null given {"code":2,"message":"extract() expects parameter 1 to be array, null given","file":"C:\\OSPanel\\domains\\nixapp\\Framework\\Controller.php","line":14} []
[2019-01-29 15:15:59] log_channel.WARNING: E_WARNING: extract() expects parameter 1 to be array, null given {"code":2,"message":"extract() expects parameter 1 to be array, null given","file":"C:\\OSPanel\\domains\\nixapp\\Framework\\Controller.php","line":14} []
[2019-01-29 15:16:05] log_channel.ERROR: Uncaught Exception Error: "Class 'Validators\UserValidator' not found" at C:\OSPanel\domains\nixapp\App\models\User.php line 160 {"exception":"[object] (Error(code: 0): Class 'Validators\\UserValidator' not found at C:\\OSPanel\\domains\\nixapp\\App\\models\\User.php:160)"} []
[2019-01-29 15:16:05] log_channel.ERROR: Uncaught Exception Error: "Class 'Validators\UserValidator' not found" at C:\OSPanel\domains\nixapp\App\models\User.php line 160 {"exception":"[object] (Error(code: 0): Class 'Validators\\UserValidator' not found at C:\\OSPanel\\domains\\nixapp\\App\\models\\User.php:160)"} []
[2019-01-29 15:17:50] log_channel.ERROR: Uncaught Exception Error: "Class 'Validators\UserValidator' not found" at C:\OSPanel\domains\nixapp\App\models\User.php line 160 {"exception":"[object] (Error(code: 0): Class 'Validators\\UserValidator' not found at C:\\OSPanel\\domains\\nixapp\\App\\models\\User.php:160)"} []
[2019-01-29 15:17:50] log_channel.ERROR: Uncaught Exception Error: "Class 'Validators\UserValidator' not found" at C:\OSPanel\domains\nixapp\App\models\User.php line 160 {"exception":"[object] (Error(code: 0): Class 'Validators\\UserValidator' not found at C:\\OSPanel\\domains\\nixapp\\App\\models\\User.php:160)"} []
[2019-01-29 15:18:27] log_channel.WARNING: E_WARNING: extract() expects parameter 1 to be array, null given {"code":2,"message":"extract() expects parameter 1 to be array, null given","file":"C:\\OSPanel\\domains\\nixapp\\Framework\\Controller.php","line":14} []
[2019-01-29 15:18:35] log_channel.ERROR: Uncaught Exception Error: "Class 'Validators\UserValidator' not found" at C:\OSPanel\domains\nixapp\App\models\User.php line 160 {"exception":"[object] (Error(code: 0): Class 'Validators\\UserValidator' not found at C:\\OSPanel\\domains\\nixapp\\App\\models\\User.php:160)"} []
[2019-01-29 15:18:35] log_channel.ERROR: Uncaught Exception Error: "Class 'Validators\UserValidator' not found" at C:\OSPanel\domains\nixapp\App\models\User.php line 160 {"exception":"[object] (Error(code: 0): Class 'Validators\\UserValidator' not found at C:\\OSPanel\\domains\\nixapp\\App\\models\\User.php:160)"} []
[2019-01-29 15:18:36] log_channel.ERROR: Uncaught Exception Error: "Class 'Validators\UserValidator' not found" at C:\OSPanel\domains\nixapp\App\models\User.php line 160 {"exception":"[object] (Error(code: 0): Class 'Validators\\UserValidator' not found at C:\\OSPanel\\domains\\nixapp\\App\\models\\User.php:160)"} []
[2019-01-29 15:18:36] log_channel.ERROR: Uncaught Exception Error: "Class 'Validators\UserValidator' not found" at C:\OSPanel\domains\nixapp\App\models\User.php line 160 {"exception":"[object] (Error(code: 0): Class 'Validators\\UserValidator' not found at C:\\OSPanel\\domains\\nixapp\\App\\models\\User.php:160)"} []
[2019-01-29 15:18:36] log_channel.ERROR: Uncaught Exception Error: "Class 'Validators\UserValidator' not found" at C:\OSPanel\domains\nixapp\App\models\User.php line 160 {"exception":"[object] (Error(code: 0): Class 'Validators\\UserValidator' not found at C:\\OSPanel\\domains\\nixapp\\App\\models\\User.php:160)"} []
[2019-01-29 15:18:36] log_channel.ERROR: Uncaught Exception Error: "Class 'Validators\UserValidator' not found" at C:\OSPanel\domains\nixapp\App\models\User.php line 160 {"exception":"[object] (Error(code: 0): Class 'Validators\\UserValidator' not found at C:\\OSPanel\\domains\\nixapp\\App\\models\\User.php:160)"} []
[2019-01-29 15:18:36] log_channel.ERROR: Uncaught Exception Error: "Class 'Validators\UserValidator' not found" at C:\OSPanel\domains\nixapp\App\models\User.php line 160 {"exception":"[object] (Error(code: 0): Class 'Validators\\UserValidator' not found at C:\\OSPanel\\domains\\nixapp\\App\\models\\User.php:160)"} []
[2019-01-29 15:18:36] log_channel.ERROR: Uncaught Exception Error: "Class 'Validators\UserValidator' not found" at C:\OSPanel\domains\nixapp\App\models\User.php line 160 {"exception":"[object] (Error(code: 0): Class 'Validators\\UserValidator' not found at C:\\OSPanel\\domains\\nixapp\\App\\models\\User.php:160)"} []
[2019-01-29 15:18:36] log_channel.ERROR: Uncaught Exception Error: "Class 'Validators\UserValidator' not found" at C:\OSPanel\domains\nixapp\App\models\User.php line 160 {"exception":"[object] (Error(code: 0): Class 'Validators\\UserValidator' not found at C:\\OSPanel\\domains\\nixapp\\App\\models\\User.php:160)"} []
[2019-01-29 15:18:36] log_channel.ERROR: Uncaught Exception Error: "Class 'Validators\UserValidator' not found" at C:\OSPanel\domains\nixapp\App\models\User.php line 160 {"exception":"[object] (Error(code: 0): Class 'Validators\\UserValidator' not found at C:\\OSPanel\\domains\\nixapp\\App\\models\\User.php:160)"} []
[2019-01-29 15:18:37] log_channel.ERROR: Uncaught Exception Error: "Class 'Validators\UserValidator' not found" at C:\OSPanel\domains\nixapp\App\models\User.php line 160 {"exception":"[object] (Error(code: 0): Class 'Validators\\UserValidator' not found at C:\\OSPanel\\domains\\nixapp\\App\\models\\User.php:160)"} []
[2019-01-29 15:18:37] log_channel.ERROR: Uncaught Exception Error: "Class 'Validators\UserValidator' not found" at C:\OSPanel\domains\nixapp\App\models\User.php line 160 {"exception":"[object] (Error(code: 0): Class 'Validators\\UserValidator' not found at C:\\OSPanel\\domains\\nixapp\\App\\models\\User.php:160)"} []
[2019-01-29 15:18:37] log_channel.ERROR: Uncaught Exception Error: "Class 'Validators\UserValidator' not found" at C:\OSPanel\domains\nixapp\App\models\User.php line 160 {"exception":"[object] (Error(code: 0): Class 'Validators\\UserValidator' not found at C:\\OSPanel\\domains\\nixapp\\App\\models\\User.php:160)"} []
[2019-01-29 15:18:37] log_channel.ERROR: Uncaught Exception Error: "Class 'Validators\UserValidator' not found" at C:\OSPanel\domains\nixapp\App\models\User.php line 160 {"exception":"[object] (Error(code: 0): Class 'Validators\\UserValidator' not found at C:\\OSPanel\\domains\\nixapp\\App\\models\\User.php:160)"} []
[2019-01-29 15:18:37] log_channel.ERROR: Uncaught Exception Error: "Class 'Validators\UserValidator' not found" at C:\OSPanel\domains\nixapp\App\models\User.php line 160 {"exception":"[object] (Error(code: 0): Class 'Validators\\UserValidator' not found at C:\\OSPanel\\domains\\nixapp\\App\\models\\User.php:160)"} []
[2019-01-29 15:18:37] log_channel.ERROR: Uncaught Exception Error: "Class 'Validators\UserValidator' not found" at C:\OSPanel\domains\nixapp\App\models\User.php line 160 {"exception":"[object] (Error(code: 0): Class 'Validators\\UserValidator' not found at C:\\OSPanel\\domains\\nixapp\\App\\models\\User.php:160)"} []
[2019-01-29 15:18:37] log_channel.ERROR: Uncaught Exception Error: "Class 'Validators\UserValidator' not found" at C:\OSPanel\domains\nixapp\App\models\User.php line 160 {"exception":"[object] (Error(code: 0): Class 'Validators\\UserValidator' not found at C:\\OSPanel\\domains\\nixapp\\App\\models\\User.php:160)"} []
[2019-01-29 15:18:37] log_channel.ERROR: Uncaught Exception Error: "Class 'Validators\UserValidator' not found" at C:\OSPanel\domains\nixapp\App\models\User.php line 160 {"exception":"[object] (Error(code: 0): Class 'Validators\\UserValidator' not found at C:\\OSPanel\\domains\\nixapp\\App\\models\\User.php:160)"} []
[2019-01-29 15:18:37] log_channel.ERROR: Uncaught Exception Error: "Class 'Validators\UserValidator' not found" at C:\OSPanel\domains\nixapp\App\models\User.php line 160 {"exception":"[object] (Error(code: 0): Class 'Validators\\UserValidator' not found at C:\\OSPanel\\domains\\nixapp\\App\\models\\User.php:160)"} []
[2019-01-29 15:18:37] log_channel.ERROR: Uncaught Exception Error: "Class 'Validators\UserValidator' not found" at C:\OSPanel\domains\nixapp\App\models\User.php line 160 {"exception":"[object] (Error(code: 0): Class 'Validators\\UserValidator' not found at C:\\OSPanel\\domains\\nixapp\\App\\models\\User.php:160)"} []
[2019-01-29 15:18:37] log_channel.ERROR: Uncaught Exception Error: "Class 'Validators\UserValidator' not found" at C:\OSPanel\domains\nixapp\App\models\User.php line 160 {"exception":"[object] (Error(code: 0): Class 'Validators\\UserValidator' not found at C:\\OSPanel\\domains\\nixapp\\App\\models\\User.php:160)"} []
[2019-01-29 15:18:37] log_channel.ERROR: Uncaught Exception Error: "Class 'Validators\UserValidator' not found" at C:\OSPanel\domains\nixapp\App\models\User.php line 160 {"exception":"[object] (Error(code: 0): Class 'Validators\\UserValidator' not found at C:\\OSPanel\\domains\\nixapp\\App\\models\\User.php:160)"} []
[2019-01-29 15:18:38] log_channel.ERROR: Uncaught Exception Error: "Class 'Validators\UserValidator' not found" at C:\OSPanel\domains\nixapp\App\models\User.php line 160 {"exception":"[object] (Error(code: 0): Class 'Validators\\UserValidator' not found at C:\\OSPanel\\domains\\nixapp\\App\\models\\User.php:160)"} []
[2019-01-29 15:18:38] log_channel.ERROR: Uncaught Exception Error: "Class 'Validators\UserValidator' not found" at C:\OSPanel\domains\nixapp\App\models\User.php line 160 {"exception":"[object] (Error(code: 0): Class 'Validators\\UserValidator' not found at C:\\OSPanel\\domains\\nixapp\\App\\models\\User.php:160)"} []
[2019-01-29 15:18:38] log_channel.ERROR: Uncaught Exception Error: "Class 'Validators\UserValidator' not found" at C:\OSPanel\domains\nixapp\App\models\User.php line 160 {"exception":"[object] (Error(code: 0): Class 'Validators\\UserValidator' not found at C:\\OSPanel\\domains\\nixapp\\App\\models\\User.php:160)"} []
[2019-01-29 15:18:38] log_channel.ERROR: Uncaught Exception Error: "Class 'Validators\UserValidator' not found" at C:\OSPanel\domains\nixapp\App\models\User.php line 160 {"exception":"[object] (Error(code: 0): Class 'Validators\\UserValidator' not found at C:\\OSPanel\\domains\\nixapp\\App\\models\\User.php:160)"} []
[2019-01-29 15:18:38] log_channel.ERROR: Uncaught Exception Error: "Class 'Validators\UserValidator' not found" at C:\OSPanel\domains\nixapp\App\models\User.php line 160 {"exception":"[object] (Error(code: 0): Class 'Validators\\UserValidator' not found at C:\\OSPanel\\domains\\nixapp\\App\\models\\User.php:160)"} []
[2019-01-29 15:18:38] log_channel.ERROR: Uncaught Exception Error: "Class 'Validators\UserValidator' not found" at C:\OSPanel\domains\nixapp\App\models\User.php line 160 {"exception":"[object] (Error(code: 0): Class 'Validators\\UserValidator' not found at C:\\OSPanel\\domains\\nixapp\\App\\models\\User.php:160)"} []
[2019-01-29 15:18:38] log_channel.ERROR: Uncaught Exception Error: "Class 'Validators\UserValidator' not found" at C:\OSPanel\domains\nixapp\App\models\User.php line 160 {"exception":"[object] (Error(code: 0): Class 'Validators\\UserValidator' not found at C:\\OSPanel\\domains\\nixapp\\App\\models\\User.php:160)"} []
[2019-01-29 15:18:38] log_channel.ERROR: Uncaught Exception Error: "Class 'Validators\UserValidator' not found" at C:\OSPanel\domains\nixapp\App\models\User.php line 160 {"exception":"[object] (Error(code: 0): Class 'Validators\\UserValidator' not found at C:\\OSPanel\\domains\\nixapp\\App\\models\\User.php:160)"} []
[2019-01-29 15:18:39] log_channel.ERROR: Uncaught Exception Error: "Class 'Validators\UserValidator' not found" at C:\OSPanel\domains\nixapp\App\models\User.php line 160 {"exception":"[object] (Error(code: 0): Class 'Validators\\UserValidator' not found at C:\\OSPanel\\domains\\nixapp\\App\\models\\User.php:160)"} []
[2019-01-29 15:18:39] log_channel.ERROR: Uncaught Exception Error: "Class 'Validators\UserValidator' not found" at C:\OSPanel\domains\nixapp\App\models\User.php line 160 {"exception":"[object] (Error(code: 0): Class 'Validators\\UserValidator' not found at C:\\OSPanel\\domains\\nixapp\\App\\models\\User.php:160)"} []
[2019-01-29 15:18:39] log_channel.ERROR: Uncaught Exception Error: "Class 'Validators\UserValidator' not found" at C:\OSPanel\domains\nixapp\App\models\User.php line 160 {"exception":"[object] (Error(code: 0): Class 'Validators\\UserValidator' not found at C:\\OSPanel\\domains\\nixapp\\App\\models\\User.php:160)"} []
[2019-01-29 15:18:39] log_channel.ERROR: Uncaught Exception Error: "Class 'Validators\UserValidator' not found" at C:\OSPanel\domains\nixapp\App\models\User.php line 160 {"exception":"[object] (Error(code: 0): Class 'Validators\\UserValidator' not found at C:\\OSPanel\\domains\\nixapp\\App\\models\\User.php:160)"} []
[2019-01-29 15:18:39] log_channel.ERROR: Uncaught Exception Error: "Class 'Validators\UserValidator' not found" at C:\OSPanel\domains\nixapp\App\models\User.php line 160 {"exception":"[object] (Error(code: 0): Class 'Validators\\UserValidator' not found at C:\\OSPanel\\domains\\nixapp\\App\\models\\User.php:160)"} []
[2019-01-29 15:18:39] log_channel.ERROR: Uncaught Exception Error: "Class 'Validators\UserValidator' not found" at C:\OSPanel\domains\nixapp\App\models\User.php line 160 {"exception":"[object] (Error(code: 0): Class 'Validators\\UserValidator' not found at C:\\OSPanel\\domains\\nixapp\\App\\models\\User.php:160)"} []
[2019-01-29 15:18:39] log_channel.ERROR: Uncaught Exception Error: "Class 'Validators\UserValidator' not found" at C:\OSPanel\domains\nixapp\App\models\User.php line 160 {"exception":"[object] (Error(code: 0): Class 'Validators\\UserValidator' not found at C:\\OSPanel\\domains\\nixapp\\App\\models\\User.php:160)"} []
[2019-01-29 15:18:39] log_channel.ERROR: Uncaught Exception Error: "Class 'Validators\UserValidator' not found" at C:\OSPanel\domains\nixapp\App\models\User.php line 160 {"exception":"[object] (Error(code: 0): Class 'Validators\\UserValidator' not found at C:\\OSPanel\\domains\\nixapp\\App\\models\\User.php:160)"} []
[2019-01-29 15:18:41] log_channel.WARNING: E_WARNING: extract() expects parameter 1 to be array, null given {"code":2,"message":"extract() expects parameter 1 to be array, null given","file":"C:\\OSPanel\\domains\\nixapp\\Framework\\Controller.php","line":14} []
[2019-01-29 15:19:04] log_channel.WARNING: E_WARNING: extract() expects parameter 1 to be array, null given {"code":2,"message":"extract() expects parameter 1 to be array, null given","file":"C:\\OSPanel\\domains\\nixapp\\Framework\\Controller.php","line":14} []
[2019-01-29 15:19:08] log_channel.ERROR: Uncaught Exception Error: "Class 'Validators\UserValidator' not found" at C:\OSPanel\domains\nixapp\App\models\User.php line 178 {"exception":"[object] (Error(code: 0): Class 'Validators\\UserValidator' not found at C:\\OSPanel\\domains\\nixapp\\App\\models\\User.php:178)"} []
[2019-01-29 15:19:08] log_channel.ERROR: Uncaught Exception Error: "Class 'Validators\UserValidator' not found" at C:\OSPanel\domains\nixapp\App\models\User.php line 178 {"exception":"[object] (Error(code: 0): Class 'Validators\\UserValidator' not found at C:\\OSPanel\\domains\\nixapp\\App\\models\\User.php:178)"} []
[2019-01-29 15:19:09] log_channel.ERROR: Uncaught Exception Error: "Class 'Validators\UserValidator' not found" at C:\OSPanel\domains\nixapp\App\models\User.php line 178 {"exception":"[object] (Error(code: 0): Class 'Validators\\UserValidator' not found at C:\\OSPanel\\domains\\nixapp\\App\\models\\User.php:178)"} []
[2019-01-29 15:19:09] log_channel.ERROR: Uncaught Exception Error: "Class 'Validators\UserValidator' not found" at C:\OSPanel\domains\nixapp\App\models\User.php line 178 {"exception":"[object] (Error(code: 0): Class 'Validators\\UserValidator' not found at C:\\OSPanel\\domains\\nixapp\\App\\models\\User.php:178)"} []
[2019-01-29 15:19:09] log_channel.ERROR: Uncaught Exception Error: "Class 'Validators\UserValidator' not found" at C:\OSPanel\domains\nixapp\App\models\User.php line 178 {"exception":"[object] (Error(code: 0): Class 'Validators\\UserValidator' not found at C:\\OSPanel\\domains\\nixapp\\App\\models\\User.php:178)"} []
[2019-01-29 15:19:09] log_channel.ERROR: Uncaught Exception Error: "Class 'Validators\UserValidator' not found" at C:\OSPanel\domains\nixapp\App\models\User.php line 178 {"exception":"[object] (Error(code: 0): Class 'Validators\\UserValidator' not found at C:\\OSPanel\\domains\\nixapp\\App\\models\\User.php:178)"} []
[2019-01-29 15:19:09] log_channel.ERROR: Uncaught Exception Error: "Class 'Validators\UserValidator' not found" at C:\OSPanel\domains\nixapp\App\models\User.php line 178 {"exception":"[object] (Error(code: 0): Class 'Validators\\UserValidator' not found at C:\\OSPanel\\domains\\nixapp\\App\\models\\User.php:178)"} []
[2019-01-29 15:19:09] log_channel.ERROR: Uncaught Exception Error: "Class 'Validators\UserValidator' not found" at C:\OSPanel\domains\nixapp\App\models\User.php line 178 {"exception":"[object] (Error(code: 0): Class 'Validators\\UserValidator' not found at C:\\OSPanel\\domains\\nixapp\\App\\models\\User.php:178)"} []
[2019-01-29 15:20:36] log_channel.WARNING: E_WARNING: extract() expects parameter 1 to be array, null given {"code":2,"message":"extract() expects parameter 1 to be array, null given","file":"C:\\OSPanel\\domains\\nixapp\\Framework\\Controller.php","line":14} []
[2019-01-29 15:20:38] log_channel.ERROR: Uncaught Exception Error: "Class 'Validators\UserValidator' not found" at C:\OSPanel\domains\nixapp\App\models\User.php line 178 {"exception":"[object] (Error(code: 0): Class 'Validators\\UserValidator' not found at C:\\OSPanel\\domains\\nixapp\\App\\models\\User.php:178)"} []
[2019-01-29 15:20:38] log_channel.ERROR: Uncaught Exception Error: "Class 'Validators\UserValidator' not found" at C:\OSPanel\domains\nixapp\App\models\User.php line 178 {"exception":"[object] (Error(code: 0): Class 'Validators\\UserValidator' not found at C:\\OSPanel\\domains\\nixapp\\App\\models\\User.php:178)"} []
[2019-01-29 15:20:39] log_channel.ERROR: Uncaught Exception Error: "Class 'Validators\UserValidator' not found" at C:\OSPanel\domains\nixapp\App\models\User.php line 178 {"exception":"[object] (Error(code: 0): Class 'Validators\\UserValidator' not found at C:\\OSPanel\\domains\\nixapp\\App\\models\\User.php:178)"} []
[2019-01-29 15:20:39] log_channel.ERROR: Uncaught Exception Error: "Class 'Validators\UserValidator' not found" at C:\OSPanel\domains\nixapp\App\models\User.php line 178 {"exception":"[object] (Error(code: 0): Class 'Validators\\UserValidator' not found at C:\\OSPanel\\domains\\nixapp\\App\\models\\User.php:178)"} []
[2019-01-29 15:20:39] log_channel.ERROR: Uncaught Exception Error: "Class 'Validators\UserValidator' not found" at C:\OSPanel\domains\nixapp\App\models\User.php line 178 {"exception":"[object] (Error(code: 0): Class 'Validators\\UserValidator' not found at C:\\OSPanel\\domains\\nixapp\\App\\models\\User.php:178)"} []
[2019-01-29 15:20:39] log_channel.ERROR: Uncaught Exception Error: "Class 'Validators\UserValidator' not found" at C:\OSPanel\domains\nixapp\App\models\User.php line 178 {"exception":"[object] (Error(code: 0): Class 'Validators\\UserValidator' not found at C:\\OSPanel\\domains\\nixapp\\App\\models\\User.php:178)"} []
[2019-01-29 15:20:39] log_channel.ERROR: Uncaught Exception Error: "Class 'Validators\UserValidator' not found" at C:\OSPanel\domains\nixapp\App\models\User.php line 178 {"exception":"[object] (Error(code: 0): Class 'Validators\\UserValidator' not found at C:\\OSPanel\\domains\\nixapp\\App\\models\\User.php:178)"} []
[2019-01-29 15:20:39] log_channel.ERROR: Uncaught Exception Error: "Class 'Validators\UserValidator' not found" at C:\OSPanel\domains\nixapp\App\models\User.php line 178 {"exception":"[object] (Error(code: 0): Class 'Validators\\UserValidator' not found at C:\\OSPanel\\domains\\nixapp\\App\\models\\User.php:178)"} []
[2019-01-29 15:21:45] log_channel.WARNING: E_WARNING: extract() expects parameter 1 to be array, null given {"code":2,"message":"extract() expects parameter 1 to be array, null given","file":"C:\\OSPanel\\domains\\nixapp\\Framework\\Controller.php","line":14} []
